#"Progress (%)"	"Step"	"Time (ps)"	"Potential Energy (kJ/mole)"	"Temperature (K)"	"Speed (ns/day)"	"Elapsed Time (s)"	"Time Remaining"
0.2%	100	0.20000000000000015	731.6917724609375	219.44438420520132	0	0.0002639293670654297	--
0.4%	200	0.4000000000000003	769.087890625	233.46646236053067	1.24e+03	0.013994932174682617	0:06
0.6%	300	0.6000000000000004	743.1903686523438	242.72045666111967	1.22e+03	0.028432130813598633	0:07
0.8%	400	0.8000000000000006	818.9844360351562	250.00963732028126	1.24e+03	0.0417790412902832	0:06
1.0%	500	1.0000000000000007	833.9051513671875	254.69181622504044	1.26e+03	0.05493807792663574	0:06
1.2%	600	1.2000000000000008	814.5819702148438	284.882950810078	1.28e+03	0.0673222541809082	0:06
1.4%	700	1.400000000000001	870.4591064453125	266.58242409432285	1.25e+03	0.0827641487121582	0:06
1.6%	800	1.6000000000000012	880.023681640625	272.726647890674	1.25e+03	0.09690713882446289	0:06
1.8%	900	1.8000000000000014	887.0978393554688	283.6152909391937	1.24e+03	0.11177802085876465	0:06
2.0%	1000	2.0000000000000013	884.29345703125	284.3253105770655	1.24e+03	0.1257181167602539	0:06
2.2%	1100	2.1999999999999793	894.1589965820312	297.2496991540009	1.22e+03	0.14130902290344238	0:06
2.4%	1200	2.3999999999999573	890.5286254882812	289.6180949033945	1.24e+03	0.15380096435546875	0:06
2.6%	1300	2.5999999999999353	873.169921875	303.1971980690801	1.25e+03	0.1658802032470703	0:06
2.8%	1400	2.7999999999999132	888.0477294921875	309.178441277302	1.25e+03	0.1795508861541748	0:06
3.0%	1500	2.999999999999891	918.302490234375	300.128307693277	1.25e+03	0.1934070587158203	0:06
3.2%	1600	3.199999999999869	934.2728271484375	299.87466818802125	1.26e+03	0.20656609535217285	0:06
3.4%	1700	3.399999999999847	899.5704956054688	286.77204237119906	1.26e+03	0.2198641300201416	0:06
3.6%	1800	3.599999999999825	931.5704345703125	267.8117163344204	1.26e+03	0.2334301471710205	0:06
3.8%	1900	3.799999999999803	902.3482055664062	279.20159363812735	1.26e+03	0.246962308883667	0:06
4.0%	2000	3.999999999999781	911.8883056640625	272.1117914089579	1.26e+03	0.2604360580444336	0:06
4.2%	2100	4.1999999999997595	862.6630859375	279.430716880875	1.26e+03	0.2737300395965576	0:06
4.4%	2200	4.3999999999997375	878.3403930664062	253.62524906158097	1.26e+03	0.2878561019897461	0:06
4.6%	2300	4.599999999999715	862.5996704101562	274.75851522401484	1.26e+03	0.3019700050354004	0:06
4.8%	2400	4.799999999999693	898.1441650390625	262.86728718749663	1.26e+03	0.31578803062438965	0:06
5.0%	2500	4.999999999999671	952.933837890625	280.96619145597236	1.26e+03	0.329632043838501	0:06
5.2%	2600	5.199999999999649	854.0123291015625	308.54563606826065	1.26e+03	0.34293508529663086	0:06
5.4%	2700	5.399999999999627	831.3057861328125	315.4554832340352	1.26e+03	0.3553121089935303	0:06
5.6%	2800	5.599999999999605	924.3015747070312	271.5928920476346	1.27e+03	0.36786723136901855	0:06
5.8%	2900	5.799999999999583	937.5994873046875	311.0495161711803	1.27e+03	0.38166308403015137	0:06
6.0%	3000	5.999999999999561	900.2496948242188	340.5455802406623	1.27e+03	0.3956122398376465	0:06
6.2%	3100	6.199999999999539	925.27197265625	320.8167834454043	1.27e+03	0.4097011089324951	0:06
6.4%	3200	6.399999999999517	855.827880859375	306.1940049937094	1.26e+03	0.42360806465148926	0:06
6.6%	3300	6.599999999999495	860.0763549804688	312.42173097029047	1.27e+03	0.4367392063140869	0:06
6.8%	3400	6.799999999999473	931.0513916015625	297.8619058875564	1.27e+03	0.45027923583984375	0:06
7.0%	3500	6.999999999999451	938.0503540039062	283.256510808806	1.27e+03	0.46356701850891113	0:06
7.2%	3600	7.199999999999429	937.371337890625	317.75193807564324	1.26e+03	0.48013806343078613	0:06
7.4%	3700	7.399999999999407	958.8668212890625	309.60578371300966	1.26e+03	0.494143009185791	0:06
7.6%	3800	7.599999999999385	898.6512451171875	321.695913803729	1.23e+03	0.5187482833862305	0:06
7.8%	3900	7.799999999999363	964.5557861328125	317.02758886171017	1.24e+03	0.5316390991210938	0:06
8.0%	4000	7.999999999999341	922.9649658203125	333.9479582865484	1.23e+03	0.5460281372070312	0:06
8.2%	4100	8.199999999999408	948.005615234375	299.4649548007868	1.23e+03	0.5601599216461182	0:06
8.4%	4200	8.399999999999475	918.592529296875	290.76848058718156	1.24e+03	0.5736310482025146	0:06
8.6%	4300	8.599999999999541	870.1254272460938	313.9955189803701	1.24e+03	0.5868232250213623	0:06
8.8%	4400	8.799999999999608	892.0555419921875	280.69548558257463	1.24e+03	0.599952220916748	0:06
9.0%	4500	8.999999999999675	934.6288452148438	285.8876492359733	1.24e+03	0.612558126449585	0:06
9.2%	4600	9.199999999999742	954.7073974609375	316.0116860320914	1.24e+03	0.6262030601501465	0:06
9.4%	4700	9.399999999999809	930.7860107421875	306.74295444912184	1.24e+03	0.6389639377593994	0:06
9.6%	4800	9.599999999999875	883.7392578125	355.0258935191104	1.25e+03	0.6513290405273438	0:06
9.8%	4900	9.799999999999942	909.3704223632812	322.78917133309426	1.25e+03	0.665877103805542	0:06
10.0%	5000	10.000000000000009	895.9800415039062	336.9466996803448	1.25e+03	0.678380012512207	0:06
10.2%	5100	10.200000000000076	917.6832275390625	335.109313812318	1.25e+03	0.6913771629333496	0:06
10.4%	5200	10.400000000000142	943.89208984375	313.0753521553077	1.25e+03	0.7054688930511475	0:06
10.6%	5300	10.60000000000021	936.3909301757812	312.7005698370761	1.25e+03	0.7194218635559082	0:06
10.8%	5400	10.800000000000276	899.4427490234375	333.85723645433944	1.25e+03	0.7323009967803955	0:06
11.0%	5500	11.000000000000343	940.5592041015625	321.49345086876355	1.25e+03	0.7465081214904785	0:06
11.2%	5600	11.20000000000041	941.6298828125	308.4829607552434	1.25e+03	0.7603981494903564	0:06
11.4%	5700	11.400000000000476	912.7666015625	350.37313677206663	1.25e+03	0.7749261856079102	0:06
11.6%	5800	11.600000000000543	942.5816650390625	326.22753025119715	1.25e+03	0.7885711193084717	0:06
11.8%	5900	11.80000000000061	929.279541015625	346.28771601445374	1.25e+03	0.8012280464172363	0:06
12.0%	6000	12.000000000000677	943.6387939453125	328.97663799254735	1.25e+03	0.8137552738189697	0:06
12.2%	6100	12.200000000000744	962.7720947265625	344.3337677644663	1.25e+03	0.8268768787384033	0:06
12.4%	6200	12.40000000000081	943.738037109375	325.118101071079	1.26e+03	0.8390121459960938	0:06
12.6%	6300	12.600000000000877	953.9501953125	305.24116319658015	1.26e+03	0.8519220352172852	0:06
12.8%	6400	12.800000000000944	989.590087890625	297.1823788653029	1.26e+03	0.8647632598876953	0:05
13.0%	6500	13.00000000000101	948.58154296875	302.5863470270053	1.26e+03	0.8780851364135742	0:05
13.2%	6600	13.200000000001078	982.657470703125	271.66534287773067	1.26e+03	0.8905541896820068	0:05
13.4%	6700	13.400000000001144	900.0087280273438	302.6321131979305	1.26e+03	0.9043540954589844	0:05
13.6%	6800	13.600000000001211	920.165283203125	290.27909398978164	1.26e+03	0.9176461696624756	0:05
13.8%	6900	13.800000000001278	890.4297485351562	305.0666168130623	1.26e+03	0.9301722049713135	0:05
14.0%	7000	14.000000000001345	883.173583984375	308.3754501018677	1.26e+03	0.9433150291442871	0:05
14.2%	7100	14.200000000001411	898.85107421875	265.35890537211276	1.26e+03	0.95625901222229	0:05
14.4%	7200	14.400000000001478	876.18505859375	287.39145022900505	1.27e+03	0.9698481559753418	0:05
14.6%	7300	14.600000000001545	853.9104614257812	287.0636133939985	1.27e+03	0.9832980632781982	0:05
14.8%	7400	14.800000000001612	839.8055419921875	296.83120001938926	1.27e+03	0.9963059425354004	0:05
15.0%	7500	15.000000000001679	832.656494140625	285.74433962120065	1.27e+03	1.0095040798187256	0:05
15.2%	7600	15.200000000001745	928.2888793945312	256.56140172987904	1.27e+03	1.0222289562225342	0:05
15.4%	7700	15.400000000001812	865.3123168945312	299.95648423981913	1.27e+03	1.0361909866333008	0:05
15.6%	7800	15.600000000001879	950.16357421875	289.3308334755509	1.27e+03	1.0492300987243652	0:05
15.8%	7900	15.800000000001946	878.7838134765625	287.69825885409165	1.27e+03	1.0636379718780518	0:05
16.0%	8000	16.00000000000201	813.7300415039062	305.1630145827075	1.27e+03	1.0779030323028564	0:05
16.2%	8100	16.2000000000019	853.688232421875	272.1046819560154	1.27e+03	1.0911102294921875	0:05
16.4%	8200	16.40000000000179	872.2081298828125	290.4366150737767	1.27e+03	1.1044232845306396	0:05
16.6%	8300	16.60000000000168	882.9798583984375	296.85351647952393	1.27e+03	1.118124008178711	0:05
16.8%	8400	16.800000000001567	895.7383422851562	317.23490800998	1.27e+03	1.1310629844665527	0:05
17.0%	8500	17.000000000001457	939.780517578125	320.85433127541916	1.27e+03	1.1439921855926514	0:05
17.2%	8600	17.200000000001346	917.88134765625	319.5693089582502	1.27e+03	1.157984972000122	0:05
17.4%	8700	17.400000000001235	902.22314453125	317.5137781866765	1.27e+03	1.1720190048217773	0:05
17.6%	8800	17.600000000001124	894.5146484375	338.22215811894483	1.27e+03	1.1860170364379883	0:05
17.8%	8900	17.800000000001013	886.2324829101562	310.6060195861596	1.27e+03	1.2003309726715088	0:05
18.0%	9000	18.000000000000902	892.4386596679688	291.94166150140416	1.27e+03	1.2144560813903809	0:05
18.2%	9100	18.20000000000079	904.5926513671875	302.1935878648723	1.27e+03	1.229367971420288	0:05
18.4%	9200	18.40000000000068	906.5360107421875	301.7716811580614	1.27e+03	1.2419309616088867	0:05
18.6%	9300	18.60000000000057	932.7003173828125	294.5330567820815	1.27e+03	1.2540180683135986	0:05
18.8%	9400	18.80000000000046	876.0541381835938	288.98729097791	1.27e+03	1.266200065612793	0:05
19.0%	9500	19.000000000000348	914.16845703125	268.5964371640949	1.27e+03	1.2786638736724854	0:05
19.2%	9600	19.200000000000237	885.6637573242188	299.8784909340305	1.27e+03	1.2928471565246582	0:05
19.4%	9700	19.400000000000126	848.899169921875	304.154085732978	1.27e+03	1.305109977722168	0:05
19.6%	9800	19.600000000000016	902.8491821289062	315.6917029505389	1.27e+03	1.318160057067871	0:05
19.8%	9900	19.799999999999905	882.8416748046875	328.62188945816064	1.27e+03	1.3307902812957764	0:05
20.0%	10000	19.999999999999794	936.2777099609375	303.09058897763816	1.27e+03	1.3441321849822998	0:05
20.2%	10100	20.199999999999683	885.675537109375	324.87037360173144	1.27e+03	1.3572852611541748	0:05
20.4%	10200	20.399999999999572	879.0856323242188	309.7403923374063	1.27e+03	1.3699121475219727	0:05
20.6%	10300	20.59999999999946	847.921142578125	325.74812609798886	1.27e+03	1.38356614112854	0:05
20.8%	10400	20.79999999999935	867.8486328125	313.4310492024929	1.27e+03	1.3963079452514648	0:05
21.0%	10500	20.99999999999924	885.1976318359375	316.8808107429624	1.28e+03	1.4091808795928955	0:05
21.2%	10600	21.19999999999913	880.1624755859375	324.9385048206086	1.28e+03	1.4230780601501465	0:05
21.4%	10700	21.399999999999018	848.4845581054688	292.51885974674775	1.28e+03	1.4359889030456543	0:05
21.6%	10800	21.599999999998907	869.2391357421875	309.57522744489427	1.28e+03	1.4487390518188477	0:05
21.8%	10900	21.799999999998796	846.0997924804688	310.22480233081455	1.28e+03	1.4612250328063965	0:05
22.0%	11000	21.999999999998685	891.9887084960938	289.6350512950508	1.28e+03	1.4737672805786133	0:05
22.2%	11100	22.199999999998575	882.645751953125	297.2929374457213	1.28e+03	1.4866161346435547	0:05
22.4%	11200	22.399999999998464	861.5252075195312	316.31011932701574	1.28e+03	1.499243974685669	0:05
22.6%	11300	22.599999999998353	899.819580078125	284.7744065714994	1.28e+03	1.5138840675354004	0:05
22.8%	11400	22.799999999998242	894.329833984375	293.0628965906329	1.28e+03	1.5273258686065674	0:05
23.0%	11500	22.99999999999813	874.3447265625	304.2955583489875	1.28e+03	1.5396122932434082	0:05
23.2%	11600	23.19999999999802	855.9356689453125	306.62987051272444	1.28e+03	1.5539162158966064	0:05
23.4%	11700	23.39999999999791	892.4564208984375	275.53242034267845	1.28e+03	1.5665130615234375	0:05
23.6%	11800	23.5999999999978	910.0487060546875	290.33229234090794	1.28e+03	1.5795278549194336	0:05
23.8%	11900	23.799999999997688	929.3041381835938	306.9913625659926	1.28e+03	1.5924370288848877	0:05
24.0%	12000	23.999999999997577	935.2476806640625	290.5986808767412	1.28e+03	1.604727029800415	0:05
24.2%	12100	24.199999999997466	866.923828125	327.1764235335628	1.28e+03	1.618812084197998	0:05
24.4%	12200	24.399999999997355	900.4898071289062	321.4309329213204	1.28e+03	1.631399154663086	0:05
24.6%	12300	24.599999999997245	939.7613525390625	325.8252761157825	1.28e+03	1.6444401741027832	0:05
24.8%	12400	24.799999999997134	893.8731689453125	352.73525865300707	1.28e+03	1.6569819450378418	0:05
25.0%	12500	24.999999999997023	906.3445434570312	335.52809118071747	1.28e+03	1.670950174331665	0:05
25.2%	12600	25.199999999996912	930.6917114257812	319.3580993574127	1.28e+03	1.6834750175476074	0:05
25.4%	12700	25.3999999999968	932.8857421875	314.04412434232376	1.28e+03	1.6957859992980957	0:05
25.6%	12800	25.59999999999669	857.2750244140625	328.7362693972071	1.28e+03	1.7093088626861572	0:05
25.8%	12900	25.79999999999658	908.4033813476562	323.13888685740585	1.28e+03	1.7230861186981201	0:04
26.0%	13000	25.99999999999647	885.8779907226562	289.9449602954935	1.28e+03	1.7355990409851074	0:04
26.2%	13100	26.199999999996358	903.652587890625	270.2257239575147	1.28e+03	1.7498290538787842	0:04
26.4%	13200	26.399999999996247	913.2791748046875	294.3021441856173	1.28e+03	1.763395071029663	0:04
26.6%	13300	26.599999999996136	854.7591552734375	317.95578687468173	1.28e+03	1.7770600318908691	0:04
26.8%	13400	26.799999999996025	845.0809936523438	320.262278725239	1.28e+03	1.7898051738739014	0:04
27.0%	13500	26.999999999995914	847.6005249023438	320.67541400456855	1.28e+03	1.8024601936340332	0:04
27.2%	13600	27.199999999995804	851.138916015625	336.002122831093	1.28e+03	1.8161258697509766	0:04
27.4%	13700	27.399999999995693	920.0737915039062	298.02946262124533	1.28e+03	1.8301081657409668	0:04
27.6%	13800	27.599999999995582	839.0799560546875	305.4190754021467	1.28e+03	1.8427979946136475	0:04
27.8%	13900	27.79999999999547	805.7570190429688	330.79650945871583	1.29e+03	1.854734182357788	0:04
28.0%	14000	27.99999999999536	921.5631713867188	290.7994633138609	1.29e+03	1.8678419589996338	0:04
28.2%	14100	28.19999999999525	861.2227783203125	318.8896619589691	1.29e+03	1.8806941509246826	0:04
28.4%	14200	28.39999999999514	917.6917114257812	297.87077056925716	1.29e+03	1.8946850299835205	0:04
28.6%	14300	28.599999999995028	919.2801513671875	284.7667821947933	1.29e+03	1.9072840213775635	0:04
28.8%	14400	28.799999999994917	892.153076171875	271.31847382132065	1.29e+03	1.9205350875854492	0:04
29.0%	14500	28.999999999994806	861.7442016601562	269.0235545021233	1.29e+03	1.9337711334228516	0:04
29.2%	14600	29.199999999994695	821.8037109375	290.4472750990304	1.29e+03	1.9483718872070312	0:04
29.4%	14700	29.399999999994584	858.2139892578125	259.2352232211875	1.29e+03	1.9608938694000244	0:04
29.6%	14800	29.599999999994473	801.247314453125	291.1862392336322	1.29e+03	1.97306227684021	0:04
29.8%	14900	29.799999999994363	826.94140625	253.25203780905036	1.29e+03	1.9861481189727783	0:04
30.0%	15000	29.99999999999425	814.5114135742188	273.8124587465196	1.29e+03	1.9985830783843994	0:04
30.2%	15100	30.19999999999414	843.919921875	295.8567561356856	1.29e+03	2.011251926422119	0:04
30.4%	15200	30.39999999999403	836.9068603515625	296.84948084911287	1.29e+03	2.024153232574463	0:04
30.6%	15300	30.59999999999392	805.7537231445312	319.90976662568886	1.29e+03	2.0387279987335205	0:04
30.8%	15400	30.79999999999381	816.903564453125	308.86978638688595	1.29e+03	2.0530290603637695	0:04
31.0%	15500	30.999999999993697	763.370361328125	317.7155966305294	1.29e+03	2.0657241344451904	0:04
31.2%	15600	31.199999999993587	683.448486328125	331.53446784809887	1.29e+03	2.0785531997680664	0:04
31.4%	15700	31.399999999993476	726.7625122070312	335.25393005421023	1.29e+03	2.091402053833008	0:04
31.6%	15800	31.599999999993365	708.9244384765625	327.03919620808045	1.29e+03	2.104935884475708	0:04
31.8%	15900	31.799999999993254	712.3887329101562	341.844344025773	1.29e+03	2.119049072265625	0:04
32.0%	16000	31.999999999993143	684.881591796875	318.8217326865851	1.29e+03	2.13326096534729	0:04
32.2%	16100	32.19999999999339	737.0699462890625	310.57425645758195	1.29e+03	2.1465940475463867	0:04
32.4%	16200	32.39999999999363	652.826416015625	305.20415378246486	1.29e+03	2.1591641902923584	0:04
32.6%	16300	32.59999999999388	630.4639892578125	321.31006977569416	1.29e+03	2.1719002723693848	0:04
32.8%	16400	32.79999999999412	664.3507080078125	343.8419893858258	1.29e+03	2.1865651607513428	0:04
33.0%	16500	32.999999999994365	655.46630859375	327.47865765986785	1.29e+03	2.1992990970611572	0:04
33.2%	16600	33.19999999999461	605.2838134765625	340.1001496404194	1.29e+03	2.2115120887756348	0:04
33.4%	16700	33.399999999994854	569.7786254882812	359.64514999095377	1.29e+03	2.2241580486297607	0:04
33.6%	16800	33.5999999999951	556.83251953125	349.87865968947784	1.29e+03	2.2381749153137207	0:04
33.8%	16900	33.79999999999534	563.382080078125	349.0532932867229	1.29e+03	2.2502760887145996	0:04
34.0%	17000	33.99999999999559	566.3733520507812	324.3710560602784	1.29e+03	2.2628180980682373	0:04
34.2%	17100	34.19999999999583	548.7772216796875	307.51456875389607	1.29e+03	2.2759361267089844	0:04
34.4%	17200	34.399999999996076	510.0874328613281	336.9304930719101	1.29e+03	2.2895750999450684	0:04
34.6%	17300	34.59999999999632	486.3804016113281	344.6641518381471	1.29e+03	2.3039801120758057	0:04
34.8%	17400	34.799999999996565	480.4825439453125	295.28649895431863	1.29e+03	2.3177411556243896	0:04
35.0%	17500	34.99999999999681	434.05596923828125	295.6194175572013	1.29e+03	2.331947088241577	0:04
35.2%	17600	35.199999999997054	469.05926513671875	296.92807531835626	1.29e+03	2.344619035720825	0:04
35.4%	17700	35.3999999999973	489.666259765625	284.82826526397855	1.29e+03	2.358613967895508	0:04
35.6%	17800	35.59999999999754	437.5419006347656	318.8575202453204	1.29e+03	2.371143102645874	0:04
35.8%	17900	35.79999999999779	470.3570251464844	295.0122879076366	1.29e+03	2.3837690353393555	0:04
36.0%	18000	35.99999999999803	545.3118286132812	285.25521797528086	1.29e+03	2.397879123687744	0:04
36.2%	18100	36.199999999998276	505.0395202636719	306.10639598103666	1.29e+03	2.412039279937744	0:04
36.4%	18200	36.39999999999852	466.96258544921875	317.82817205046666	1.29e+03	2.4254510402679443	0:04
36.6%	18300	36.599999999998765	473.27960205078125	300.5828436907635	1.29e+03	2.438183307647705	0:04
36.8%	18400	36.79999999999901	402.54705810546875	314.76186938025916	1.29e+03	2.451162099838257	0:04
37.0%	18500	36.999999999999254	476.70782470703125	311.4002461992911	1.29e+03	2.4638609886169434	0:04
37.2%	18600	37.1999999999995	429.3726806640625	294.6459142275232	1.29e+03	2.4771111011505127	0:04
37.4%	18700	37.39999999999974	495.6179504394531	274.94483877171723	1.29e+03	2.491213083267212	0:04
37.6%	18800	37.59999999999999	446.3951721191406	281.4695052319105	1.29e+03	2.5052831172943115	0:04
37.8%	18900	37.80000000000023	498.99432373046875	268.5491868844318	1.29e+03	2.5177011489868164	0:04
38.0%	19000	38.000000000000476	527.193115234375	270.4065518958885	1.29e+03	2.530919075012207	0:04
38.2%	19100	38.20000000000072	479.53399658203125	275.9916716409387	1.29e+03	2.545145034790039	0:04
38.4%	19200	38.400000000000965	439.9432373046875	282.7725348013887	1.29e+03	2.5581541061401367	0:04
38.6%	19300	38.60000000000121	472.5791015625	270.0571084908656	1.29e+03	2.5724480152130127	0:04
38.8%	19400	38.800000000001454	425.53460693359375	280.4125548335571	1.29e+03	2.5851290225982666	0:04
39.0%	19500	39.0000000000017	452.3407287597656	246.9527622086187	1.29e+03	2.598875045776367	0:04
39.2%	19600	39.20000000000194	390.7872619628906	306.6515388320104	1.29e+03	2.6115992069244385	0:04
39.4%	19700	39.40000000000219	406.3349609375	304.1172982792133	1.29e+03	2.624213933944702	0:04
39.6%	19800	39.60000000000243	455.1022033691406	278.78071275917216	1.29e+03	2.637221097946167	0:04
39.8%	19900	39.800000000002676	459.6802062988281	293.1339008331838	1.29e+03	2.6504650115966797	0:04
40.0%	20000	40.00000000000292	476.3921813964844	277.86265199442056	1.29e+03	2.6641249656677246	0:04
40.2%	20100	40.200000000003165	506.2879333496094	298.30684934408333	1.29e+03	2.6764180660247803	0:04
40.4%	20200	40.40000000000341	442.81884765625	311.62412135595156	1.29e+03	2.6885790824890137	0:03
40.6%	20300	40.600000000003654	409.68798828125	339.74587003693205	1.29e+03	2.701421022415161	0:03
40.8%	20400	40.8000000000039	452.35198974609375	320.20199122095386	1.29e+03	2.714460849761963	0:03
41.0%	20500	41.00000000000414	398.5044860839844	330.98729938920013	1.29e+03	2.7273569107055664	0:03
41.2%	20600	41.20000000000439	426.135498046875	293.95300957312236	1.29e+03	2.740596055984497	0:03
41.4%	20700	41.40000000000463	387.03692626953125	336.1465226248217	1.29e+03	2.7541749477386475	0:03
41.6%	20800	41.600000000004876	382.15313720703125	333.8106865034589	1.29e+03	2.7673680782318115	0:03
41.8%	20900	41.80000000000512	398.968505859375	276.3170613232617	1.29e+03	2.7800750732421875	0:03
42.0%	21000	42.000000000005365	401.57708740234375	287.2420426466507	1.29e+03	2.7925209999084473	0:03
42.2%	21100	42.20000000000561	341.086181640625	310.7462910838142	1.29e+03	2.8070380687713623	0:03
42.4%	21200	42.40000000000585	417.2867736816406	274.0930950029261	1.29e+03	2.820472002029419	0:03
42.6%	21300	42.6000000000061	425.7760314941406	276.4346670806985	1.29e+03	2.835034132003784	0:03
42.8%	21400	42.80000000000634	409.4902038574219	285.4727853740537	1.29e+03	2.8482041358947754	0:03
43.0%	21500	43.00000000000659	443.3621520996094	284.9216508719309	1.29e+03	2.860743999481201	0:03
43.2%	21600	43.20000000000683	382.87286376953125	307.97962805805963	1.29e+03	2.8733561038970947	0:03
43.4%	21700	43.400000000007076	353.983642578125	316.19225185171877	1.29e+03	2.8860950469970703	0:03
43.6%	21800	43.60000000000732	400.99871826171875	319.83307790426807	1.29e+03	2.8997740745544434	0:03
43.8%	21900	43.800000000007564	411.7103271484375	326.11364936847934	1.29e+03	2.913270950317383	0:03
44.0%	22000	44.00000000000781	393.9149169921875	292.91976216024256	1.29e+03	2.926990032196045	0:03
44.2%	22100	44.20000000000805	452.6761474609375	273.6290798858369	1.29e+03	2.9413418769836426	0:03
44.4%	22200	44.4000000000083	369.1123046875	281.69192482628125	1.29e+03	2.953787088394165	0:03
44.6%	22300	44.60000000000854	353.9127197265625	267.09290598722043	1.29e+03	2.9668691158294678	0:03
44.8%	22400	44.80000000000879	361.418212890625	262.3631418268898	1.29e+03	2.981398105621338	0:03
45.0%	22500	45.00000000000903	318.1755676269531	293.51197398315463	1.29e+03	2.995784044265747	0:03
45.2%	22600	45.200000000009275	350.3919372558594	290.9362348988817	1.29e+03	3.0090770721435547	0:03
45.4%	22700	45.40000000000952	332.1872253417969	279.56879291614365	1.29e+03	3.0223159790039062	0:03
45.6%	22800	45.600000000009764	361.659912109375	277.61455577645575	1.29e+03	3.0355441570281982	0:03
45.8%	22900	45.80000000001001	331.95562744140625	285.4864764757363	1.29e+03	3.0488691329956055	0:03
46.0%	23000	46.00000000001025	359.2930908203125	269.8035488425615	1.29e+03	3.062324047088623	0:03
46.2%	23100	46.2000000000105	353.15863037109375	269.994658373784	1.29e+03	3.0757031440734863	0:03
46.4%	23200	46.40000000001074	348.5606689453125	277.6642903055271	1.29e+03	3.0879201889038086	0:03
46.6%	23300	46.600000000010986	333.1410217285156	290.49901323051097	1.29e+03	3.101269006729126	0:03
46.8%	23400	46.80000000001123	358.65179443359375	295.40787422241704	1.29e+03	3.115697145462036	0:03
47.0%	23500	47.000000000011475	326.5330810546875	305.25665911214134	1.29e+03	3.1286368370056152	0:03
47.2%	23600	47.20000000001172	379.6668395996094	293.81570228801036	1.29e+03	3.141646146774292	0:03
47.4%	23700	47.400000000011964	401.14666748046875	285.5854432115059	1.29e+03	3.155592918395996	0:03
47.6%	23800	47.60000000001221	387.6649169921875	311.1867214169632	1.29e+03	3.168121099472046	0:03
47.8%	23900	47.80000000001245	372.0362243652344	298.0065004570222	1.29e+03	3.1808969974517822	0:03
48.0%	24000	48.0000000000127	393.56927490234375	318.5176897734018	1.29e+03	3.1938250064849854	0:03
48.2%	24100	48.20000000001294	401.45458984375	347.84935402426305	1.29e+03	3.207961082458496	0:03
48.4%	24200	48.400000000013186	427.32513427734375	314.89792630874115	1.29e+03	3.220715045928955	0:03
48.6%	24300	48.60000000001343	377.58819580078125	329.07856362715023	1.29e+03	3.233774185180664	0:03
48.8%	24400	48.800000000013675	405.8183898925781	339.0402579183648	1.29e+03	3.247235059738159	0:03
49.0%	24500	49.00000000001392	365.6025085449219	337.1075606394379	1.29e+03	3.261221170425415	0:03
49.2%	24600	49.200000000014164	389.09130859375	305.9452005353523	1.29e+03	3.2745699882507324	0:03
49.4%	24700	49.40000000001441	369.6120300292969	340.03260895070076	1.29e+03	3.2874951362609863	0:03
49.6%	24800	49.60000000001465	386.5609130859375	313.9277085555558	1.29e+03	3.300482988357544	0:03
49.8%	24900	49.8000000000149	455.09210205078125	302.760577182929	1.29e+03	3.3144590854644775	0:03
50.0%	25000	50.00000000001514	412.6839599609375	291.92169535239043	1.29e+03	3.327425956726074	0:03
50.2%	25100	50.200000000015386	355.8555908203125	311.1600328137783	1.29e+03	3.340654134750366	0:03
50.4%	25200	50.40000000001563	327.5724182128906	332.10527541889707	1.29e+03	3.35296893119812	0:03
50.6%	25300	50.600000000015875	307.33087158203125	319.10262989641654	1.29e+03	3.366960048675537	0:03
50.8%	25400	50.80000000001612	352.701171875	292.6360457919089	1.29e+03	3.3805031776428223	0:03
51.0%	25500	51.000000000016364	375.4941101074219	313.0927546391328	1.29e+03	3.3934919834136963	0:03
51.2%	25600	51.20000000001661	372.89569091796875	315.0408644197855	1.29e+03	3.4062561988830566	0:03
51.4%	25700	51.40000000001685	376.03289794921875	294.1280196052725	1.29e+03	3.4188730716705322	0:03
51.6%	25800	51.6000000000171	393.2973937988281	291.376233919598	1.29e+03	3.43145489692688	0:03
51.8%	25900	51.80000000001734	351.06146240234375	281.71092440983784	1.29e+03	3.4440901279449463	0:03
52.0%	26000	52.000000000017586	360.08306884765625	278.14166495690705	1.29e+03	3.457108974456787	0:03
52.2%	26100	52.20000000001783	385.4305419921875	283.44670241446465	1.29e+03	3.4707610607147217	0:03
52.4%	26200	52.400000000018075	395.31011962890625	291.6405675611871	1.29e+03	3.4830100536346436	0:03
52.6%	26300	52.60000000001832	340.23175048828125	297.34930805073117	1.3e+03	3.495814085006714	0:03
52.8%	26400	52.800000000018564	445.5547180175781	279.6975137366391	1.3e+03	3.508296012878418	0:03
53.0%	26500	53.00000000001881	404.57177734375	283.3348928642961	1.3e+03	3.521496057510376	0:03
53.2%	26600	53.20000000001905	387.0130310058594	295.84471837179933	1.3e+03	3.5344319343566895	0:03
53.4%	26700	53.4000000000193	288.2472229003906	328.6790540794834	1.3e+03	3.548891067504883	0:03
53.6%	26800	53.60000000001954	347.60791015625	320.0606683163405	1.29e+03	3.5635650157928467	0:03
53.8%	26900	53.800000000019786	350.3144836425781	318.05792704636	1.29e+03	3.5771591663360596	0:03
54.0%	27000	54.00000000002003	372.6623840332031	325.8707569735423	1.29e+03	3.589789867401123	0:03
54.2%	27100	54.200000000020275	344.7655029296875	302.512900748967	1.29e+03	3.6039769649505615	0:03
54.4%	27200	54.40000000002052	385.38720703125	307.9277309299478	1.29e+03	3.617976188659668	0:03
54.6%	27300	54.60000000002076	365.5259704589844	331.473993593664	1.29e+03	3.6317451000213623	0:03
54.8%	27400	54.80000000002101	370.949462890625	353.89207896538244	1.29e+03	3.644979953765869	0:03
55.0%	27500	55.00000000002125	386.0336608886719	361.85604381947775	1.29e+03	3.6583471298217773	0:03
55.2%	27600	55.2000000000215	386.76495361328125	355.18108834086615	1.29e+03	3.6710991859436035	0:02
55.4%	27700	55.40000000002174	418.6932373046875	329.25438632911005	1.29e+03	3.6844191551208496	0:02
55.6%	27800	55.600000000021986	415.63519287109375	331.02974234993627	1.29e+03	3.6976640224456787	0:02
55.8%	27900	55.80000000002223	466.7841796875	276.69739482467304	1.29e+03	3.7111151218414307	0:02
56.0%	28000	56.000000000022474	436.60638427734375	313.40111138016016	1.29e+03	3.724783182144165	0:02
56.2%	28100	56.20000000002272	373.9783935546875	332.24626995240095	1.29e+03	3.738476037979126	0:02
56.4%	28200	56.40000000002296	420.60284423828125	287.9356974497872	1.29e+03	3.752310037612915	0:02
56.6%	28300	56.60000000002321	418.265380859375	311.5071451590677	1.29e+03	3.7653329372406006	0:02
56.8%	28400	56.80000000002345	411.7213134765625	312.79733305392165	1.29e+03	3.7778549194335938	0:02
57.0%	28500	57.0000000000237	394.03826904296875	330.7288682153057	1.29e+03	3.792100191116333	0:02
57.2%	28600	57.20000000002394	364.3974609375	333.87002722524176	1.29e+03	3.8066422939300537	0:02
57.4%	28700	57.400000000024185	358.8961181640625	294.55023550107626	1.29e+03	3.818974018096924	0:02
57.6%	28800	57.60000000002443	366.297607421875	273.05613929315643	1.29e+03	3.8321189880371094	0:02
57.8%	28900	57.800000000024674	334.1480712890625	250.89659348792398	1.29e+03	3.844444990158081	0:02
58.0%	29000	58.00000000002492	370.7156066894531	251.7730979896366	1.29e+03	3.8579719066619873	0:02
58.2%	29100	58.20000000002516	369.71466064453125	278.07742307931704	1.29e+03	3.872288942337036	0:02
58.4%	29200	58.40000000002541	343.2345275878906	311.4168392896681	1.29e+03	3.8865809440612793	0:02
58.6%	29300	58.60000000002565	361.26727294921875	290.9027494505805	1.29e+03	3.8997559547424316	0:02
58.8%	29400	58.800000000025896	323.3330078125	275.33544383399305	1.29e+03	3.913443088531494	0:02
59.0%	29500	59.00000000002614	327.3765563964844	317.874651649725	1.29e+03	3.92606520652771	0:02
59.2%	29600	59.200000000026385	347.3553466796875	287.47391548576906	1.29e+03	3.938784122467041	0:02
59.4%	29700	59.40000000002663	338.741455078125	304.31062983006785	1.29e+03	3.952191114425659	0:02
59.6%	29800	59.600000000026874	361.05401611328125	322.5958823027209	1.29e+03	3.965942144393921	0:02
59.8%	29900	59.80000000002712	368.8031311035156	307.590843330252	1.29e+03	3.979671001434326	0:02
60.0%	30000	60.00000000002736	365.67730712890625	330.1649461252985	1.29e+03	3.9935171604156494	0:02
60.2%	30100	60.20000000002761	380.61163330078125	338.19748301062907	1.29e+03	4.006638050079346	0:02
60.4%	30200	60.40000000002785	427.1448059082031	318.93359616873965	1.29e+03	4.0206639766693115	0:02
60.6%	30300	60.600000000028096	369.68865966796875	335.338248863985	1.29e+03	4.033692121505737	0:02
60.8%	30400	60.80000000002834	353.5243835449219	311.3641800510796	1.29e+03	4.046555280685425	0:02
61.0%	30500	61.000000000028585	372.3713073730469	324.25682912618464	1.29e+03	4.0596232414245605	0:02
61.2%	30600	61.20000000002883	427.23065185546875	305.9206717584107	1.29e+03	4.072005033493042	0:02
61.4%	30700	61.400000000029074	387.1572265625	315.11729775302706	1.29e+03	4.084255933761597	0:02
61.6%	30800	61.60000000002932	360.60211181640625	327.2218903922341	1.29e+03	4.0973429679870605	0:02
61.8%	30900	61.80000000002956	383.0567626953125	332.74680475181435	1.29e+03	4.110100030899048	0:02
62.0%	31000	62.00000000002981	448.58380126953125	294.3519083527659	1.3e+03	4.122653961181641	0:02
62.2%	31100	62.20000000003005	427.68621826171875	309.9128907930627	1.29e+03	4.137271165847778	0:02
62.4%	31200	62.400000000030296	340.6716003417969	354.2733358966843	1.29e+03	4.150551080703735	0:02
62.6%	31300	62.60000000003054	390.9923400878906	306.3902710689184	1.29e+03	4.164496183395386	0:02
62.8%	31400	62.800000000030785	361.61895751953125	298.74819876811785	1.29e+03	4.178418159484863	0:02
63.0%	31500	63.00000000003103	359.458740234375	300.1133291451175	1.29e+03	4.19257116317749	0:02
63.2%	31600	63.200000000031274	370.02703857421875	331.64511824720984	1.29e+03	4.206289291381836	0:02
63.4%	31700	63.40000000003152	450.44085693359375	309.00772175477374	1.29e+03	4.218923091888428	0:02
63.6%	31800	63.60000000003176	366.387451171875	335.9881196354653	1.29e+03	4.232970952987671	0:02
63.8%	31900	63.80000000003201	392.8359069824219	334.07725189206906	1.29e+03	4.2459142208099365	0:02
64.0%	32000	64.00000000003224	467.02069091796875	318.39547885969546	1.29e+03	4.259007930755615	0:02
64.2%	32100	64.20000000003178	367.55450439453125	324.09596385461566	1.29e+03	4.273603200912476	0:02
64.4%	32200	64.40000000003131	364.2596740722656	327.1000427424696	1.29e+03	4.286450147628784	0:02
64.6%	32300	64.60000000003085	339.8254089355469	311.16408893459055	1.29e+03	4.299370050430298	0:02
64.8%	32400	64.80000000003038	382.11865234375	293.42859531472834	1.29e+03	4.313023090362549	0:02
65.0%	32500	65.00000000002991	393.5501708984375	307.39934709895783	1.29e+03	4.32572603225708	0:02
65.2%	32600	65.20000000002945	383.343017578125	310.13319407602654	1.29e+03	4.338443994522095	0:02
65.4%	32700	65.40000000002898	370.97637939453125	316.016750099067	1.29e+03	4.352505207061768	0:02
65.6%	32800	65.60000000002852	438.50042724609375	344.57787612234364	1.29e+03	4.365163087844849	0:02
65.8%	32900	65.80000000002805	414.6212158203125	343.5869588049746	1.29e+03	4.378395080566406	0:02
66.0%	33000	66.00000000002758	395.2441711425781	354.8866402334537	1.29e+03	4.391676902770996	0:02
66.2%	33100	66.20000000002712	380.8682861328125	353.2878688649058	1.29e+03	4.405044078826904	0:02
66.4%	33200	66.40000000002665	354.9273376464844	330.44121638115695	1.29e+03	4.419456958770752	0:02
66.6%	33300	66.60000000002618	403.7238464355469	309.80035332762907	1.29e+03	4.432506084442139	0:02
66.8%	33400	66.80000000002572	396.0885009765625	308.3197889851071	1.29e+03	4.445172071456909	0:02
67.0%	33500	67.00000000002525	356.822265625	309.4408686611175	1.29e+03	4.459078073501587	0:02
67.2%	33600	67.20000000002479	386.20611572265625	312.58925685538264	1.29e+03	4.471424102783203	0:02
67.4%	33700	67.40000000002432	379.4978942871094	281.05567285938355	1.29e+03	4.484128952026367	0:02
67.6%	33800	67.60000000002385	384.63916015625	294.145110912868	1.3e+03	4.4967942237854	0:02
67.8%	33900	67.80000000002339	367.87591552734375	284.7891893593923	1.29e+03	4.51068115234375	0:02
68.0%	34000	68.00000000002292	360.578857421875	296.8555766943551	1.29e+03	4.524811029434204	0:02
68.2%	34100	68.20000000002246	348.14410400390625	329.6824687474492	1.29e+03	4.539143085479736	0:02
68.4%	34200	68.40000000002199	393.46649169921875	300.2570887803521	1.29e+03	4.553066968917847	0:02
68.6%	34300	68.60000000002152	339.2776184082031	327.6172893889425	1.29e+03	4.566914081573486	0:02
68.8%	34400	68.80000000002106	371.2735595703125	314.3175318830844	1.29e+03	4.579606056213379	0:02
69.0%	34500	69.00000000002059	340.8738708496094	328.3215002898829	1.29e+03	4.592214107513428	0:02
69.2%	34600	69.20000000002013	407.09991455078125	291.8340530435526	1.29e+03	4.604595899581909	0:02
69.4%	34700	69.40000000001966	355.2826232910156	339.35175264044136	1.3e+03	4.616886138916016	0:02
69.6%	34800	69.6000000000192	398.97796630859375	304.703565293759	1.29e+03	4.631116151809692	0:02
69.8%	34900	69.80000000001873	413.51397705078125	300.28051101470743	1.29e+03	4.645218133926392	0:02
70.0%	35000	70.00000000001826	414.3157958984375	314.67396658471444	1.29e+03	4.657941102981567	0:02
70.2%	35100	70.2000000000178	392.7139892578125	323.9026368923376	1.29e+03	4.671089172363281	0:01
70.4%	35200	70.40000000001733	391.904541015625	311.90388499284575	1.29e+03	4.684139013290405	0:01
70.6%	35300	70.60000000001686	438.95703125	305.38724376523794	1.29e+03	4.698305130004883	0:01
70.8%	35400	70.8000000000164	426.66351318359375	336.7602262679661	1.29e+03	4.710973024368286	0:01
71.0%	35500	71.00000000001593	408.5615234375	302.327519698803	1.3e+03	4.7235472202301025	0:01
71.2%	35600	71.20000000001546	426.4373779296875	276.02215842994923	1.3e+03	4.735403060913086	0:01
71.4%	35700	71.400000000015	415.4269104003906	309.2259572463512	1.3e+03	4.748058080673218	0:01
71.6%	35800	71.60000000001453	345.3853759765625	332.82093471595664	1.3e+03	4.76214599609375	0:01
71.8%	35900	71.80000000001407	353.66766357421875	337.7679390525686	1.3e+03	4.775794267654419	0:01
72.0%	36000	72.0000000000136	353.51007080078125	333.06510854407543	1.3e+03	4.788431167602539	0:01
72.2%	36100	72.20000000001313	447.8975524902344	291.6703209920163	1.3e+03	4.8014421463012695	0:01
72.4%	36200	72.40000000001267	349.7369079589844	302.2830890256916	1.3e+03	4.813438892364502	0:01
72.6%	36300	72.6000000000122	382.5688171386719	299.0283255569416	1.3e+03	4.8261449337005615	0:01
72.8%	36400	72.80000000001174	343.388671875	285.78631402048165	1.3e+03	4.838803052902222	0:01
73.0%	36500	73.00000000001127	316.511474609375	283.0891867056274	1.3e+03	4.852996110916138	0:01
73.2%	36600	73.2000000000108	366.20513916015625	270.7536574791687	1.3e+03	4.867377281188965	0:01
73.4%	36700	73.40000000001034	327.7273254394531	282.90533043991735	1.3e+03	4.88016414642334	0:01
73.6%	36800	73.60000000000987	337.73736572265625	261.1921363243496	1.3e+03	4.8925371170043945	0:01
73.8%	36900	73.8000000000094	311.18536376953125	285.5542710090428	1.3e+03	4.905045032501221	0:01
74.0%	37000	74.00000000000894	290.50732421875	288.8247485128598	1.3e+03	4.919122934341431	0:01
74.2%	37100	74.20000000000847	307.6264343261719	287.81756890512264	1.3e+03	4.931734085083008	0:01
74.4%	37200	74.400000000008	341.5413818359375	282.3773877548663	1.3e+03	4.94465708732605	0:01
74.6%	37300	74.60000000000754	318.085205078125	289.0512694505764	1.3e+03	4.957479953765869	0:01
74.8%	37400	74.80000000000707	321.41339111328125	276.2307097986725	1.3e+03	4.970088005065918	0:01
75.0%	37500	75.00000000000661	335.20697021484375	276.61133346908326	1.3e+03	4.982737064361572	0:01
75.2%	37600	75.20000000000614	308.52978515625	277.70229756504204	1.3e+03	4.995500087738037	0:01
75.4%	37700	75.40000000000568	367.30303955078125	265.4176891144039	1.3e+03	5.008470058441162	0:01
75.6%	37800	75.60000000000521	332.2558898925781	271.0544343615247	1.3e+03	5.022568941116333	0:01
75.8%	37900	75.80000000000474	363.8605651855469	277.4251570517566	1.3e+03	5.0365331172943115	0:01
76.0%	38000	76.00000000000428	385.93536376953125	279.1703217613681	1.3e+03	5.049288034439087	0:01
76.2%	38100	76.20000000000381	372.1556701660156	291.5517341807168	1.3e+03	5.063825845718384	0:01
76.4%	38200	76.40000000000335	362.7403259277344	282.22435325210995	1.3e+03	5.077821969985962	0:01
76.6%	38300	76.60000000000288	377.89459228515625	295.0110549463295	1.3e+03	5.091909170150757	0:01
76.8%	38400	76.80000000000241	320.9600524902344	273.75575213587365	1.3e+03	5.105906248092651	0:01
77.0%	38500	77.00000000000195	299.975341796875	288.80426476357655	1.3e+03	5.120037078857422	0:01
77.2%	38600	77.20000000000148	324.4014587402344	244.06066786469816	1.3e+03	5.132782220840454	0:01
77.4%	38700	77.40000000000101	312.5475769042969	234.03898362315311	1.3e+03	5.145426988601685	0:01
77.6%	38800	77.60000000000055	309.8218078613281	270.8483800803982	1.3e+03	5.159096002578735	0:01
77.8%	38900	77.80000000000008	338.66351318359375	254.21596882975567	1.3e+03	5.171339988708496	0:01
78.0%	39000	77.99999999999962	276.899169921875	278.94684088722994	1.3e+03	5.183767080307007	0:01
78.2%	39100	78.19999999999915	280.2774353027344	299.4954385310739	1.3e+03	5.197077035903931	0:01
78.4%	39200	78.39999999999868	292.67779541015625	272.37961019228766	1.3e+03	5.211374044418335	0:01
78.6%	39300	78.59999999999822	328.7304382324219	282.43029113520015	1.3e+03	5.2236621379852295	0:01
78.8%	39400	78.79999999999775	337.7708740234375	299.82250400574105	1.3e+03	5.236454248428345	0:01
79.0%	39500	78.99999999999729	290.37811279296875	303.2865121672941	1.3e+03	5.248898029327393	0:01
79.2%	39600	79.19999999999682	345.0889587402344	291.1266107059176	1.3e+03	5.261393070220947	0:01
79.4%	39700	79.39999999999635	378.6480407714844	284.39684822738445	1.3e+03	5.273883104324341	0:01
79.6%	39800	79.59999999999589	296.1600036621094	301.97966968334765	1.3e+03	5.287879943847656	0:01
79.8%	39900	79.79999999999542	258.745849609375	307.0762724802174	1.3e+03	5.301954030990601	0:01
80.0%	40000	79.99999999999496	356.6302185058594	277.88850908466407	1.3e+03	5.314682245254517	0:01
80.2%	40100	80.19999999999449	314.5760192871094	292.21126412773714	1.3e+03	5.3278069496154785	0:01
80.4%	40200	80.39999999999402	325.72283935546875	295.55942599743	1.3e+03	5.340039253234863	0:01
80.6%	40300	80.59999999999356	365.3580017089844	302.4088175617752	1.3e+03	5.352759122848511	0:01
80.8%	40400	80.79999999999309	404.206787109375	280.5876949552893	1.3e+03	5.365278959274292	0:01
81.0%	40500	80.99999999999262	359.87103271484375	300.00376831970294	1.3e+03	5.377779006958008	0:01
81.2%	40600	81.19999999999216	377.58447265625	293.88178848152177	1.3e+03	5.390326976776123	0:01
81.4%	40700	81.39999999999169	318.198974609375	312.56346417028067	1.3e+03	5.404455184936523	0:01
81.6%	40800	81.59999999999123	333.5270690917969	300.94918124492597	1.3e+03	5.418313026428223	0:01
81.8%	40900	81.79999999999076	373.8614807128906	291.3510231445983	1.3e+03	5.430975914001465	0:01
82.0%	41000	81.9999999999903	368.6993408203125	277.6905900450332	1.3e+03	5.443762302398682	0:01
82.2%	41100	82.19999999998983	374.5248107910156	284.37114492814527	1.3e+03	5.458240985870361	0:01
82.4%	41200	82.39999999998936	305.4313659667969	293.68244117622703	1.3e+03	5.471975088119507	0:01
82.6%	41300	82.5999999999889	349.2120056152344	313.4102820933826	1.3e+03	5.484966278076172	0:01
82.8%	41400	82.79999999998843	339.3594970703125	328.8126408622888	1.3e+03	5.497684955596924	0:01
83.0%	41500	82.99999999998796	378.94354248046875	301.50392744605193	1.3e+03	5.510158061981201	0:01
83.2%	41600	83.1999999999875	408.16815185546875	297.50931238449795	1.3e+03	5.524044036865234	0:01
83.4%	41700	83.39999999998703	435.5010070800781	260.5283963633259	1.3e+03	5.536295175552368	0:01
83.6%	41800	83.59999999998657	309.30303955078125	323.7536568621415	1.3e+03	5.549472093582153	0:01
83.8%	41900	83.7999999999861	338.9745178222656	294.1438248557374	1.3e+03	5.563693046569824	0:01
84.0%	42000	83.99999999998563	343.0408020019531	277.7173507173632	1.3e+03	5.5763959884643555	0:01
84.2%	42100	84.19999999998517	339.595458984375	301.4620915117332	1.3e+03	5.590511083602905	0:01
84.4%	42200	84.3999999999847	340.498291015625	318.09138875786675	1.3e+03	5.602907180786133	0:01
84.6%	42300	84.59999999998423	333.90496826171875	330.1400326915282	1.3e+03	5.615758180618286	0:01
84.8%	42400	84.79999999998377	322.26361083984375	309.2412256746362	1.3e+03	5.6298439502716064	0:01
85.0%	42500	84.9999999999833	359.19879150390625	313.77447310360935	1.3e+03	5.642425060272217	0:00
85.2%	42600	85.19999999998284	422.4954528808594	285.239255270811	1.3e+03	5.6549999713897705	0:00
85.4%	42700	85.39999999998237	313.1146240234375	316.2655566286702	1.3e+03	5.667241096496582	0:00
85.6%	42800	85.5999999999819	346.55828857421875	296.8693991953784	1.3e+03	5.6812989711761475	0:00
85.8%	42900	85.79999999998144	318.6357116699219	309.4989829625255	1.3e+03	5.6938440799713135	0:00
86.0%	43000	85.99999999998097	310.27972412109375	303.73918280330906	1.3e+03	5.705595254898071	0:00
86.2%	43100	86.1999999999805	395.00982666015625	263.4231314477464	1.3e+03	5.718713045120239	0:00
86.4%	43200	86.39999999998004	320.49884033203125	277.50038966310797	1.3e+03	5.730780839920044	0:00
86.6%	43300	86.59999999997957	321.980712890625	267.7203857936436	1.3e+03	5.744626998901367	0:00
86.8%	43400	86.79999999997911	347.7215576171875	273.68614632734415	1.3e+03	5.757128953933716	0:00
87.0%	43500	86.99999999997864	319.4415283203125	287.37978061142394	1.3e+03	5.771188020706177	0:00
87.2%	43600	87.19999999997817	347.113037109375	275.6581990917411	1.3e+03	5.785282135009766	0:00
87.4%	43700	87.39999999997771	339.3663024902344	277.2446371842171	1.3e+03	5.797863960266113	0:00
87.6%	43800	87.59999999997724	311.72222900390625	280.4257119197556	1.3e+03	5.812052965164185	0:00
87.8%	43900	87.79999999997678	304.9350891113281	285.41554653766485	1.3e+03	5.82567024230957	0:00
88.0%	44000	87.99999999997631	402.74114990234375	261.8808766500687	1.3e+03	5.838074207305908	0:00
88.2%	44100	88.19999999997584	393.4413757324219	291.09245749691866	1.3e+03	5.852521896362305	0:00
88.4%	44200	88.39999999997538	320.95391845703125	300.9642029767977	1.3e+03	5.865997076034546	0:00
88.6%	44300	88.59999999997491	311.7935791015625	290.2223250452403	1.3e+03	5.878441095352173	0:00
88.8%	44400	88.79999999997445	340.9603271484375	282.87134148033977	1.3e+03	5.891262054443359	0:00
89.0%	44500	88.99999999997398	309.24169921875	295.6489540490761	1.3e+03	5.905361175537109	0:00
89.2%	44600	89.19999999997351	316.0169982910156	295.5935284903769	1.3e+03	5.919496059417725	0:00
89.4%	44700	89.39999999997305	333.469970703125	289.1215203913419	1.3e+03	5.933608055114746	0:00
89.6%	44800	89.59999999997258	395.5564880371094	277.31234965176674	1.3e+03	5.946412086486816	0:00
89.8%	44900	89.79999999997212	348.9241027832031	293.4706665260951	1.3e+03	5.960309982299805	0:00
90.0%	45000	89.99999999997165	351.34039306640625	289.62622439099204	1.3e+03	5.972692966461182	0:00
90.2%	45100	90.19999999997118	259.1880798339844	314.7694784284669	1.3e+03	5.985696077346802	0:00
90.4%	45200	90.39999999997072	331.43048095703125	324.95459096269843	1.3e+03	5.997943162918091	0:00
90.6%	45300	90.59999999997025	323.5074768066406	302.8533489621696	1.3e+03	6.010702133178711	0:00
90.8%	45400	90.79999999996978	301.6033630371094	315.63196625032725	1.3e+03	6.023003101348877	0:00
91.0%	45500	90.99999999996932	357.448974609375	273.123229774252	1.3e+03	6.035058975219727	0:00
91.2%	45600	91.19999999996885	299.99359130859375	289.39623027425813	1.3e+03	6.049202919006348	0:00
91.4%	45700	91.39999999996839	282.0191650390625	309.6480789942931	1.3e+03	6.061815977096558	0:00
91.6%	45800	91.59999999996792	347.0413818359375	319.8202974886136	1.3e+03	6.074498176574707	0:00
91.8%	45900	91.79999999996745	435.8013610839844	295.89064269238514	1.3e+03	6.088731050491333	0:00
92.0%	46000	91.99999999996699	348.81512451171875	306.25790868928294	1.3e+03	6.102875232696533	0:00
92.2%	46100	92.19999999996652	419.3586730957031	329.49568007137236	1.3e+03	6.116058111190796	0:00
92.4%	46200	92.39999999996606	377.2839050292969	311.26123726761375	1.3e+03	6.12970495223999	0:00
92.6%	46300	92.59999999996559	340.48291015625	328.9621221772699	1.3e+03	6.14369797706604	0:00
92.8%	46400	92.79999999996512	335.49456787109375	308.7073187716384	1.3e+03	6.158066987991333	0:00
93.0%	46500	92.99999999996466	345.07177734375	296.2664580514788	1.3e+03	6.170760869979858	0:00
93.2%	46600	93.19999999996419	326.19097900390625	288.91692384692055	1.3e+03	6.183389902114868	0:00
93.4%	46700	93.39999999996373	334.4289855957031	272.39173546828613	1.3e+03	6.197050094604492	0:00
93.6%	46800	93.59999999996326	317.24639892578125	293.7119796686033	1.3e+03	6.2113542556762695	0:00
93.8%	46900	93.7999999999628	341.1612548828125	283.05241018829753	1.3e+03	6.22393798828125	0:00
94.0%	47000	93.99999999996233	348.0430908203125	310.8901583511353	1.3e+03	6.2362871170043945	0:00
94.2%	47100	94.19999999996186	364.078857421875	314.01861598389235	1.3e+03	6.250673294067383	0:00
94.4%	47200	94.3999999999614	402.1401672363281	315.11837871749276	1.3e+03	6.2629711627960205	0:00
94.6%	47300	94.59999999996093	359.02227783203125	343.5684223158839	1.3e+03	6.2769999504089355	0:00
94.8%	47400	94.79999999996046	327.05133056640625	327.34841325119066	1.3e+03	6.290980100631714	0:00
95.0%	47500	94.99999999996	354.9310302734375	331.5147451834949	1.3e+03	6.305163145065308	0:00
95.2%	47600	95.19999999995953	357.1483459472656	295.42319517074264	1.3e+03	6.317676067352295	0:00
95.4%	47700	95.39999999995906	347.21478271484375	314.04459624449834	1.3e+03	6.33028507232666	0:00
95.6%	47800	95.5999999999586	308.6999206542969	333.3268609158668	1.3e+03	6.3443498611450195	0:00
95.8%	47900	95.79999999995813	324.83795166015625	314.61057886719635	1.3e+03	6.3565192222595215	0:00
96.0%	48000	95.99999999995767	315.42205810546875	283.04080295668774	1.3e+03	6.369232177734375	0:00
96.2%	48100	96.1999999999572	297.0918884277344	283.5888958054426	1.3e+03	6.382441997528076	0:00
96.4%	48200	96.39999999995673	300.9506530761719	277.51204873875395	1.3e+03	6.395036220550537	0:00
96.6%	48300	96.59999999995627	352.4072570800781	253.58890351131237	1.3e+03	6.408007860183716	0:00
96.8%	48400	96.7999999999558	327.2414855957031	279.87303750266716	1.3e+03	6.422122001647949	0:00
97.0%	48500	96.99999999995534	348.28277587890625	282.55041316185896	1.3e+03	6.43640398979187	0:00
97.2%	48600	97.19999999995487	361.93841552734375	284.01533037409973	1.3e+03	6.45036506652832	0:00
97.4%	48700	97.3999999999544	363.0866394042969	317.19638644768224	1.3e+03	6.462909936904907	0:00
97.6%	48800	97.59999999995394	386.13714599609375	306.8932041649579	1.3e+03	6.475463151931763	0:00
97.8%	48900	97.79999999995347	341.01129150390625	328.2277093180452	1.3e+03	6.487959146499634	0:00
98.0%	49000	97.999999999953	354.39984130859375	322.4199038510144	1.3e+03	6.500471115112305	0:00
98.2%	49100	98.19999999995254	340.174072265625	328.7089825576273	1.3e+03	6.512778997421265	0:00
98.4%	49200	98.39999999995207	366.3311767578125	285.9994843996348	1.3e+03	6.525505065917969	0:00
98.6%	49300	98.5999999999516	362.0389099121094	263.9430834147573	1.3e+03	6.53887414932251	0:00
98.8%	49400	98.79999999995114	352.1230163574219	254.67691171312018	1.3e+03	6.553191184997559	0:00
99.0%	49500	98.99999999995067	358.3448486328125	290.733928396054	1.3e+03	6.565623998641968	0:00
99.2%	49600	99.19999999995021	277.3142395019531	300.2202206374035	1.3e+03	6.579581022262573	0:00
99.4%	49700	99.39999999994974	322.88836669921875	303.3315161334166	1.3e+03	6.591822147369385	0:00
99.6%	49800	99.59999999994928	334.9655456542969	281.437936919355	1.3e+03	6.604409217834473	0:00
99.8%	49900	99.79999999994881	403.31927490234375	278.9689649042358	1.3e+03	6.618154048919678	0:00
100.0%	50000	99.99999999994834	385.74786376953125	285.18653623334365	1.3e+03	6.630988121032715	0:00
