#"Progress (%)"	"Step"	"Time (ps)"	"Potential Energy (kJ/mole)"	"Temperature (K)"	"Speed (ns/day)"	"Elapsed Time (s)"	"Time Remaining"
0.2%	100	0.20000000000000015	-1927.6583251953125	533.3449834747269	0	0.0002543926239013672	--
0.4%	200	0.4000000000000003	-1683.3125	468.123001940103	346	0.0499272346496582	0:24
0.6%	300	0.6000000000000004	-3257.2333984375	453.5785309088061	344	0.10042905807495117	0:24
0.8%	400	0.8000000000000006	-3510.468017578125	416.4616928263219	342	0.15140223503112793	0:25
1.0%	500	1.0000000000000007	-4802.287109375	402.7384377747558	341	0.20264220237731934	0:25
1.2%	600	1.2000000000000008	-5441.94677734375	380.132139902852	341	0.2534830570220947	0:25
1.4%	700	1.400000000000001	-5484.63330078125	353.7899653828372	341	0.30394625663757324	0:24
1.6%	800	1.6000000000000012	-6355.1435546875	351.52016621374935	341	0.35463809967041016	0:24
1.8%	900	1.8000000000000014	-6445.3330078125	336.93869035079257	340	0.4066600799560547	0:24
2.0%	1000	2.0000000000000013	-6782.6923828125	333.9746311822155	340	0.45760512351989746	0:24
2.2%	1100	2.1999999999999793	-6980.11669921875	332.42247850480294	336	0.5148861408233643	0:25
2.4%	1200	2.3999999999999573	-7307.84765625	330.1157533734869	336	0.5663070678710938	0:25
2.6%	1300	2.5999999999999353	-7441.90478515625	331.16340873766757	336	0.6173670291900635	0:25
2.8%	1400	2.7999999999999132	-7397.8857421875	324.01740693245694	337	0.6674821376800537	0:24
3.0%	1500	2.999999999999891	-7668.2890625	325.37520837676743	336	0.7192461490631104	0:24
3.2%	1600	3.199999999999869	-7688.7177734375	312.63627137572763	337	0.7695033550262451	0:24
3.4%	1700	3.399999999999847	-7809.580078125	313.3913237196189	337	0.8210663795471191	0:24
3.6%	1800	3.599999999999825	-7809.169921875	313.939184153734	337	0.8723342418670654	0:24
3.8%	1900	3.799999999999803	-7948.3642578125	316.8253339352572	337	0.9234433174133301	0:24
4.0%	2000	3.999999999999781	-7976.087890625	311.69781232280013	337	0.9739372730255127	0:24
4.2%	2100	4.1999999999997595	-7761.5078125	303.9952925035708	337	1.0251703262329102	0:24
4.4%	2200	4.3999999999997375	-8152.73828125	307.20913723593446	338	1.0750062465667725	0:24
4.6%	2300	4.599999999999715	-8107.20751953125	307.87979053017085	338	1.1253383159637451	0:24
4.8%	2400	4.799999999999693	-8003.0302734375	311.57913434352184	338	1.176403284072876	0:24
5.0%	2500	4.999999999999671	-7899.36181640625	303.5489817849935	338	1.2274501323699951	0:24
5.2%	2600	5.199999999999649	-8208.2060546875	317.0632608860654	338	1.278590202331543	0:24
5.4%	2700	5.399999999999627	-7859.46728515625	306.3815707803099	338	1.3290801048278809	0:24
5.6%	2800	5.599999999999605	-8067.6337890625	308.0567867046934	338	1.3797340393066406	0:24
5.8%	2900	5.799999999999583	-8064.01220703125	309.78903678432306	338	1.4295732975006104	0:24
6.0%	3000	5.999999999999561	-8083.98974609375	313.0912197618439	338	1.4805450439453125	0:23
6.2%	3100	6.199999999999539	-8120.20458984375	311.6615456595145	338	1.5325350761413574	0:23
6.4%	3200	6.399999999999517	-7891.65869140625	310.65223451055203	338	1.5829823017120361	0:23
6.6%	3300	6.599999999999495	-8034.6650390625	314.4929138980588	338	1.63431715965271	0:23
6.8%	3400	6.799999999999473	-7930.2265625	299.7330738540887	338	1.6850030422210693	0:23
7.0%	3500	6.999999999999451	-8048.388671875	306.98804543240175	338	1.7363502979278564	0:23
7.2%	3600	7.199999999999429	-8334.595703125	311.87608077019195	338	1.7868661880493164	0:23
7.4%	3700	7.399999999999407	-8209.66015625	300.4420939471383	339	1.8366494178771973	0:23
7.6%	3800	7.599999999999385	-8113.88330078125	301.77908258374083	339	1.8872103691101074	0:23
7.8%	3900	7.799999999999363	-8339.8232421875	308.7783748550745	339	1.9391162395477295	0:23
8.0%	4000	7.999999999999341	-8272.49609375	301.81470946312595	339	1.9898502826690674	0:23
8.2%	4100	8.199999999999408	-8207.994140625	301.70391068513	339	2.0413482189178467	0:23
8.4%	4200	8.399999999999475	-8394.2939453125	308.0169718280995	338	2.094177007675171	0:23
8.6%	4300	8.599999999999541	-8282.1494140625	296.19283728651084	338	2.145369291305542	0:23
8.8%	4400	8.799999999999608	-8375.947265625	301.44735314299464	338	2.1975691318511963	0:23
9.0%	4500	8.999999999999675	-8599.193359375	305.69402041407113	338	2.249558210372925	0:23
9.2%	4600	9.199999999999742	-8560.6572265625	302.2731726282678	338	2.3005833625793457	0:23
9.4%	4700	9.399999999999809	-8512.634765625	293.5593791223841	338	2.350064277648926	0:23
9.6%	4800	9.599999999999875	-8506.7099609375	298.21588768394724	338	2.40081524848938	0:23
9.8%	4900	9.799999999999942	-8460.21484375	299.25855743694825	339	2.450198173522949	0:23
10.0%	5000	10.000000000000009	-8292.6708984375	303.80316184968495	339	2.5009353160858154	0:22
10.2%	5100	10.200000000000076	-8461.083984375	309.19748147566446	338	2.5529043674468994	0:22
10.4%	5200	10.400000000000142	-8346.025390625	300.26491650172903	338	2.603800058364868	0:22
10.6%	5300	10.60000000000021	-8541.583984375	308.2466061643021	339	2.6538302898406982	0:22
10.8%	5400	10.800000000000276	-8605.189453125	293.93527101077996	339	2.704090118408203	0:22
11.0%	5500	11.000000000000343	-8485.9580078125	297.72898732600305	339	2.7540433406829834	0:22
11.2%	5600	11.20000000000041	-8512.7041015625	311.4688679858292	339	2.803697347640991	0:22
11.4%	5700	11.400000000000476	-8359.958984375	296.2706093694876	339	2.8546292781829834	0:22
11.6%	5800	11.600000000000543	-8506.232421875	295.5788208006708	339	2.9058821201324463	0:22
11.8%	5900	11.80000000000061	-8672.2646484375	298.3790410667659	339	2.955918073654175	0:22
12.0%	6000	12.000000000000677	-8742.4384765625	298.24736147604574	339	3.0058443546295166	0:22
12.2%	6100	12.200000000000744	-8713.140625	300.2847893599046	339	3.0564992427825928	0:22
12.4%	6200	12.40000000000081	-8861.564453125	305.7748844025668	339	3.1075382232666016	0:22
12.6%	6300	12.600000000000877	-8446.755859375	293.33581372692447	339	3.1575894355773926	0:22
12.8%	6400	12.800000000000944	-8594.205078125	300.89980714418454	339	3.2085602283477783	0:22
13.0%	6500	13.00000000000101	-8706.6416015625	303.5197279018354	339	3.2586281299591064	0:22
13.2%	6600	13.200000000001078	-8622.1767578125	296.81237226067026	340	3.3080263137817383	0:22
13.4%	6700	13.400000000001144	-8802.978515625	295.5940352925491	340	3.3576130867004395	0:22
13.6%	6800	13.600000000001211	-8643.7294921875	295.9519076328313	340	3.4085581302642822	0:21
13.8%	6900	13.800000000001278	-8936.99609375	292.53488951391273	340	3.459548234939575	0:21
14.0%	7000	14.000000000001345	-8903.142578125	301.2793753496843	340	3.5090343952178955	0:21
14.2%	7100	14.200000000001411	-8929.0166015625	301.6297151465672	340	3.5596563816070557	0:21
14.4%	7200	14.400000000001478	-8820.70703125	289.8690159550869	340	3.6106534004211426	0:21
14.6%	7300	14.600000000001545	-8783.375	295.5900093170873	340	3.6603944301605225	0:21
14.8%	7400	14.800000000001612	-8701.39453125	287.66493057758606	340	3.711160182952881	0:21
15.0%	7500	15.000000000001679	-8924.515625	296.3981769942412	340	3.761686086654663	0:21
15.2%	7600	15.200000000001745	-8650.3671875	292.86144309044226	340	3.8113162517547607	0:21
15.4%	7700	15.400000000001812	-8894.796875	294.4662159181219	340	3.862037420272827	0:21
15.6%	7800	15.600000000001879	-8708.248046875	297.00484563509167	340	3.911604404449463	0:21
15.8%	7900	15.800000000001946	-8746.83984375	298.4163201870306	340	3.9616682529449463	0:21
16.0%	8000	16.00000000000201	-8659.43359375	298.4895612423372	340	4.011473178863525	0:21
16.2%	8100	16.2000000000019	-8680.3115234375	301.0227821318707	340	4.0626983642578125	0:21
16.4%	8200	16.40000000000179	-8598.794921875	298.0053503404192	340	4.112077236175537	0:21
16.6%	8300	16.60000000000168	-8763.2724609375	299.60800249755084	340	4.1617372035980225	0:21
16.8%	8400	16.800000000001567	-8716.1943359375	302.6992084668216	341	4.211456060409546	0:21
17.0%	8500	17.000000000001457	-8533.548828125	294.65833497706376	341	4.261656284332275	0:21
17.2%	8600	17.200000000001346	-8745.48046875	300.0941196622652	341	4.312801122665405	0:21
17.4%	8700	17.400000000001235	-8638.783203125	295.08130841826005	341	4.364045143127441	0:20
17.6%	8800	17.600000000001124	-8793.3232421875	301.20505641776526	341	4.414739370346069	0:20
17.8%	8900	17.800000000001013	-8702.337890625	300.6350509727305	340	4.466198205947876	0:20
18.0%	9000	18.000000000000902	-8466.4453125	300.620043799954	340	4.517422199249268	0:20
18.2%	9100	18.20000000000079	-8631.138671875	295.5840986060697	340	4.5700953006744385	0:20
18.4%	9200	18.40000000000068	-8759.95703125	296.3406859795301	340	4.6208412647247314	0:20
18.6%	9300	18.60000000000057	-8953.7509765625	302.7402297871144	340	4.671516180038452	0:20
18.8%	9400	18.80000000000046	-8768.0126953125	293.51251838110926	340	4.721841335296631	0:20
19.0%	9500	19.000000000000348	-8869.57421875	306.7169081439225	340	4.773245334625244	0:20
19.2%	9600	19.200000000000237	-8702.4609375	304.63607053969315	340	4.824979305267334	0:20
19.4%	9700	19.400000000000126	-8505.18359375	296.50139666059414	337	4.921893119812012	0:20
19.6%	9800	19.600000000000016	-8515.6376953125	302.7271126267602	337	4.971806287765503	0:20
19.8%	9900	19.799999999999905	-8410.4609375	293.72643797420386	337	5.0209362506866455	0:20
20.0%	10000	19.999999999999794	-8632.6953125	304.6141047394099	337	5.070763111114502	0:20
20.2%	10100	20.199999999999683	-8685.90234375	303.0134827135801	337	5.12115216255188	0:20
20.4%	10200	20.399999999999572	-8641.111328125	297.07659043307666	337	5.171842098236084	0:20
20.6%	10300	20.59999999999946	-8697.625	297.47956498682714	337	5.223550319671631	0:20
20.8%	10400	20.79999999999935	-8831.984375	301.6351748197267	337	5.27369236946106	0:20
21.0%	10500	20.99999999999924	-8764.90625	303.2027978338819	338	5.323037385940552	0:20
21.2%	10600	21.19999999999913	-8598.1201171875	302.14414634201677	338	5.374571084976196	0:20
21.4%	10700	21.399999999999018	-8616.0078125	301.1367705131138	338	5.423953294754028	0:20
21.6%	10800	21.599999999998907	-8463.70703125	300.12080179882497	338	5.475367307662964	0:20
21.8%	10900	21.799999999998796	-8558.818359375	297.03771050244916	338	5.525876998901367	0:20
22.0%	11000	21.999999999998685	-8438.626953125	307.0339673711893	338	5.577078104019165	0:19
22.2%	11100	22.199999999998575	-8509.228515625	313.3433418248279	338	5.627583265304565	0:19
22.4%	11200	22.399999999998464	-8434.39453125	296.49836056393804	338	5.67896032333374	0:19
22.6%	11300	22.599999999998353	-8502.017578125	301.55068595858523	338	5.727856159210205	0:19
22.8%	11400	22.799999999998242	-8635.822265625	304.99842269431196	338	5.777500152587891	0:19
23.0%	11500	22.99999999999813	-8713.5966796875	300.3710573003697	338	5.827247142791748	0:19
23.2%	11600	23.19999999999802	-8626.837890625	302.8350251737996	338	5.878575325012207	0:19
23.4%	11700	23.39999999999791	-8487.685546875	307.3554471096865	338	5.928997278213501	0:19
23.6%	11800	23.5999999999978	-8561.1259765625	310.4704078581839	338	5.980255365371704	0:19
23.8%	11900	23.799999999997688	-8522.2880859375	304.14266395385795	338	6.029583215713501	0:19
24.0%	12000	23.999999999997577	-8649.279296875	305.20724837111874	338	6.080164194107056	0:19
24.2%	12100	24.199999999997466	-8920.669921875	307.6937056187805	338	6.131622314453125	0:19
24.4%	12200	24.399999999997355	-8842.1513671875	301.0426068985699	338	6.183010101318359	0:19
24.6%	12300	24.599999999997245	-8751.837890625	297.6041470032981	338	6.233572244644165	0:19
24.8%	12400	24.799999999997134	-8767.939453125	302.46231004056085	338	6.2843382358551025	0:19
25.0%	12500	24.999999999997023	-8687.3193359375	296.4710395698632	338	6.333750009536743	0:19
25.2%	12600	25.199999999996912	-8599.134765625	295.76383703508014	338	6.383594274520874	0:19
25.4%	12700	25.3999999999968	-8985.88671875	301.0836534367779	338	6.432972192764282	0:19
25.6%	12800	25.59999999999669	-8602.6943359375	294.8034069324452	339	6.483091354370117	0:18
25.8%	12900	25.79999999999658	-8963.953125	295.65704660770126	339	6.533871173858643	0:18
26.0%	13000	25.99999999999647	-8681.669921875	292.51469839830196	339	6.583278179168701	0:18
26.2%	13100	26.199999999996358	-8715.78125	303.0992085356456	339	6.634676218032837	0:18
26.4%	13200	26.399999999996247	-8658.240234375	311.6773222634911	339	6.684293270111084	0:18
26.6%	13300	26.599999999996136	-8622.767578125	307.7259164207953	339	6.734962224960327	0:18
26.8%	13400	26.799999999996025	-8581.4375	292.8621392435344	339	6.7862632274627686	0:18
27.0%	13500	26.999999999995914	-8881.681640625	297.78606473547785	339	6.836126327514648	0:18
27.2%	13600	27.199999999995804	-8912.982421875	299.8599247773134	339	6.886115074157715	0:18
27.4%	13700	27.399999999995693	-8845.10546875	288.47436129989	339	6.9362523555755615	0:18
27.6%	13800	27.599999999995582	-8948.4287109375	293.38196505238807	339	6.98759913444519	0:18
27.8%	13900	27.79999999999547	-8797.1484375	289.588553061338	339	7.037298202514648	0:18
28.0%	14000	27.99999999999536	-8884.3935546875	287.9925838748654	339	7.086473226547241	0:18
28.2%	14100	28.19999999999525	-8997.5546875	288.42910121985966	339	7.137786149978638	0:18
28.4%	14200	28.39999999999514	-9026.94921875	285.4130865753584	339	7.1888203620910645	0:18
28.6%	14300	28.599999999995028	-9251.630859375	290.0216631956367	339	7.2402801513671875	0:18
28.8%	14400	28.799999999994917	-9048.6591796875	287.36469790366874	339	7.289598226547241	0:18
29.0%	14500	28.999999999994806	-8985.6298828125	293.84237290156835	339	7.339116096496582	0:18
29.2%	14600	29.199999999994695	-8913.6611328125	294.7349086726584	339	7.390759229660034	0:18
29.4%	14700	29.399999999994584	-8969.5712890625	292.31443719055096	339	7.440212249755859	0:17
29.6%	14800	29.599999999994473	-9190.9619140625	298.56821083271876	339	7.491015195846558	0:17
29.8%	14900	29.799999999994363	-9062.740234375	300.03205302505904	339	7.541893243789673	0:17
30.0%	15000	29.99999999999425	-8957.75	297.48281536392795	339	7.592968225479126	0:17
30.2%	15100	30.19999999999414	-8908.689453125	297.78002341267205	339	7.643569231033325	0:17
30.4%	15200	30.39999999999403	-8959.1025390625	303.8461304270187	339	7.6932902336120605	0:17
30.6%	15300	30.59999999999392	-8817.912109375	287.0804401669672	339	7.74274206161499	0:17
30.8%	15400	30.79999999999381	-8874.470703125	286.96118014577684	339	7.792100191116333	0:17
31.0%	15500	30.999999999993697	-8960.5146484375	300.94598343720486	339	7.843007326126099	0:17
31.2%	15600	31.199999999993587	-9008.5546875	296.84977462985563	339	7.894135236740112	0:17
31.4%	15700	31.399999999993476	-8948.53515625	294.6468686650819	339	7.945844411849976	0:17
31.6%	15800	31.599999999993365	-8739.4140625	288.3998723186804	339	7.995820045471191	0:17
31.8%	15900	31.799999999993254	-9065.853515625	298.8829037146312	339	8.04633116722107	0:17
32.0%	16000	31.999999999993143	-8834.046875	302.1308175650501	339	8.09759521484375	0:17
32.2%	16100	32.19999999999339	-8957.078125	303.9733298291686	339	8.148193120956421	0:17
32.4%	16200	32.39999999999363	-8743.701171875	289.61990893303505	339	8.19960618019104	0:17
32.6%	16300	32.59999999999388	-8964.41796875	295.13417315549947	339	8.251201152801514	0:17
32.8%	16400	32.79999999999412	-8718.4140625	284.92921249643905	339	8.301188230514526	0:17
33.0%	16500	32.999999999994365	-8758.4970703125	291.0951985147823	339	8.352413177490234	0:17
33.2%	16600	33.19999999999461	-8888.8564453125	299.3822264524474	339	8.403739213943481	0:17
33.4%	16700	33.399999999994854	-8856.1962890625	293.3276824286604	339	8.455026388168335	0:16
33.6%	16800	33.5999999999951	-8909.36328125	288.10521288086346	339	8.50655722618103	0:16
33.8%	16900	33.79999999999534	-9035.0556640625	297.6663501624356	339	8.556528329849243	0:16
34.0%	17000	33.99999999999559	-9004.35546875	303.22892115527424	339	8.606670141220093	0:16
34.2%	17100	34.19999999999583	-8823.5517578125	295.809972115529	339	8.657082319259644	0:16
34.4%	17200	34.399999999996076	-8865.2314453125	300.2176441093181	339	8.708624124526978	0:16
34.6%	17300	34.59999999999632	-8899.15625	304.8126643603414	339	8.760054111480713	0:16
34.8%	17400	34.799999999996565	-8822.81640625	302.1393944257246	339	8.811086177825928	0:16
35.0%	17500	34.99999999999681	-8765.2392578125	297.265495524276	338	8.903446197509766	0:16
35.2%	17600	35.199999999997054	-8760.4990234375	301.92237456385993	338	8.95337700843811	0:16
35.4%	17700	35.3999999999973	-8798.8671875	302.4695520440198	338	9.00472617149353	0:16
35.6%	17800	35.59999999999754	-8976.837890625	302.00532157911255	338	9.054326057434082	0:16
35.8%	17900	35.79999999999779	-8712.0908203125	306.82347801207527	338	9.103874206542969	0:16
36.0%	18000	35.99999999999803	-8627.435546875	295.0556682107138	338	9.153749465942383	0:16
36.2%	18100	36.199999999998276	-8909.96875	307.7203386818016	338	9.205071210861206	0:16
36.4%	18200	36.39999999999852	-8972.8603515625	308.1915196832544	338	9.255953311920166	0:16
36.6%	18300	36.599999999998765	-9105.5771484375	306.52926056126495	338	9.307664155960083	0:16
36.8%	18400	36.79999999999901	-8939.2587890625	304.4675039914878	338	9.359021186828613	0:16
37.0%	18500	36.999999999999254	-8921.7470703125	300.2081658873066	338	9.410245180130005	0:16
37.2%	18600	37.1999999999995	-8838.890625	298.3818387272299	338	9.461035013198853	0:16
37.4%	18700	37.39999999999974	-8822.16796875	300.4058814517548	338	9.511163234710693	0:16
37.6%	18800	37.59999999999999	-8669.7509765625	298.1588434388909	338	9.561329364776611	0:15
37.8%	18900	37.80000000000023	-8685.7763671875	295.1444463264298	338	9.61143445968628	0:15
38.0%	19000	38.000000000000476	-9017.3759765625	302.25057371748613	338	9.662672281265259	0:15
38.2%	19100	38.20000000000072	-8957.8310546875	302.28770889593994	338	9.71547818183899	0:15
38.4%	19200	38.400000000000965	-8883.701171875	296.542320573757	338	9.765667200088501	0:15
38.6%	19300	38.60000000000121	-8992.0849609375	301.46236810338104	338	9.816954135894775	0:15
38.8%	19400	38.800000000001454	-8910.4287109375	291.4875376746307	338	9.868018388748169	0:15
39.0%	19500	39.0000000000017	-8922.8720703125	292.8349546338281	338	9.917900085449219	0:15
39.2%	19600	39.20000000000194	-8906.3251953125	301.1163139867548	338	9.968790054321289	0:15
39.4%	19700	39.40000000000219	-8952.66796875	308.4863697567771	338	10.019519329071045	0:15
39.6%	19800	39.60000000000243	-8670.7529296875	305.8874394758674	338	10.07075309753418	0:15
39.8%	19900	39.800000000002676	-8775.4609375	310.55507130694144	338	10.12146520614624	0:15
40.0%	20000	40.00000000000292	-8972.546875	308.0244200834714	338	10.172668218612671	0:15
40.2%	20100	40.200000000003165	-8934.1083984375	304.46414950599427	338	10.22255825996399	0:15
40.4%	20200	40.40000000000341	-8998.744140625	300.254990599702	338	10.274471282958984	0:15
40.6%	20300	40.600000000003654	-8947.625	298.4039125456152	338	10.324474096298218	0:15
40.8%	20400	40.8000000000039	-8898.716796875	300.88063702644627	338	10.3753981590271	0:15
41.0%	20500	41.00000000000414	-8900.796875	307.7578520906496	338	10.42513108253479	0:15
41.2%	20600	41.20000000000439	-8798.3896484375	306.8472420411974	338	10.476503133773804	0:15
41.4%	20700	41.40000000000463	-8828.2568359375	305.4283742371007	338	10.526015281677246	0:14
41.6%	20800	41.600000000004876	-8675.2685546875	299.5675650036226	338	10.577138185501099	0:14
41.8%	20900	41.80000000000512	-8848.953125	300.421286247842	338	10.628397226333618	0:14
42.0%	21000	42.000000000005365	-8752.7939453125	294.81520137152035	338	10.67963433265686	0:14
42.2%	21100	42.20000000000561	-8824.9970703125	298.52753030941506	338	10.731868267059326	0:14
42.4%	21200	42.40000000000585	-8661.314453125	290.0161689706971	338	10.782108306884766	0:14
42.6%	21300	42.6000000000061	-8723.5634765625	294.68371741746336	338	10.833032369613647	0:14
42.8%	21400	42.80000000000634	-8863.8828125	295.85916832450283	338	10.883939266204834	0:14
43.0%	21500	43.00000000000659	-9168.1064453125	301.5573092850398	338	10.935401201248169	0:14
43.2%	21600	43.20000000000683	-8935.287109375	291.6871592178472	338	10.987008094787598	0:14
43.4%	21700	43.400000000007076	-8836.4462890625	295.01429520474807	338	11.039265155792236	0:14
43.6%	21800	43.60000000000732	-8887.2509765625	293.6724221623137	338	11.090808153152466	0:14
43.8%	21900	43.800000000007564	-8812.841796875	296.51157641026117	338	11.141825199127197	0:14
44.0%	22000	44.00000000000781	-9114.5009765625	309.90777775928285	338	11.192930221557617	0:14
44.2%	22100	44.20000000000805	-8705.9755859375	299.05117675198477	338	11.244463205337524	0:14
44.4%	22200	44.4000000000083	-8866.15625	298.93698570163735	338	11.296212434768677	0:14
44.6%	22300	44.60000000000854	-8907.5419921875	301.4725120630427	338	11.34589433670044	0:14
44.8%	22400	44.80000000000879	-9018.6259765625	301.2835085281139	338	11.397548198699951	0:14
45.0%	22500	45.00000000000903	-9011.53125	298.8865860625707	338	11.448835134506226	0:14
45.2%	22600	45.200000000009275	-9008.724609375	305.2758360207211	338	11.498575210571289	0:14
45.4%	22700	45.40000000000952	-8682.2978515625	295.6106762637289	338	11.54985523223877	0:13
45.6%	22800	45.600000000009764	-8938.115234375	301.45019347658877	338	11.600037336349487	0:13
45.8%	22900	45.80000000001001	-9108.56640625	303.70488340412584	338	11.651410341262817	0:13
46.0%	23000	46.00000000001025	-8963.6240234375	303.32379696352166	338	11.702889204025269	0:13
46.2%	23100	46.2000000000105	-8995.7177734375	306.0251659838151	338	11.754322290420532	0:13
46.4%	23200	46.40000000001074	-8902.4443359375	300.392799651126	338	11.805160284042358	0:13
46.6%	23300	46.600000000010986	-8891.357421875	297.0943212564342	338	11.856265306472778	0:13
46.8%	23400	46.80000000001123	-8905.9384765625	303.17665273034993	338	11.907682180404663	0:13
47.0%	23500	47.000000000011475	-8860.89453125	303.4876614476964	337	11.999345302581787	0:13
47.2%	23600	47.20000000001172	-8726.451171875	297.78491828785815	337	12.053367137908936	0:13
47.4%	23700	47.400000000011964	-8921.19140625	306.2805354077923	337	12.104451179504395	0:13
47.6%	23800	47.60000000001221	-8708.2236328125	297.36127632624084	337	12.154568195343018	0:13
47.8%	23900	47.80000000001245	-8823.7802734375	307.5808637478492	337	12.20494532585144	0:13
48.0%	24000	48.0000000000127	-8818.1875	304.6732748934751	337	12.256179332733154	0:13
48.2%	24100	48.20000000001294	-8892.439453125	307.169763816839	337	12.310127258300781	0:13
48.4%	24200	48.400000000013186	-8857.2373046875	309.87950369119585	337	12.359700441360474	0:13
48.6%	24300	48.60000000001343	-8805.318359375	303.649565944557	337	12.411131143569946	0:13
48.8%	24400	48.800000000013675	-8805.796875	307.4503555728039	337	12.460714340209961	0:13
49.0%	24500	49.00000000001392	-8422.8173828125	299.99703799250614	337	12.510735273361206	0:13
49.2%	24600	49.200000000014164	-8534.046875	294.5020604047064	337	12.56044316291809	0:13
49.4%	24700	49.40000000001441	-8773.279296875	305.6596609078291	337	12.611615419387817	0:12
49.6%	24800	49.60000000001465	-8807.9072265625	309.1659899744849	337	12.661641359329224	0:12
49.8%	24900	49.8000000000149	-8610.541015625	301.3081962552368	337	12.712619066238403	0:12
50.0%	25000	50.00000000001514	-8692.7060546875	302.5887904725533	337	12.763176202774048	0:12
50.2%	25100	50.200000000015386	-8684.3134765625	295.5143085556428	337	12.813592195510864	0:12
50.4%	25200	50.40000000001563	-8784.466796875	307.9151486645305	337	12.86255931854248	0:12
50.6%	25300	50.600000000015875	-8705.2822265625	302.070388885839	337	12.913899183273315	0:12
50.8%	25400	50.80000000001612	-8695.6826171875	302.68048575162305	337	12.964806318283081	0:12
51.0%	25500	51.000000000016364	-8532.4296875	306.53954187708376	337	13.015985250473022	0:12
51.2%	25600	51.20000000001661	-8631.90625	297.8630523070364	337	13.06557321548462	0:12
51.4%	25700	51.40000000001685	-8694.708984375	299.8141165892045	337	13.115792274475098	0:12
51.6%	25800	51.6000000000171	-8917.591796875	307.4695721642939	337	13.165716409683228	0:12
51.8%	25900	51.80000000001734	-8890.2685546875	298.98122269902296	337	13.217050313949585	0:12
52.0%	26000	52.000000000017586	-8874.3427734375	299.4827605953676	337	13.268786191940308	0:12
52.2%	26100	52.20000000001783	-8926.1591796875	299.1717347754912	337	13.32144832611084	0:12
52.4%	26200	52.400000000018075	-9016.93359375	303.36816371202883	337	13.371621131896973	0:12
52.6%	26300	52.60000000001832	-8892.9091796875	300.8114545479847	337	13.428114175796509	0:12
52.8%	26400	52.800000000018564	-8972.59765625	299.6815280402488	337	13.47979211807251	0:12
53.0%	26500	53.00000000001881	-8889.2080078125	302.52501041136196	337	13.529487133026123	0:12
53.2%	26600	53.20000000001905	-9026.1875	306.89028168315315	337	13.581568002700806	0:11
53.4%	26700	53.4000000000193	-8838.9326171875	307.0409598061974	337	13.633275270462036	0:11
53.6%	26800	53.60000000001954	-8847.7490234375	302.03281774705664	337	13.682538270950317	0:11
53.8%	26900	53.800000000019786	-8913.7529296875	303.6278072012166	337	13.734321355819702	0:11
54.0%	27000	54.00000000002003	-8802.53515625	299.15901260800007	337	13.783815383911133	0:11
54.2%	27100	54.200000000020275	-9046.685546875	300.7816561763622	337	13.835549354553223	0:11
54.4%	27200	54.40000000002052	-8975.7080078125	305.5677175306599	337	13.885662317276001	0:11
54.6%	27300	54.60000000002076	-8891.630859375	299.71027014707397	337	13.936629056930542	0:11
54.8%	27400	54.80000000002101	-8764.7109375	303.26413796453386	337	13.987106084823608	0:11
55.0%	27500	55.00000000002125	-8882.8681640625	302.9166810563089	337	14.037229061126709	0:11
55.2%	27600	55.2000000000215	-8742.85546875	306.50129936014963	337	14.087491273880005	0:11
55.4%	27700	55.40000000002174	-8763.7626953125	305.952519490842	337	14.138473272323608	0:11
55.6%	27800	55.600000000021986	-9027.392578125	302.3850733815671	337	14.18994927406311	0:11
55.8%	27900	55.80000000002223	-8800.9755859375	299.8860464606296	337	14.241412162780762	0:11
56.0%	28000	56.000000000022474	-8756.0341796875	299.3941633180061	337	14.292017221450806	0:11
56.2%	28100	56.20000000002272	-8842.291015625	297.3816729319166	337	14.343447208404541	0:11
56.4%	28200	56.40000000002296	-8829.1552734375	301.43819603871304	337	14.394950151443481	0:11
56.6%	28300	56.60000000002321	-8938.7568359375	305.3412061973295	336	14.490780353546143	0:11
56.8%	28400	56.80000000002345	-9009.86328125	304.7683442513164	336	14.541880130767822	0:11
57.0%	28500	57.0000000000237	-8947.8212890625	293.31353689852136	336	14.591868162155151	0:11
57.2%	28600	57.20000000002394	-9032.677734375	294.9551424660855	336	14.642547369003296	0:10
57.4%	28700	57.400000000024185	-8976.8935546875	294.00398725847634	336	14.693495035171509	0:10
57.6%	28800	57.60000000002443	-8868.1171875	298.00720209007125	336	14.7431800365448	0:10
57.8%	28900	57.800000000024674	-8922.015625	300.3596177488544	336	14.793313026428223	0:10
58.0%	29000	58.00000000002492	-9029.15234375	300.9451976565625	336	14.843634366989136	0:10
58.2%	29100	58.20000000002516	-9007.310546875	301.4162061725139	336	14.895365238189697	0:10
58.4%	29200	58.40000000002541	-8888.220703125	298.2527390601171	336	14.94566035270691	0:10
58.6%	29300	58.60000000002565	-8729.791015625	299.6600370332618	336	14.996020317077637	0:10
58.8%	29400	58.800000000025896	-8909.0859375	302.3836335389917	337	15.045539140701294	0:10
59.0%	29500	59.00000000002614	-8738.892578125	299.26125667706094	337	15.096941232681274	0:10
59.2%	29600	59.200000000026385	-8907.353515625	298.25244588650645	337	15.146751403808594	0:10
59.4%	29700	59.40000000002663	-8831.267578125	298.78437282476483	337	15.197631359100342	0:10
59.6%	29800	59.600000000026874	-9093.509765625	302.2829765983161	337	15.249041318893433	0:10
59.8%	29900	59.80000000002712	-8940.0478515625	295.1853103746753	337	15.299699306488037	0:10
60.0%	30000	60.00000000002736	-9042.9697265625	295.3888622659577	337	15.349485158920288	0:10
60.2%	30100	60.20000000002761	-9141.1875	302.03947539537296	337	15.402095317840576	0:10
60.4%	30200	60.40000000002785	-8727.4345703125	293.4866762393339	337	15.452255249023438	0:10
60.6%	30300	60.600000000028096	-8871.900390625	300.5173833234783	337	15.503595113754272	0:10
60.8%	30400	60.80000000002834	-8662.568359375	298.37672683120456	337	15.553799152374268	0:10
61.0%	30500	61.000000000028585	-8761.2490234375	304.400481709889	337	15.604412317276001	0:10
61.2%	30600	61.20000000002883	-8769.306640625	301.54239432094084	337	15.65479326248169	0:09
61.4%	30700	61.400000000029074	-8985.1630859375	311.67215559372477	337	15.705097436904907	0:09
61.6%	30800	61.60000000002932	-8854.130859375	305.42144563884597	337	15.756377220153809	0:09
61.8%	30900	61.80000000002956	-8707.9833984375	305.56299821963256	337	15.808504104614258	0:09
62.0%	31000	62.00000000002981	-8711.271484375	301.1521315172293	337	15.85912823677063	0:09
62.2%	31100	62.20000000003005	-8675.3203125	305.6860614637102	337	15.911561250686646	0:09
62.4%	31200	62.400000000030296	-8708.580078125	295.21166410942135	337	15.961613178253174	0:09
62.6%	31300	62.60000000003054	-8824.7412109375	295.39741843627036	337	16.013360261917114	0:09
62.8%	31400	62.800000000030785	-8825.330078125	303.38793647588176	337	16.064797401428223	0:09
63.0%	31500	63.00000000003103	-8717.2919921875	293.24407535612494	337	16.11745023727417	0:09
63.2%	31600	63.200000000031274	-8853.935546875	300.39095506542196	337	16.168349266052246	0:09
63.4%	31700	63.40000000003152	-8964.896484375	307.1456143311278	337	16.219839334487915	0:09
63.6%	31800	63.60000000003176	-8781.59765625	305.86952782852416	337	16.27192711830139	0:09
63.8%	31900	63.80000000003201	-8684.1328125	302.66402477303404	337	16.324798345565796	0:09
64.0%	32000	64.00000000003224	-8820.783203125	299.97188979761927	337	16.376355171203613	0:09
64.2%	32100	64.20000000003178	-8848.35546875	302.4698527505729	337	16.428234338760376	0:09
64.4%	32200	64.40000000003131	-8959.5146484375	308.2721010056145	337	16.479019165039062	0:09
64.6%	32300	64.60000000003085	-8991.6064453125	302.26330192103865	337	16.530050039291382	0:09
64.8%	32400	64.80000000003038	-8801.771484375	296.79310878516185	336	16.62587332725525	0:09
65.0%	32500	65.00000000002991	-9002.888671875	297.2413408504749	336	16.675864219665527	0:09
65.2%	32600	65.20000000002945	-8843.134765625	306.49505849199954	336	16.726102113723755	0:08
65.4%	32700	65.40000000002898	-8860.109375	304.3659570480733	336	16.77567410469055	0:08
65.6%	32800	65.60000000002852	-9078.939453125	302.1724397859094	336	16.82564401626587	0:08
65.8%	32900	65.80000000002805	-8707.359375	293.9665119562294	336	16.876084327697754	0:08
66.0%	33000	66.00000000002758	-9077.4560546875	310.7774013489106	336	16.92631506919861	0:08
66.2%	33100	66.20000000002712	-8778.8896484375	301.82189209711436	336	16.977630376815796	0:08
66.4%	33200	66.40000000002665	-8844.8291015625	302.7952473603433	336	17.028207302093506	0:08
66.6%	33300	66.60000000002618	-8903.6513671875	309.2996677211536	336	17.078314304351807	0:08
66.8%	33400	66.80000000002572	-8778.16796875	296.0461023825735	336	17.12803816795349	0:08
67.0%	33500	67.00000000002525	-9016.509765625	305.8273252057698	336	17.177770376205444	0:08
67.2%	33600	67.20000000002479	-8839.296875	302.96072866979944	336	17.228776216506958	0:08
67.4%	33700	67.40000000002432	-9067.78125	310.39730548966867	336	17.279067277908325	0:08
67.6%	33800	67.60000000002385	-8838.45703125	296.84325857221245	336	17.329233169555664	0:08
67.8%	33900	67.80000000002339	-8996.9814453125	298.4176050547557	336	17.379112243652344	0:08
68.0%	34000	68.00000000002292	-9184.078125	294.7464355606963	336	17.429301023483276	0:08
68.2%	34100	68.20000000002246	-9071.021484375	296.5153799637905	336	17.48092222213745	0:08
68.4%	34200	68.40000000002199	-8846.7763671875	285.3109272882049	336	17.53241229057312	0:08
68.6%	34300	68.60000000002152	-9219.0185546875	293.9865782401461	336	17.581895351409912	0:08
68.8%	34400	68.80000000002106	-9135.1884765625	294.76404130239297	336	17.633278369903564	0:08
69.0%	34500	69.00000000002059	-9227.2578125	306.8713631055752	336	17.682960271835327	0:07
69.2%	34600	69.20000000002013	-9129.498046875	291.34941306133277	336	17.73370623588562	0:07
69.4%	34700	69.40000000001966	-9114.13671875	290.8944896543287	336	17.784370183944702	0:07
69.6%	34800	69.6000000000192	-9124.140625	293.6024351509058	336	17.835463285446167	0:07
69.8%	34900	69.80000000001873	-9180.01171875	297.0157464532382	336	17.88655924797058	0:07
70.0%	35000	70.00000000001826	-8883.095703125	294.5820454268054	336	17.937013149261475	0:07
70.2%	35100	70.2000000000178	-9127.4228515625	297.03596021338217	336	17.9870502948761	0:07
70.4%	35200	70.40000000001733	-8992.49609375	296.8267826587134	336	18.038750410079956	0:07
70.6%	35300	70.60000000001686	-8932.76171875	295.71241054077245	336	18.08818030357361	0:07
70.8%	35400	70.8000000000164	-9046.3642578125	295.2317463403699	336	18.138779163360596	0:07
71.0%	35500	71.00000000001593	-8999.7197265625	295.3124840042432	336	18.189009189605713	0:07
71.2%	35600	71.20000000001546	-8859.212890625	293.9239670932875	336	18.240580081939697	0:07
71.4%	35700	71.400000000015	-9232.63671875	302.8508659797494	336	18.29092812538147	0:07
71.6%	35800	71.60000000001453	-8863.3984375	297.5557144961927	336	18.342159271240234	0:07
71.8%	35900	71.80000000001407	-9081.296875	298.51163964291993	336	18.3933322429657	0:07
72.0%	36000	72.0000000000136	-9086.5947265625	296.8193148987888	336	18.443546295166016	0:07
72.2%	36100	72.20000000001313	-9018.4248046875	295.37636362691944	336	18.49416708946228	0:07
72.4%	36200	72.40000000001267	-8999.11328125	299.98450269606565	336	18.54503035545349	0:07
72.6%	36300	72.6000000000122	-9184.5390625	301.01315908710177	336	18.59542417526245	0:07
72.8%	36400	72.80000000001174	-9064.5927734375	292.89929513756204	336	18.64676022529602	0:06
73.0%	36500	73.00000000001127	-8989.11328125	294.9192680066958	336	18.69635820388794	0:06
73.2%	36600	73.2000000000108	-8855.884765625	298.7367989179889	336	18.747446060180664	0:06
73.4%	36700	73.40000000001034	-8817.33984375	298.99041538310195	336	18.798550128936768	0:06
73.6%	36800	73.60000000000987	-8769.81640625	298.30295770344947	336	18.84969711303711	0:06
73.8%	36900	73.8000000000094	-8664.9970703125	300.79744067031066	336	18.900094270706177	0:06
74.0%	37000	74.00000000000894	-8877.3193359375	306.6863570813479	336	18.950876235961914	0:06
74.2%	37100	74.20000000000847	-8820.740234375	305.4376993488109	336	19.001919984817505	0:06
74.4%	37200	74.400000000008	-8909.8994140625	301.7008063778078	336	19.053901195526123	0:06
74.6%	37300	74.60000000000754	-8711.5703125	306.07929385667273	336	19.10597515106201	0:06
74.8%	37400	74.80000000000707	-8781.109375	304.3622234236765	336	19.15631413459778	0:06
75.0%	37500	75.00000000000661	-8895.0361328125	301.88340929761983	336	19.207122325897217	0:06
75.2%	37600	75.20000000000614	-8759.5478515625	303.5835275945504	336	19.257867097854614	0:06
75.4%	37700	75.40000000000568	-8963.025390625	307.61861812364583	336	19.3088321685791	0:06
75.6%	37800	75.60000000000521	-9059.2939453125	308.5658629660087	337	19.358606100082397	0:06
75.8%	37900	75.80000000000474	-8848.2333984375	299.65649239951495	337	19.409693241119385	0:06
76.0%	38000	76.00000000000428	-8806.3095703125	295.25719802347686	337	19.45968222618103	0:06
76.2%	38100	76.20000000000381	-8909.48828125	297.6270573855352	337	19.51030135154724	0:06
76.4%	38200	76.40000000000335	-8792.62109375	299.21427290318036	337	19.561397075653076	0:06
76.6%	38300	76.60000000000288	-8774.0390625	300.12805517571365	337	19.610945224761963	0:06
76.8%	38400	76.80000000000241	-8909.345703125	307.4165248601736	337	19.66044521331787	0:05
77.0%	38500	77.00000000000195	-8988.31640625	303.27071614028597	337	19.711470127105713	0:05
77.2%	38600	77.20000000000148	-8923.46484375	304.1025879774248	337	19.761356115341187	0:05
77.4%	38700	77.40000000000101	-8960.498046875	302.55407132448465	337	19.811183214187622	0:05
77.6%	38800	77.60000000000055	-8685.109375	290.02311095602226	336	19.873793125152588	0:05
77.8%	38900	77.80000000000008	-8865.56640625	304.92780030963934	336	19.924930095672607	0:05
78.0%	39000	77.99999999999962	-8989.3095703125	302.47722563393035	337	19.97543716430664	0:05
78.2%	39100	78.19999999999915	-8855.0537109375	300.06758374095233	337	20.025805234909058	0:05
78.4%	39200	78.39999999999868	-8838.234375	301.29683888001944	337	20.075557231903076	0:05
78.6%	39300	78.59999999999822	-8952.5908203125	300.3241063030219	337	20.125571250915527	0:05
78.8%	39400	78.79999999999775	-8740.634765625	303.52802966496273	337	20.17547631263733	0:05
79.0%	39500	78.99999999999729	-8712.05859375	309.232999039195	337	20.226989269256592	0:05
79.2%	39600	79.19999999999682	-8843.4677734375	304.5519775844241	337	20.278115272521973	0:05
79.4%	39700	79.39999999999635	-8765.169921875	312.93698952134156	337	20.328280210494995	0:05
79.6%	39800	79.59999999999589	-8623.9140625	303.8510431190249	337	20.379478216171265	0:05
79.8%	39900	79.79999999999542	-8654.93359375	303.0610003146311	337	20.430339097976685	0:05
80.0%	40000	79.99999999999496	-8682.107421875	316.81872585316665	337	20.47950315475464	0:05
80.2%	40100	80.19999999999449	-8652.650390625	315.5666805712634	337	20.531655311584473	0:05
80.4%	40200	80.39999999999402	-8422.6220703125	304.7802956438686	337	20.581804037094116	0:05
80.6%	40300	80.59999999999356	-8437.3779296875	308.93084073864065	337	20.632755279541016	0:04
80.8%	40400	80.79999999999309	-8652.7568359375	310.9881128987746	337	20.683939218521118	0:04
81.0%	40500	80.99999999999262	-8517.6123046875	308.9280845008136	337	20.73326826095581	0:04
81.2%	40600	81.19999999999216	-8687.662109375	312.38389476605465	337	20.784456253051758	0:04
81.4%	40700	81.39999999999169	-8812.611328125	307.02304247026086	337	20.83507513999939	0:04
81.6%	40800	81.59999999999123	-8838.0390625	311.1967112016023	337	20.88637638092041	0:04
81.8%	40900	81.79999999999076	-8721.93359375	297.1663117477339	337	20.936959266662598	0:04
82.0%	41000	81.9999999999903	-8714.0390625	302.11857106517397	337	20.98733425140381	0:04
82.2%	41100	82.19999999998983	-8895.318359375	306.5000093575899	337	21.038807153701782	0:04
82.4%	41200	82.39999999998936	-8659.8896484375	297.1277019700673	337	21.090243101119995	0:04
82.6%	41300	82.5999999999889	-8830.318359375	297.69795730554165	337	21.14135718345642	0:04
82.8%	41400	82.79999999998843	-8932.875	301.71537216054963	337	21.191112279891968	0:04
83.0%	41500	82.99999999998796	-8799.9482421875	299.86160631069794	337	21.240960121154785	0:04
83.2%	41600	83.1999999999875	-8704.0009765625	294.7234872290956	337	21.292272329330444	0:04
83.4%	41700	83.39999999998703	-9044.7900390625	299.5387830346416	337	21.341832399368286	0:04
83.6%	41800	83.59999999998657	-9027.822265625	299.2462295434452	337	21.391934394836426	0:04
83.8%	41900	83.7999999999861	-9120.5673828125	298.37770894887666	337	21.442058324813843	0:04
84.0%	42000	83.99999999998563	-9023.8134765625	305.32896911959614	337	21.492080211639404	0:04
84.2%	42100	84.19999999998517	-8860.1015625	307.72526795081797	337	21.541986227035522	0:04
84.4%	42200	84.3999999999847	-8988.7265625	300.614236552016	337	21.59291124343872	0:04
84.6%	42300	84.59999999998423	-9087.44140625	302.1666632371744	337	21.644317388534546	0:03
84.8%	42400	84.79999999998377	-8986.255859375	299.0182729511338	337	21.694170236587524	0:03
85.0%	42500	84.9999999999833	-8847.4716796875	302.6951083038168	337	21.744190216064453	0:03
85.2%	42600	85.19999999998284	-8976.755859375	303.4887545317806	337	21.79536533355713	0:03
85.4%	42700	85.39999999998237	-8873.61328125	298.4255077570359	337	21.84614324569702	0:03
85.6%	42800	85.5999999999819	-8844.66796875	302.5745631449392	337	21.89714527130127	0:03
85.8%	42900	85.79999999998144	-8828.8994140625	304.8368235208687	337	21.949050188064575	0:03
86.0%	43000	85.99999999998097	-8726.2099609375	301.81122691604395	337	22.00030517578125	0:03
86.2%	43100	86.1999999999805	-8983.431640625	304.7934435724208	337	22.05099630355835	0:03
86.4%	43200	86.39999999998004	-8705.947265625	299.0993021309915	337	22.102734088897705	0:03
86.6%	43300	86.59999999997957	-8717.49609375	302.4837996501642	337	22.152950048446655	0:03
86.8%	43400	86.79999999997911	-8914.748046875	308.71732621222134	337	22.203593254089355	0:03
87.0%	43500	86.99999999997864	-8765.498046875	299.3571128889652	337	22.254897356033325	0:03
87.2%	43600	87.19999999997817	-8855.9267578125	301.4083735873355	337	22.307607173919678	0:03
87.4%	43700	87.39999999997771	-8675.916015625	303.58106895290814	337	22.35891628265381	0:03
87.6%	43800	87.59999999997724	-8754.92578125	305.8007995566366	337	22.40982723236084	0:03
87.8%	43900	87.79999999997678	-8660.6298828125	304.70509820800675	337	22.46023440361023	0:03
88.0%	44000	87.99999999997631	-8719.970703125	306.7839703333296	337	22.511613368988037	0:03
88.2%	44100	88.19999999997584	-8720.091796875	306.15296522676744	337	22.56292414665222	0:03
88.4%	44200	88.39999999997538	-8776.892578125	297.9077590037777	337	22.613622188568115	0:02
88.6%	44300	88.59999999997491	-8729.666015625	303.25394746394164	337	22.66519808769226	0:02
88.8%	44400	88.79999999997445	-8875.67578125	297.3957821587628	337	22.71659231185913	0:02
89.0%	44500	88.99999999997398	-8786.2451171875	301.8631970149671	337	22.766411066055298	0:02
89.2%	44600	89.19999999997351	-9038.9453125	301.7051343560039	337	22.816383361816406	0:02
89.4%	44700	89.39999999997305	-8975.591796875	306.2224577096091	337	22.86609721183777	0:02
89.6%	44800	89.59999999997258	-8956.9619140625	299.9476056111613	337	22.9174861907959	0:02
89.8%	44900	89.79999999997212	-8871.41015625	296.77791929954867	337	22.967681169509888	0:02
90.0%	45000	89.99999999997165	-8829.6767578125	296.86674982109537	337	23.01899528503418	0:02
90.2%	45100	90.19999999997118	-8996.833984375	305.40870861371934	337	23.0693142414093	0:02
90.4%	45200	90.39999999997072	-8855.169921875	297.1962105628741	337	23.11903429031372	0:02
90.6%	45300	90.59999999997025	-8998.83984375	294.170258854949	337	23.170069456100464	0:02
90.8%	45400	90.79999999996978	-8755.515625	292.74829776953413	337	23.220710277557373	0:02
91.0%	45500	90.99999999996932	-8907.1142578125	299.13027931637487	337	23.272101163864136	0:02
91.2%	45600	91.19999999996885	-8888.123046875	306.44245238002713	337	23.32350516319275	0:02
91.4%	45700	91.39999999996839	-8947.490234375	306.9077523537821	337	23.375126123428345	0:02
91.6%	45800	91.59999999996792	-8891.8359375	304.49530044288946	337	23.4253351688385	0:02
91.8%	45900	91.79999999996745	-8800.388671875	303.52886620784005	337	23.47537922859192	0:02
92.0%	46000	91.99999999996699	-8888.2216796875	301.5002405611433	337	23.52655839920044	0:02
92.2%	46100	92.19999999996652	-8805.802734375	296.97459656098937	337	23.57708740234375	0:01
92.4%	46200	92.39999999996606	-8935.7001953125	300.9792439352603	337	23.627012252807617	0:01
92.6%	46300	92.59999999996559	-8830.66796875	297.3008880581101	337	23.67683506011963	0:01
92.8%	46400	92.79999999996512	-9130.3271484375	296.6825378115672	337	23.728028297424316	0:01
93.0%	46500	92.99999999996466	-8930.5224609375	303.48999975786705	337	23.778242111206055	0:01
93.2%	46600	93.19999999996419	-9098.51953125	309.4333413221008	337	23.82766628265381	0:01
93.4%	46700	93.39999999996373	-9133.6123046875	303.4227945322649	337	23.87908411026001	0:01
93.6%	46800	93.59999999996326	-9118.8955078125	298.9551167796257	337	23.929944276809692	0:01
93.8%	46900	93.7999999999628	-9089.705078125	298.63296773760015	337	23.979291200637817	0:01
94.0%	47000	93.99999999996233	-9003.1083984375	294.01736097697903	337	24.029223203659058	0:01
94.2%	47100	94.19999999996186	-9003.2275390625	296.7180638589969	337	24.07959222793579	0:01
94.4%	47200	94.3999999999614	-9061.4482421875	285.7482270410071	337	24.130770206451416	0:01
94.6%	47300	94.59999999996093	-8963.958984375	289.08514824225153	337	24.181737422943115	0:01
94.8%	47400	94.79999999996046	-9251.3974609375	305.30449524623464	337	24.232681274414062	0:01
95.0%	47500	94.99999999996	-9040.9697265625	298.8924362088207	337	24.283669233322144	0:01
95.2%	47600	95.19999999995953	-8878.7490234375	289.4013075002968	337	24.334909200668335	0:01
95.4%	47700	95.39999999995906	-8933.4140625	299.47402764930735	337	24.38592004776001	0:01
95.6%	47800	95.5999999999586	-9326.8173828125	304.6710877303891	337	24.437108278274536	0:01
95.8%	47900	95.79999999995813	-9100.923828125	292.932282656174	337	24.487426042556763	0:01
96.0%	48000	95.99999999995767	-9208.81640625	299.4981922221629	337	24.537692308425903	0:01
96.2%	48100	96.1999999999572	-9022.08203125	299.61649317761464	337	24.589011192321777	0:00
96.4%	48200	96.39999999995673	-8897.328125	302.6407365814595	337	24.64016318321228	0:00
96.6%	48300	96.59999999995627	-8758.05078125	301.3888951084923	337	24.69136619567871	0:00
96.8%	48400	96.7999999999558	-8611.583984375	308.91711050677856	337	24.742172241210938	0:00
97.0%	48500	96.99999999995534	-8513.15234375	300.9709050250528	337	24.79310941696167	0:00
97.2%	48600	97.19999999995487	-8740.9248046875	304.76375678943015	337	24.84404230117798	0:00
97.4%	48700	97.3999999999544	-8793.5068359375	307.7441943830244	337	24.895437240600586	0:00
97.6%	48800	97.59999999995394	-8915.201171875	302.7922413964541	337	24.945226430892944	0:00
97.8%	48900	97.79999999995347	-8914.494140625	304.56358088406733	337	24.994887351989746	0:00
98.0%	49000	97.999999999953	-8832.236328125	298.20816870348074	337	25.044671297073364	0:00
98.2%	49100	98.19999999995254	-9004.9501953125	306.63194468693086	337	25.095953226089478	0:00
98.4%	49200	98.39999999995207	-9138.0732421875	304.5860317546071	337	25.145576238632202	0:00
98.6%	49300	98.5999999999516	-8842.203125	298.2010541825236	337	25.195281267166138	0:00
98.8%	49400	98.79999999995114	-8859.064453125	304.6310934907152	337	25.246355295181274	0:00
99.0%	49500	98.99999999995067	-8790.6435546875	300.3761773539075	337	25.29923915863037	0:00
99.2%	49600	99.19999999995021	-8543.626953125	295.95430401477785	337	25.350152254104614	0:00
99.4%	49700	99.39999999994974	-8855.8583984375	304.4782618799942	337	25.401286363601685	0:00
99.6%	49800	99.59999999994928	-8684.15625	298.495073689396	337	25.45069122314453	0:00
99.8%	49900	99.79999999994881	-8958.3291015625	302.40621786331064	337	25.500176191329956	0:00
100.0%	50000	99.99999999994834	-8787.8876953125	302.59012756301854	337	25.551035165786743	0:00
