#"Progress (%)"	"Step"	"Time (ps)"	"Potential Energy (kJ/mole)"	"Temperature (K)"	"Speed (ns/day)"	"Elapsed Time (s)"	"Time Remaining"
0.2%	100	0.20000000000000015	-1644.0947265625	536.9664484203769	0	0.0002219676971435547	--
0.4%	200	0.4000000000000003	-1676.709228515625	468.20434352034766	336	0.05142617225646973	0:25
0.6%	300	0.6000000000000004	-2970.69677734375	455.33338471398616	341	0.10144400596618652	0:25
0.8%	400	0.8000000000000006	-3481.85791015625	425.9857651548688	343	0.1512739658355713	0:25
1.0%	500	1.0000000000000007	-4377.2275390625	409.5183425759939	344	0.20095109939575195	0:24
1.2%	600	1.2000000000000008	-5147.29931640625	398.1416211724983	342	0.2525942325592041	0:24
1.4%	700	1.400000000000001	-5457.47802734375	372.27110304644356	341	0.30445218086242676	0:25
1.6%	800	1.6000000000000012	-6049.373046875	362.66545359262864	340	0.3562161922454834	0:25
1.8%	900	1.8000000000000014	-6509.560546875	355.09399914606513	339	0.407332181930542	0:24
2.0%	1000	2.0000000000000013	-6595.69091796875	341.4713037072065	339	0.4584481716156006	0:24
2.2%	1100	2.1999999999999793	-6905.40185546875	339.22546668548256	335	0.5157721042633057	0:25
2.4%	1200	2.3999999999999573	-7097.6162109375	337.2702549803883	336	0.5655810832977295	0:25
2.6%	1300	2.5999999999999353	-7089.27099609375	326.08281890696355	336	0.616847038269043	0:25
2.8%	1400	2.7999999999999132	-7309.97998046875	324.3199911368344	336	0.6679611206054688	0:24
3.0%	1500	2.999999999999891	-7428.95166015625	311.46132501202453	337	0.7186460494995117	0:24
3.2%	1600	3.199999999999869	-7597.6318359375	314.5401509828423	336	0.7704832553863525	0:24
3.4%	1700	3.399999999999847	-7819.18603515625	316.1407131532272	336	0.8223559856414795	0:24
3.6%	1800	3.599999999999825	-7847.03759765625	318.16522594115236	336	0.8734130859375	0:24
3.8%	1900	3.799999999999803	-8148.77099609375	312.0178794196263	336	0.924576997756958	0:24
4.0%	2000	3.999999999999781	-7944.66357421875	300.53998273519966	337	0.9750850200653076	0:24
4.2%	2100	4.1999999999997595	-8037.06591796875	302.9544275823022	337	1.025651216506958	0:24
4.4%	2200	4.3999999999997375	-8159.5009765625	299.14571551993714	337	1.0758981704711914	0:24
4.6%	2300	4.599999999999715	-8378.5029296875	305.06743789909615	338	1.1256811618804932	0:24
4.8%	2400	4.799999999999693	-8246.7255859375	302.6900306027201	338	1.1759600639343262	0:24
5.0%	2500	4.999999999999671	-8315.54296875	306.03690365660765	338	1.2262730598449707	0:24
5.2%	2600	5.199999999999649	-8394.8271484375	302.68564450025855	339	1.2760419845581055	0:24
5.4%	2700	5.399999999999627	-8206.6328125	294.53196691748695	339	1.326310157775879	0:24
5.6%	2800	5.599999999999605	-8332.216796875	296.5243925751911	339	1.376338243484497	0:24
5.8%	2900	5.799999999999583	-8438.8994140625	304.1168850398635	339	1.4264490604400635	0:23
6.0%	3000	5.999999999999561	-8643.787109375	299.8286951781408	339	1.4763801097869873	0:23
6.2%	3100	6.199999999999539	-8515.833984375	297.20856647647986	340	1.5266292095184326	0:23
6.4%	3200	6.399999999999517	-8360.994140625	298.7407893547832	339	1.5787739753723145	0:23
6.6%	3300	6.599999999999495	-8470.5732421875	299.764423983759	339	1.6302530765533447	0:23
6.8%	3400	6.799999999999473	-8308.59765625	293.65737454018455	339	1.6812081336975098	0:23
7.0%	3500	6.999999999999451	-8453.587890625	296.70559477512563	339	1.7305898666381836	0:23
7.2%	3600	7.199999999999429	-8630.490234375	303.10956245692853	339	1.7817301750183105	0:23
7.4%	3700	7.399999999999407	-8617.0126953125	301.66971926622614	339	1.832827091217041	0:23
7.6%	3800	7.599999999999385	-8628.86328125	309.48301456826374	339	1.8838419914245605	0:23
7.8%	3900	7.799999999999363	-8626.9091796875	306.9107589124444	339	1.9351441860198975	0:23
8.0%	4000	7.999999999999341	-8546.31640625	309.03282836006525	339	1.9872441291809082	0:23
8.2%	4100	8.199999999999408	-8483.70703125	306.24219022254806	339	2.0376651287078857	0:23
8.4%	4200	8.399999999999475	-8396.666015625	302.2229518582141	339	2.0884780883789062	0:23
8.6%	4300	8.599999999999541	-8560.6591796875	298.90365331621837	339	2.139925956726074	0:23
8.8%	4400	8.799999999999608	-8435.302734375	296.1762616275994	339	2.192171096801758	0:23
9.0%	4500	8.999999999999675	-8522.537109375	299.7378629515044	339	2.2424821853637695	0:23
9.2%	4600	9.199999999999742	-8556.724609375	293.72582704232616	339	2.292847156524658	0:23
9.4%	4700	9.399999999999809	-8647.58203125	303.5399808434255	339	2.3447210788726807	0:23
9.6%	4800	9.599999999999875	-8540.048828125	304.3864514713953	339	2.39591908454895	0:23
9.8%	4900	9.799999999999942	-8712.623046875	304.27740786030097	339	2.4459221363067627	0:22
10.0%	5000	10.000000000000009	-8717.66015625	305.4448996482399	339	2.4962592124938965	0:22
10.2%	5100	10.200000000000076	-8384.25	293.6367924922344	339	2.5473263263702393	0:22
10.4%	5200	10.400000000000142	-8551.625	299.12352417428866	339	2.5992681980133057	0:22
10.6%	5300	10.60000000000021	-8649.7470703125	302.47897017865597	339	2.649933099746704	0:22
10.8%	5400	10.800000000000276	-8739.9609375	303.23225277872643	339	2.699968099594116	0:22
11.0%	5500	11.000000000000343	-8683.439453125	299.10029127446114	339	2.7497920989990234	0:22
11.2%	5600	11.20000000000041	-8555.173828125	299.6030195346417	339	2.800532102584839	0:22
11.4%	5700	11.400000000000476	-8483.48828125	295.88117027528824	339	2.8510372638702393	0:22
11.6%	5800	11.600000000000543	-8533.9228515625	291.3779878283166	340	2.9012279510498047	0:22
11.8%	5900	11.80000000000061	-8802.5	303.5516236432987	339	2.9523751735687256	0:22
12.0%	6000	12.000000000000677	-8704.0673828125	294.8051189068399	339	3.0037529468536377	0:22
12.2%	6100	12.200000000000744	-8770.939453125	302.41159906097795	339	3.054492235183716	0:22
12.4%	6200	12.40000000000081	-8763.025390625	307.54192228080797	340	3.104739189147949	0:22
12.6%	6300	12.600000000000877	-8482.931640625	299.4470086764486	340	3.155419111251831	0:22
12.8%	6400	12.800000000000944	-8635.4423828125	307.0733011747396	339	3.2071149349212646	0:22
13.0%	6500	13.00000000000101	-8698.6015625	304.04629409096725	339	3.258373260498047	0:22
13.2%	6600	13.200000000001078	-8393.0361328125	299.80624327219437	339	3.3102619647979736	0:22
13.4%	6700	13.400000000001144	-8488.7724609375	309.59883247888723	339	3.3607332706451416	0:22
13.6%	6800	13.600000000001211	-8470.3935546875	311.54890021186117	339	3.412435293197632	0:22
13.8%	6900	13.800000000001278	-8564.0390625	308.0210100721107	339	3.4625320434570312	0:21
14.0%	7000	14.000000000001345	-8557.6611328125	307.837637676639	339	3.514275074005127	0:21
14.2%	7100	14.200000000001411	-8521.2001953125	295.6928256653579	339	3.5661990642547607	0:21
14.4%	7200	14.400000000001478	-8747.9580078125	297.0413498850668	339	3.616547107696533	0:21
14.6%	7300	14.600000000001545	-8652.3720703125	294.2251965048312	339	3.6675901412963867	0:21
14.8%	7400	14.800000000001612	-8770.732421875	300.70136059299057	339	3.71914005279541	0:21
15.0%	7500	15.000000000001679	-8747.7373046875	298.9324050136589	339	3.7697479724884033	0:21
15.2%	7600	15.200000000001745	-8855.021484375	300.57190942828095	339	3.8204352855682373	0:21
15.4%	7700	15.400000000001812	-8834.291015625	299.34514214946955	339	3.870899200439453	0:21
15.6%	7800	15.600000000001879	-8588.4453125	308.7517742056099	339	3.921483039855957	0:21
15.8%	7900	15.800000000001946	-8631.2802734375	304.9190743828155	339	3.972212076187134	0:21
16.0%	8000	16.00000000000201	-8647.37109375	305.97075502385417	339	4.022609233856201	0:21
16.2%	8100	16.2000000000019	-8503.1630859375	300.2796360464414	339	4.074618101119995	0:21
16.4%	8200	16.40000000000179	-8616.763671875	299.6464322912265	339	4.126253128051758	0:21
16.6%	8300	16.60000000000168	-8551.10546875	293.9735615402958	339	4.176472187042236	0:21
16.8%	8400	16.800000000001567	-8483.8076171875	296.6355266951066	339	4.2268500328063965	0:21
17.0%	8500	17.000000000001457	-8798.908203125	302.08112412817417	339	4.277159214019775	0:21
17.2%	8600	17.200000000001346	-8866.650390625	301.771202925453	339	4.328823089599609	0:21
17.4%	8700	17.400000000001235	-8798.9638671875	290.86284134693875	339	4.37897801399231	0:21
17.6%	8800	17.600000000001124	-8736.478515625	293.02877090558786	339	4.429141998291016	0:20
17.8%	8900	17.800000000001013	-8786.515625	299.45301002879415	339	4.480375051498413	0:20
18.0%	9000	18.000000000000902	-8622.240234375	292.38357282429	339	4.53067421913147	0:20
18.2%	9100	18.20000000000079	-8812.162109375	307.2028116853813	339	4.582340240478516	0:20
18.4%	9200	18.40000000000068	-8565.794921875	299.3949695274166	339	4.633341312408447	0:20
18.6%	9300	18.60000000000057	-8684.921875	292.7137556488558	339	4.684782028198242	0:20
18.8%	9400	18.80000000000046	-8637.47265625	303.116840190514	339	4.735424995422363	0:20
19.0%	9500	19.000000000000348	-8911.00390625	307.10940628750103	339	4.786631107330322	0:20
19.2%	9600	19.200000000000237	-8606.689453125	296.0369164229395	339	4.83779501914978	0:20
19.4%	9700	19.400000000000126	-8761.529296875	306.6291233276714	336	4.935035228729248	0:20
19.6%	9800	19.600000000000016	-8602.3857421875	301.06662806686785	336	4.985353946685791	0:20
19.8%	9900	19.799999999999905	-8537.126953125	299.63587534445304	336	5.037009239196777	0:20
20.0%	10000	19.999999999999794	-8492.9140625	301.344063054555	336	5.0874550342559814	0:20
20.2%	10100	20.199999999999683	-8598.6630859375	305.338583381161	336	5.139533996582031	0:20
20.4%	10200	20.399999999999572	-8429.240234375	299.4414539403885	336	5.189523935317993	0:20
20.6%	10300	20.59999999999946	-8567.9267578125	303.94915967087405	336	5.241127252578735	0:20
20.8%	10400	20.79999999999935	-8795.87109375	304.8826749856853	336	5.292872190475464	0:20
21.0%	10500	20.99999999999924	-8621.95703125	298.6613090550873	336	5.342755079269409	0:20
21.2%	10600	21.19999999999913	-8789.2109375	306.4804622627636	336	5.39397120475769	0:20
21.4%	10700	21.399999999999018	-8598.7177734375	301.21694076832966	336	5.444896936416626	0:20
21.6%	10800	21.599999999998907	-8491.7841796875	303.58454554458626	336	5.4949891567230225	0:20
21.8%	10900	21.799999999998796	-8654.93359375	307.2889941980029	336	5.546573162078857	0:20
22.0%	11000	21.999999999998685	-8421.3291015625	308.0529094822057	336	5.600865125656128	0:20
22.2%	11100	22.199999999998575	-8455.859375	310.85840922106536	336	5.652368068695068	0:19
22.4%	11200	22.399999999998464	-8596.60546875	304.47620042146536	336	5.703208923339844	0:19
22.6%	11300	22.599999999998353	-8775.029296875	317.3978561152543	336	5.755495309829712	0:19
22.8%	11400	22.799999999998242	-8748.53125	306.0053097214697	336	5.80824613571167	0:19
23.0%	11500	22.99999999999813	-8724.4345703125	298.50082080489386	336	5.860335111618042	0:19
23.2%	11600	23.19999999999802	-8926.2060546875	296.69739081643297	336	5.9122231006622314	0:19
23.4%	11700	23.39999999999791	-8895.654296875	295.66244224659454	336	5.9623003005981445	0:19
23.6%	11800	23.5999999999978	-8920.712890625	297.2441962491526	336	6.013590097427368	0:19
23.8%	11900	23.799999999997688	-8880.5380859375	301.576988297557	336	6.0638720989227295	0:19
24.0%	12000	23.999999999997577	-8652.14453125	295.1344043146808	336	6.113472938537598	0:19
24.2%	12100	24.199999999997466	-8663.525390625	294.42704378054464	336	6.163441181182861	0:19
24.4%	12200	24.399999999997355	-8720.8671875	304.71530847061666	337	6.213463068008423	0:19
24.6%	12300	24.599999999997245	-8789.181640625	304.9082955302995	337	6.264895915985107	0:19
24.8%	12400	24.799999999997134	-8767.4765625	304.5751738806566	337	6.316081285476685	0:19
25.0%	12500	24.999999999997023	-8868.5234375	292.8483374986091	337	6.365673065185547	0:19
25.2%	12600	25.199999999996912	-8748.052734375	298.3957954793841	337	6.415554046630859	0:19
25.4%	12700	25.3999999999968	-8554.490234375	299.4727187108366	337	6.466338157653809	0:19
25.6%	12800	25.59999999999669	-8585.7919921875	301.0673715483956	337	6.5174400806427	0:19
25.8%	12900	25.79999999999658	-8655.3837890625	308.7467276334085	337	6.568720102310181	0:19
26.0%	13000	25.99999999999647	-8520.931640625	308.6186524972847	337	6.618419170379639	0:18
26.2%	13100	26.199999999996358	-8589.2890625	304.55399455426476	337	6.669785022735596	0:18
26.4%	13200	26.399999999996247	-8622.248046875	305.8817219581443	337	6.719486951828003	0:18
26.6%	13300	26.599999999996136	-8871.505859375	305.47577130644305	337	6.7697060108184814	0:18
26.8%	13400	26.799999999996025	-8596.232421875	297.10242219172824	337	6.821599960327148	0:18
27.0%	13500	26.999999999995914	-8886.04296875	311.4770013560192	337	6.871641159057617	0:18
27.2%	13600	27.199999999995804	-8886.3857421875	295.53469927367684	337	6.923979043960571	0:18
27.4%	13700	27.399999999995693	-8968.58203125	299.09285116643485	337	6.974971055984497	0:18
27.6%	13800	27.599999999995582	-8673.9970703125	288.53803145681917	337	7.0249340534210205	0:18
27.8%	13900	27.79999999999547	-8688.736328125	288.5114140846446	337	7.077351093292236	0:18
28.0%	14000	27.99999999999536	-8849.1875	291.54569345196285	337	7.127576112747192	0:18
28.2%	14100	28.19999999999525	-8761.29296875	296.104354113243	337	7.180495023727417	0:18
28.4%	14200	28.39999999999514	-8761.9951171875	294.6539924293021	337	7.231476068496704	0:18
28.6%	14300	28.599999999995028	-8987.896484375	304.60747923926397	337	7.282402038574219	0:18
28.8%	14400	28.799999999994917	-8935.6650390625	296.998222553209	337	7.3332679271698	0:18
29.0%	14500	28.999999999994806	-8751.3447265625	301.0933027331416	337	7.382654190063477	0:18
29.2%	14600	29.199999999994695	-8720.2353515625	303.21853752801445	337	7.4333860874176025	0:18
29.4%	14700	29.399999999994584	-8924.865234375	302.9282641142986	337	7.484342098236084	0:18
29.6%	14800	29.599999999994473	-8541.029296875	300.844234732592	337	7.535303115844727	0:18
29.8%	14900	29.799999999994363	-8656.87109375	302.0411411373473	337	7.585633039474487	0:17
30.0%	15000	29.99999999999425	-8737.96484375	303.5764929285859	337	7.637933015823364	0:17
30.2%	15100	30.19999999999414	-8846.560546875	307.0806242641787	337	7.689831256866455	0:17
30.4%	15200	30.39999999999403	-9007.2958984375	301.78263274230903	337	7.741441011428833	0:17
30.6%	15300	30.59999999999392	-8975.8916015625	309.2831493920229	337	7.7921600341796875	0:17
30.8%	15400	30.79999999999381	-8800.0126953125	290.7052288086489	337	7.843981027603149	0:17
31.0%	15500	30.999999999993697	-8853.72265625	297.68691907698553	337	7.894883155822754	0:17
31.2%	15600	31.199999999993587	-8948.3115234375	297.30038739837624	337	7.9460248947143555	0:17
31.4%	15700	31.399999999993476	-8821.623046875	293.2181262690228	337	7.997112035751343	0:17
31.6%	15800	31.599999999993365	-8701.8212890625	299.2431557449441	337	8.047131061553955	0:17
31.8%	15900	31.799999999993254	-8709.3779296875	296.45645709419955	337	8.100492000579834	0:17
32.0%	16000	31.999999999993143	-8679.267578125	300.75566148187266	337	8.149590015411377	0:17
32.2%	16100	32.19999999999339	-8608.95703125	301.7203750713447	337	8.201308250427246	0:17
32.4%	16200	32.39999999999363	-8690.904296875	312.0692431188367	337	8.252291202545166	0:17
32.6%	16300	32.59999999999388	-8760.09765625	306.07073941789554	337	8.302005052566528	0:17
32.8%	16400	32.79999999999412	-8662.927734375	308.83961798603235	337	8.351357221603394	0:17
33.0%	16500	32.999999999994365	-8813.962890625	306.7379410733658	337	8.40119218826294	0:17
33.2%	16600	33.19999999999461	-8805.2158203125	304.71376598201437	337	8.452337265014648	0:17
33.4%	16700	33.399999999994854	-8872.830078125	296.3849876812797	337	8.502066135406494	0:17
33.6%	16800	33.5999999999951	-8852.6435546875	300.5184382000328	337	8.551546096801758	0:17
33.8%	16900	33.79999999999534	-8978.3251953125	300.3542675185894	338	8.601458311080933	0:16
34.0%	17000	33.99999999999559	-8676.7060546875	295.80890986374135	338	8.65126919746399	0:16
34.2%	17100	34.19999999999583	-9031.7294921875	299.30911853481575	338	8.702176094055176	0:16
34.4%	17200	34.399999999996076	-8957.6494140625	297.16523188237227	338	8.753412008285522	0:16
34.6%	17300	34.59999999999632	-9002.419921875	299.5569799113713	338	8.803927183151245	0:16
34.8%	17400	34.799999999996565	-8936.14453125	292.020481443113	338	8.854398250579834	0:16
35.0%	17500	34.99999999999681	-8915.302734375	291.67383730174885	336	8.951422214508057	0:16
35.2%	17600	35.199999999997054	-9163.853515625	301.9800004862851	336	9.00216007232666	0:16
35.4%	17700	35.3999999999973	-8923.263671875	295.3543926862687	336	9.053297281265259	0:16
35.6%	17800	35.59999999999754	-9051.259765625	303.50210329381036	336	9.104509115219116	0:16
35.8%	17900	35.79999999999779	-8987.865234375	293.2438732559516	336	9.155168056488037	0:16
36.0%	18000	35.99999999999803	-8830.255859375	294.1215888108929	336	9.206024169921875	0:16
36.2%	18100	36.199999999998276	-9022.8359375	294.0701957125422	336	9.258130311965942	0:16
36.4%	18200	36.39999999999852	-9004.8837890625	292.9959780405441	336	9.30767011642456	0:16
36.6%	18300	36.599999999998765	-8909.72265625	298.1014452547565	336	9.358004093170166	0:16
36.8%	18400	36.79999999999901	-9009.248046875	298.43303929914333	336	9.40887713432312	0:16
37.0%	18500	36.999999999999254	-8957.751953125	299.82428245368334	336	9.458438158035278	0:16
37.2%	18600	37.1999999999995	-8845.96875	298.9778171597881	336	9.50990891456604	0:16
37.4%	18700	37.39999999999974	-8766.783203125	301.6578217907368	336	9.560671091079712	0:16
37.6%	18800	37.59999999999999	-8705.73046875	296.79914438460077	336	9.61163592338562	0:16
37.8%	18900	37.80000000000023	-8850.1826171875	305.73737276665133	336	9.662539005279541	0:15
38.0%	19000	38.000000000000476	-8863.01171875	297.8350544640984	336	9.713403224945068	0:15
38.2%	19100	38.20000000000072	-8664.705078125	295.90966190082685	336	9.765107154846191	0:15
38.4%	19200	38.400000000000965	-8756.31640625	299.96454498429915	336	9.815965175628662	0:15
38.6%	19300	38.60000000000121	-8946.84765625	306.3121228426345	336	9.866801261901855	0:15
38.8%	19400	38.800000000001454	-8713.52734375	297.10469272535414	336	9.917412042617798	0:15
39.0%	19500	39.0000000000017	-8926.4404296875	300.66167726262717	336	9.967153072357178	0:15
39.2%	19600	39.20000000000194	-9203.103515625	298.19752601526125	336	10.01819109916687	0:15
39.4%	19700	39.40000000000219	-8887.46484375	299.30063848354257	336	10.067545175552368	0:15
39.6%	19800	39.60000000000243	-8720.8544921875	302.60374941059735	336	10.118438243865967	0:15
39.8%	19900	39.800000000002676	-8749.21875	303.4048454052497	336	10.169697046279907	0:15
40.0%	20000	40.00000000000292	-8720.267578125	298.38822016603024	336	10.219192028045654	0:15
40.2%	20100	40.200000000003165	-8727.681640625	300.03574790708535	336	10.271010160446167	0:15
40.4%	20200	40.40000000000341	-8852.326171875	305.80932649907703	337	10.320433139801025	0:15
40.6%	20300	40.600000000003654	-8921.642578125	301.89179848772903	337	10.37191390991211	0:15
40.8%	20400	40.8000000000039	-8694.5546875	296.9804766833208	337	10.421473026275635	0:15
41.0%	20500	41.00000000000414	-8858.955078125	296.3454880389356	337	10.471177101135254	0:15
41.2%	20600	41.20000000000439	-8874.0234375	302.77095552723904	337	10.52058219909668	0:15
41.4%	20700	41.40000000000463	-8876.4072265625	293.73341747766904	337	10.572680234909058	0:15
41.6%	20800	41.600000000004876	-8871.5185546875	296.7415563037467	337	10.622450113296509	0:14
41.8%	20900	41.80000000000512	-8958.57421875	297.53019768282195	337	10.672775268554688	0:14
42.0%	21000	42.000000000005365	-8757.501953125	295.625905966996	337	10.722398042678833	0:14
42.2%	21100	42.20000000000561	-8972.9814453125	300.7968027777027	337	10.772962093353271	0:14
42.4%	21200	42.40000000000585	-8833.904296875	298.32289767324875	337	10.822855234146118	0:14
42.6%	21300	42.6000000000061	-8759.9794921875	297.77356769463216	337	10.872814178466797	0:14
42.8%	21400	42.80000000000634	-8713.201171875	301.55825182250106	337	10.92270016670227	0:14
43.0%	21500	43.00000000000659	-8721.7568359375	295.68135900346863	337	10.974581956863403	0:14
43.2%	21600	43.20000000000683	-8733.78515625	296.9289079036711	337	11.024417161941528	0:14
43.4%	21700	43.400000000007076	-8838.3095703125	300.20327106890124	337	11.075760126113892	0:14
43.6%	21800	43.60000000000732	-8922.169921875	287.26443985381866	337	11.127103090286255	0:14
43.8%	21900	43.800000000007564	-8751.06640625	292.0461698211728	337	11.177277326583862	0:14
44.0%	22000	44.00000000000781	-8989.9150390625	303.28051842115724	337	11.227084159851074	0:14
44.2%	22100	44.20000000000805	-9032.21484375	299.6953060315742	337	11.277750015258789	0:14
44.4%	22200	44.4000000000083	-8860.4189453125	297.3208978867027	337	11.328655242919922	0:14
44.6%	22300	44.60000000000854	-8780.6181640625	290.47619114258754	337	11.380313158035278	0:14
44.8%	22400	44.80000000000879	-9040.6376953125	295.4048095587867	337	11.431400299072266	0:14
45.0%	22500	45.00000000000903	-8964.8349609375	297.9874922920494	337	11.481149196624756	0:14
45.2%	22600	45.200000000009275	-8866.7041015625	297.2570099870412	337	11.532288074493408	0:14
45.4%	22700	45.40000000000952	-8905.7265625	297.52112003674466	337	11.58282208442688	0:13
45.6%	22800	45.600000000009764	-8727.9130859375	295.1792453677099	337	11.633954048156738	0:13
45.8%	22900	45.80000000001001	-8875.6240234375	296.80466688310406	337	11.685229063034058	0:13
46.0%	23000	46.00000000001025	-9060.365234375	305.6866304201892	337	11.734868049621582	0:13
46.2%	23100	46.2000000000105	-8872.76171875	301.668989136942	337	11.786525964736938	0:13
46.4%	23200	46.40000000001074	-8848.8359375	298.2200508827663	337	11.837904214859009	0:13
46.6%	23300	46.600000000010986	-8959.736328125	291.6224103492427	337	11.889135122299194	0:13
46.8%	23400	46.80000000001123	-8893.6015625	296.09242693679784	337	11.940304040908813	0:13
47.0%	23500	47.000000000011475	-8818.671875	296.64616913501953	336	12.032073020935059	0:13
47.2%	23600	47.20000000001172	-8792.783203125	298.48013096923614	336	12.084092140197754	0:13
47.4%	23700	47.400000000011964	-8799.8544921875	300.11108557529906	336	12.13416314125061	0:13
47.6%	23800	47.60000000001221	-8752.9658203125	300.09885176713016	336	12.184003114700317	0:13
47.8%	23900	47.80000000001245	-8999.8759765625	303.20153188889185	336	12.23399806022644	0:13
48.0%	24000	48.0000000000127	-8907.51171875	299.08216831611355	336	12.284598112106323	0:13
48.2%	24100	48.20000000001294	-8793.279296875	305.8862143334313	336	12.336007118225098	0:13
48.4%	24200	48.400000000013186	-8776.6533203125	311.78558875398875	336	12.387089252471924	0:13
48.6%	24300	48.60000000001343	-8678.142578125	302.9611530228629	336	12.440140008926392	0:13
48.8%	24400	48.800000000013675	-8607.0380859375	302.32340774843834	336	12.490686178207397	0:13
49.0%	24500	49.00000000001392	-8566.06640625	301.5134394102185	336	12.540863990783691	0:13
49.2%	24600	49.200000000014164	-8788.63671875	307.90210840767617	336	12.590472936630249	0:13
49.4%	24700	49.40000000001441	-8651.59765625	299.22815628125664	336	12.642369985580444	0:13
49.6%	24800	49.60000000001465	-8783.8310546875	292.38468417176597	336	12.693669080734253	0:12
49.8%	24900	49.8000000000149	-8983.177734375	310.55325484917716	336	12.744092226028442	0:12
50.0%	25000	50.00000000001514	-8662.4677734375	303.3603984521007	336	12.795973062515259	0:12
50.2%	25100	50.200000000015386	-9196.892578125	300.37697964183485	336	12.846546173095703	0:12
50.4%	25200	50.40000000001563	-9010.365234375	298.92049957330914	336	12.898211002349854	0:12
50.6%	25300	50.600000000015875	-8547.0234375	290.54299082762077	336	12.949990272521973	0:12
50.8%	25400	50.80000000001612	-8697.1806640625	300.88577778444744	336	13.001291990280151	0:12
51.0%	25500	51.000000000016364	-8747.5361328125	296.0008734412312	336	13.051361083984375	0:12
51.2%	25600	51.20000000001661	-8912.5625	305.9731612118587	336	13.10328221321106	0:12
51.4%	25700	51.40000000001685	-8889.95703125	303.92766245804455	336	13.153395891189575	0:12
51.6%	25800	51.6000000000171	-9035.5771484375	309.44764714037706	336	13.203451156616211	0:12
51.8%	25900	51.80000000001734	-8901.640625	304.99721295712743	336	13.253573179244995	0:12
52.0%	26000	52.000000000017586	-8864.365234375	305.1312342971058	336	13.303896188735962	0:12
52.2%	26100	52.20000000001783	-8993.158203125	303.83979000820915	336	13.354536294937134	0:12
52.4%	26200	52.400000000018075	-8849.4814453125	302.5316558663024	336	13.406724214553833	0:12
52.6%	26300	52.60000000001832	-8995.0498046875	309.71209376618344	336	13.45717191696167	0:12
52.8%	26400	52.800000000018564	-8755.0556640625	304.5963797497935	336	13.5088529586792	0:12
53.0%	26500	53.00000000001881	-8846.755859375	306.6871702743845	336	13.560317277908325	0:12
53.2%	26600	53.20000000001905	-8881.9833984375	307.04385236860315	336	13.610414028167725	0:12
53.4%	26700	53.4000000000193	-8644.330078125	300.34084296804645	336	13.660866022109985	0:11
53.6%	26800	53.60000000001954	-8776.51953125	296.6026582927184	336	13.712993144989014	0:11
53.8%	26900	53.800000000019786	-8862.5185546875	294.2194694018343	336	13.763238191604614	0:11
54.0%	27000	54.00000000002003	-8806.091796875	297.99638235188667	337	13.813534021377563	0:11
54.2%	27100	54.200000000020275	-8812.4267578125	303.61156320436675	337	13.863935947418213	0:11
54.4%	27200	54.40000000002052	-8979.5390625	307.43886722640093	337	13.91438627243042	0:11
54.6%	27300	54.60000000002076	-8862.8759765625	307.48771386477875	337	13.966427087783813	0:11
54.8%	27400	54.80000000002101	-8839.451171875	304.4919541516672	337	14.016541957855225	0:11
55.0%	27500	55.00000000002125	-8835.904296875	303.7277668764396	337	14.06674313545227	0:11
55.2%	27600	55.2000000000215	-9007.08203125	316.36952188721864	337	14.118252038955688	0:11
55.4%	27700	55.40000000002174	-8845.5625	306.5278143158505	337	14.169843196868896	0:11
55.6%	27800	55.600000000021986	-8743.103515625	307.88126129349007	337	14.221573114395142	0:11
55.8%	27900	55.80000000002223	-8636.830078125	304.5388964806009	337	14.271672010421753	0:11
56.0%	28000	56.000000000022474	-8867.490234375	305.57080105652904	337	14.322119235992432	0:11
56.2%	28100	56.20000000002272	-9001.3984375	310.68010053999495	337	14.37444519996643	0:11
56.4%	28200	56.40000000002296	-8952.3046875	307.6869383773653	337	14.424374103546143	0:11
56.6%	28300	56.60000000002321	-8817.578125	304.3572419262045	336	14.516752243041992	0:11
56.8%	28400	56.80000000002345	-8971.865234375	298.9311756128302	336	14.566843271255493	0:11
57.0%	28500	57.0000000000237	-8986.6484375	299.59804301093874	336	14.618812084197998	0:11
57.2%	28600	57.20000000002394	-9084.087890625	305.8053447035261	336	14.66905426979065	0:11
57.4%	28700	57.400000000024185	-8894.298828125	299.2664537939802	336	14.719576120376587	0:10
57.6%	28800	57.60000000002443	-8701.470703125	295.5261272106603	336	14.771209955215454	0:10
57.8%	28900	57.800000000024674	-8991.958984375	298.53767828133056	336	14.821526050567627	0:10
58.0%	29000	58.00000000002492	-8948.068359375	300.00770391612366	336	14.87140703201294	0:10
58.2%	29100	58.20000000002516	-9029.919921875	297.78267719259276	336	14.921603202819824	0:10
58.4%	29200	58.40000000002541	-8917.5751953125	302.0335708075374	336	14.985092163085938	0:10
58.6%	29300	58.60000000002565	-8821.56640625	301.2912004863065	336	15.03643012046814	0:10
58.8%	29400	58.800000000025896	-8753.7138671875	309.3301619917883	336	15.086135149002075	0:10
59.0%	29500	59.00000000002614	-8746.0	315.4469142099451	336	15.13778305053711	0:10
59.2%	29600	59.200000000026385	-8699.65234375	303.31080174942593	336	15.188894033432007	0:10
59.4%	29700	59.40000000002663	-9082.97265625	313.8235276003416	336	15.240562200546265	0:10
59.6%	29800	59.600000000026874	-8951.640625	307.12314780691855	336	15.290065288543701	0:10
59.8%	29900	59.80000000002712	-8930.10546875	298.0972272239468	336	15.341672897338867	0:10
60.0%	30000	60.00000000002736	-8976.1025390625	294.90944396784664	336	15.393608331680298	0:10
60.2%	30100	60.20000000002761	-9048.220703125	293.1420886187852	336	15.444493055343628	0:10
60.4%	30200	60.40000000002785	-8906.74609375	294.7525861070902	336	15.494296073913574	0:10
60.6%	30300	60.600000000028096	-9017.419921875	297.7552975754582	336	15.546304941177368	0:10
60.8%	30400	60.80000000002834	-9179.57421875	294.8476854347277	336	15.59761929512024	0:10
61.0%	30500	61.000000000028585	-9092.90625	289.95644803022776	336	15.647965908050537	0:10
61.2%	30600	61.20000000002883	-9095.0634765625	295.07467875918115	336	15.697342157363892	0:09
61.4%	30700	61.400000000029074	-9097.251953125	296.0917283841022	336	15.748557090759277	0:09
61.6%	30800	61.60000000002932	-9207.625	299.2015857452581	336	15.799443244934082	0:09
61.8%	30900	61.80000000002956	-8906.494140625	294.197157147613	336	15.85165810585022	0:09
62.0%	31000	62.00000000002981	-9034.197265625	292.1582060403161	336	15.901525020599365	0:09
62.2%	31100	62.20000000003005	-8960.822265625	298.36546189483226	336	15.952510118484497	0:09
62.4%	31200	62.400000000030296	-8926.4130859375	301.1787429743286	336	16.00222897529602	0:09
62.6%	31300	62.60000000003054	-9001.6318359375	304.6267579729888	336	16.053409099578857	0:09
62.8%	31400	62.800000000030785	-9017.5205078125	307.64417618395214	336	16.10476326942444	0:09
63.0%	31500	63.00000000003103	-9244.6767578125	308.9000052337751	336	16.155037879943848	0:09
63.2%	31600	63.200000000031274	-9007.8486328125	302.59849715487314	336	16.205050230026245	0:09
63.4%	31700	63.40000000003152	-8898.966796875	301.9286175019507	336	16.256538152694702	0:09
63.6%	31800	63.60000000003176	-8918.953125	298.6800590889804	336	16.305927276611328	0:09
63.8%	31900	63.80000000003201	-9220.4443359375	303.08600475968245	336	16.355797052383423	0:09
64.0%	32000	64.00000000003224	-9105.205078125	301.9765628741425	336	16.406249046325684	0:09
64.2%	32100	64.20000000003178	-9049.93359375	295.10982659356773	336	16.456643104553223	0:09
64.4%	32200	64.40000000003131	-9090.92578125	297.84164311810724	336	16.506116151809692	0:09
64.6%	32300	64.60000000003085	-8865.6669921875	292.35352817601967	336	16.556096076965332	0:09
64.8%	32400	64.80000000003038	-8961.083984375	294.8639148910878	335	16.649338245391846	0:09
65.0%	32500	65.00000000002991	-9242.0029296875	306.6926712474055	335	16.701908111572266	0:09
65.2%	32600	65.20000000002945	-9094.78515625	306.9821015726698	335	16.75427508354187	0:08
65.4%	32700	65.40000000002898	-8810.109375	297.6787707969286	335	16.805942058563232	0:08
65.6%	32800	65.60000000002852	-8752.923828125	291.27241119492464	335	16.85955309867859	0:08
65.8%	32900	65.80000000002805	-9077.154296875	298.86684360522753	335	16.909677028656006	0:08
66.0%	33000	66.00000000002758	-9142.6318359375	304.6213118394901	335	16.959614992141724	0:08
66.2%	33100	66.20000000002712	-9205.138671875	297.2434181173466	335	17.01028299331665	0:08
66.4%	33200	66.40000000002665	-9076.8515625	297.75506898460225	335	17.06033992767334	0:08
66.6%	33300	66.60000000002618	-9266.21875	301.15937265877534	335	17.110635995864868	0:08
66.8%	33400	66.80000000002572	-9146.7568359375	298.4140344802391	335	17.16237211227417	0:08
67.0%	33500	67.00000000002525	-9178.62109375	301.1204702499506	335	17.212271213531494	0:08
67.2%	33600	67.20000000002479	-9132.755859375	298.0650016603732	335	17.263548135757446	0:08
67.4%	33700	67.40000000002432	-9095.22265625	297.50949630602753	335	17.314090967178345	0:08
67.6%	33800	67.60000000002385	-9009.263671875	298.6819044241754	335	17.364278078079224	0:08
67.8%	33900	67.80000000002339	-9195.791015625	301.56863542898213	335	17.416336059570312	0:08
68.0%	34000	68.00000000002292	-8924.20703125	292.39125662919	335	17.467900276184082	0:08
68.2%	34100	68.20000000002246	-9233.2421875	295.01123315888253	335	17.518033266067505	0:08
68.4%	34200	68.40000000002199	-9225.078125	304.10837095585794	335	17.569595098495483	0:08
68.6%	34300	68.60000000002152	-8955.94921875	301.5589053228856	335	17.619411945343018	0:08
68.8%	34400	68.80000000002106	-8898.677734375	295.45740745562915	335	17.66973614692688	0:08
69.0%	34500	69.00000000002059	-9117.40234375	300.95179912107466	335	17.72125220298767	0:07
69.2%	34600	69.20000000002013	-9071.275390625	299.0724617990258	335	17.770937204360962	0:07
69.4%	34700	69.40000000001966	-9019.5234375	298.64611210956855	335	17.82100510597229	0:07
69.6%	34800	69.6000000000192	-8968.419921875	296.6660977025313	336	17.870847940444946	0:07
69.8%	34900	69.80000000001873	-8995.541015625	293.5688373049553	336	17.921935081481934	0:07
70.0%	35000	70.00000000001826	-9026.326171875	299.6202772352958	336	17.973422050476074	0:07
70.2%	35100	70.2000000000178	-9111.787109375	298.41705842390144	336	18.02414631843567	0:07
70.4%	35200	70.40000000001733	-9017.1025390625	305.35091249591216	336	18.075937032699585	0:07
70.6%	35300	70.60000000001686	-8744.1025390625	295.19514527797554	336	18.12622308731079	0:07
70.8%	35400	70.8000000000164	-8706.7578125	296.1468267510928	336	18.17611312866211	0:07
71.0%	35500	71.00000000001593	-8966.150390625	308.35206323471175	336	18.22581195831299	0:07
71.2%	35600	71.20000000001546	-8884.9091796875	299.8239453607584	336	18.27738118171692	0:07
71.4%	35700	71.400000000015	-8791.94921875	297.82726748923636	336	18.32875895500183	0:07
71.6%	35800	71.60000000001453	-8804.318359375	301.15911215091813	336	18.3803551197052	0:07
71.8%	35900	71.80000000001407	-8802.263671875	303.0091820215485	336	18.4322612285614	0:07
72.0%	36000	72.0000000000136	-8973.484375	290.8519903304379	336	18.482028007507324	0:07
72.2%	36100	72.20000000001313	-8839.7392578125	295.9274778965058	336	18.533879041671753	0:07
72.4%	36200	72.40000000001267	-9120.845703125	303.47992214803475	336	18.585586309432983	0:07
72.6%	36300	72.6000000000122	-9120.8994140625	302.02425896237446	336	18.63670015335083	0:07
72.8%	36400	72.80000000001174	-9094.38671875	298.7341731251867	336	18.687773942947388	0:07
73.0%	36500	73.00000000001127	-8813.37890625	298.9228407127044	336	18.737499237060547	0:06
73.2%	36600	73.2000000000108	-9143.32421875	298.7729216630466	336	18.78860902786255	0:06
73.4%	36700	73.40000000001034	-8862.9453125	295.6296693006814	336	18.83816695213318	0:06
73.6%	36800	73.60000000000987	-8814.568359375	293.763050771206	336	18.889394283294678	0:06
73.8%	36900	73.8000000000094	-9047.9306640625	301.883453548146	336	18.941522121429443	0:06
74.0%	37000	74.00000000000894	-8945.333984375	297.1394174592313	336	18.991424083709717	0:06
74.2%	37100	74.20000000000847	-8991.10546875	299.78451370356	336	19.043551921844482	0:06
74.4%	37200	74.400000000008	-8890.81640625	303.3366229413112	336	19.0937819480896	0:06
74.6%	37300	74.60000000000754	-8783.6123046875	310.4617002231243	336	19.145013093948364	0:06
74.8%	37400	74.80000000000707	-8898.103515625	302.81897488255254	336	19.19432020187378	0:06
75.0%	37500	75.00000000000661	-8869.1220703125	311.8726384251666	336	19.244463205337524	0:06
75.2%	37600	75.20000000000614	-8892.953125	299.0041235986508	336	19.294180154800415	0:06
75.4%	37700	75.40000000000568	-8845.1552734375	296.8029909871987	336	19.34443998336792	0:06
75.6%	37800	75.60000000000521	-8964.392578125	293.2111978979265	336	19.394582986831665	0:06
75.8%	37900	75.80000000000474	-9131.01171875	300.02783361431256	336	19.446078300476074	0:06
76.0%	38000	76.00000000000428	-9023.6279296875	298.9894924624217	336	19.497969150543213	0:06
76.2%	38100	76.20000000000381	-9068.9755859375	298.3311089904288	336	19.548561096191406	0:06
76.4%	38200	76.40000000000335	-9179.4140625	302.6266656193244	336	19.598926067352295	0:06
76.6%	38300	76.60000000000288	-9158.4111328125	297.04229272323954	336	19.649269104003906	0:06
76.8%	38400	76.80000000000241	-9296.4306640625	294.00445314674107	336	19.701138257980347	0:05
77.0%	38500	77.00000000000195	-9053.3837890625	292.69067442393856	336	19.75148630142212	0:05
77.2%	38600	77.20000000000148	-9037.9921875	289.03723140618314	336	19.80198311805725	0:05
77.4%	38700	77.40000000000101	-9194.77734375	298.9574621081871	336	19.853392124176025	0:05
77.6%	38800	77.60000000000055	-9176.751953125	297.160968923033	336	19.903412103652954	0:05
77.8%	38900	77.80000000000008	-9388.0390625	301.54025859558254	336	19.95487904548645	0:05
78.0%	39000	77.99999999999962	-9175.05859375	294.1673697166299	336	20.004871129989624	0:05
78.2%	39100	78.19999999999915	-9247.943359375	296.3292112818803	336	20.057586193084717	0:05
78.4%	39200	78.39999999999868	-9155.630859375	298.7059001539699	336	20.109223127365112	0:05
78.6%	39300	78.59999999999822	-8997.2109375	295.7253253784242	336	20.159253120422363	0:05
78.8%	39400	78.79999999999775	-9034.3916015625	291.77759150943785	336	20.209222078323364	0:05
79.0%	39500	78.99999999999729	-9060.87109375	297.8096542046887	336	20.259491205215454	0:05
79.2%	39600	79.19999999999682	-8834.189453125	294.34253239026526	336	20.311031103134155	0:05
79.4%	39700	79.39999999999635	-8792.40234375	289.77545623277064	336	20.362313985824585	0:05
79.6%	39800	79.59999999999589	-9001.923828125	298.30084131016736	336	20.413800954818726	0:05
79.8%	39900	79.79999999999542	-8941.1181640625	298.75539620386263	336	20.46402931213379	0:05
80.0%	40000	79.99999999999496	-9161.3681640625	302.0882517226972	336	20.513843297958374	0:05
80.2%	40100	80.19999999999449	-9118.9453125	299.7725482119083	336	20.56432318687439	0:05
80.4%	40200	80.39999999999402	-9060.5625	302.3770274661084	336	20.615957021713257	0:05
80.6%	40300	80.59999999999356	-9227.58203125	301.44230809699945	336	20.66629195213318	0:04
80.8%	40400	80.79999999999309	-9214.03515625	301.8667384165939	336	20.717510223388672	0:04
81.0%	40500	80.99999999999262	-9200.185546875	300.42034076236007	336	20.768025159835815	0:04
81.2%	40600	81.19999999999216	-9037.08984375	293.51640022388864	336	20.819011211395264	0:04
81.4%	40700	81.39999999999169	-9094.416015625	288.2587301361332	336	20.868798971176147	0:04
81.6%	40800	81.59999999999123	-9227.6416015625	293.6352806654442	336	20.91856622695923	0:04
81.8%	40900	81.79999999999076	-9119.8818359375	297.4441555608046	336	20.96994400024414	0:04
82.0%	41000	81.9999999999903	-9146.828125	300.14544150234474	336	21.021631002426147	0:04
82.2%	41100	82.19999999998983	-9265.298828125	292.7900429452105	336	21.072482109069824	0:04
82.4%	41200	82.39999999998936	-9270.880859375	295.72133178544885	336	21.122385263442993	0:04
82.6%	41300	82.5999999999889	-9289.9580078125	306.27073672381573	336	21.17437219619751	0:04
82.8%	41400	82.79999999998843	-9235.716796875	311.09882962578547	336	21.224324226379395	0:04
83.0%	41500	82.99999999998796	-9181.6640625	304.9705265527405	336	21.2745041847229	0:04
83.2%	41600	83.1999999999875	-9146.7822265625	301.5291094737936	336	21.325907230377197	0:04
83.4%	41700	83.39999999998703	-9085.5673828125	299.46120846671175	336	21.37621021270752	0:04
83.6%	41800	83.59999999998657	-8866.60546875	296.92405506694956	336	21.426266193389893	0:04
83.8%	41900	83.7999999999861	-9089.150390625	307.416355377052	336	21.476662158966064	0:04
84.0%	42000	83.99999999998563	-9033.86328125	303.89514853974646	336	21.528029203414917	0:04
84.2%	42100	84.19999999998517	-9252.541015625	292.67248149514154	336	21.578668117523193	0:04
84.4%	42200	84.3999999999847	-9245.16015625	294.31358424700534	336	21.630221128463745	0:04
84.6%	42300	84.59999999998423	-9148.2177734375	297.2190094295518	336	21.6804039478302	0:03
84.8%	42400	84.79999999998377	-9096.318359375	288.71262324414374	336	21.73189115524292	0:03
85.0%	42500	84.9999999999833	-9446.5849609375	301.24993651216715	336	21.782312154769897	0:03
85.2%	42600	85.19999999998284	-9339.9228515625	297.13808044992203	336	21.832125186920166	0:03
85.4%	42700	85.39999999998237	-9248.779296875	298.49699799033095	336	21.88241720199585	0:03
85.6%	42800	85.5999999999819	-9096.541015625	294.97001342889513	336	21.9337260723114	0:03
85.8%	42900	85.79999999998144	-9308.361328125	305.0783007684667	336	21.983954191207886	0:03
86.0%	43000	85.99999999998097	-9067.4677734375	301.0553643275019	336	22.033781051635742	0:03
86.2%	43100	86.1999999999805	-8990.7939453125	298.403907561448	336	22.08427119255066	0:03
86.4%	43200	86.39999999998004	-9122.9296875	303.8583769566651	336	22.13421320915222	0:03
86.6%	43300	86.59999999997957	-9012.7265625	301.3851596995362	336	22.18453025817871	0:03
86.8%	43400	86.79999999997911	-9046.3349609375	296.38858425929374	337	22.234323978424072	0:03
87.0%	43500	86.99999999997864	-9150.20703125	296.8040178809345	337	22.284334182739258	0:03
87.2%	43600	87.19999999997817	-9285.3974609375	294.1949303699477	337	22.33446717262268	0:03
87.4%	43700	87.39999999997771	-9313.4814453125	288.2773309798015	337	22.384830951690674	0:03
87.6%	43800	87.59999999997724	-9186.025390625	293.13214204697914	337	22.43408727645874	0:03
87.8%	43900	87.79999999997678	-9265.9814453125	290.6330647057639	337	22.485283136367798	0:03
88.0%	44000	87.99999999997631	-9023.818359375	291.2690801203169	337	22.535073041915894	0:03
88.2%	44100	88.19999999997584	-9035.4677734375	302.51959203680855	337	22.58547306060791	0:03
88.4%	44200	88.39999999997538	-9056.990234375	302.89328893111735	337	22.634690046310425	0:02
88.6%	44300	88.59999999997491	-8728.5439453125	296.59482716288164	337	22.68661403656006	0:02
88.8%	44400	88.79999999997445	-9086.767578125	302.85770267929684	337	22.7362859249115	0:02
89.0%	44500	88.99999999997398	-9140.5078125	302.91647483669453	337	22.78635811805725	0:02
89.2%	44600	89.19999999997351	-8999.048828125	297.44845126113745	337	22.83759903907776	0:02
89.4%	44700	89.39999999997305	-9267.033203125	299.939867940602	337	22.889204025268555	0:02
89.6%	44800	89.59999999997258	-9126.3466796875	306.44342967620014	337	22.93941020965576	0:02
89.8%	44900	89.79999999997212	-9051.4697265625	303.12211596259743	337	22.989547967910767	0:02
90.0%	45000	89.99999999997165	-8813.6015625	301.0444682830497	337	23.03946018218994	0:02
90.2%	45100	90.19999999997118	-9087.4091796875	303.3372030080773	337	23.092188119888306	0:02
90.4%	45200	90.39999999997072	-8817.16796875	302.36838317782167	337	23.143051147460938	0:02
90.6%	45300	90.59999999997025	-8829.826171875	302.3421302020433	337	23.194834232330322	0:02
90.8%	45400	90.79999999996978	-8909.6591796875	305.126776401737	337	23.24454116821289	0:02
91.0%	45500	90.99999999996932	-9144.4892578125	304.604053779207	337	23.29478406906128	0:02
91.2%	45600	91.19999999996885	-9045.7548828125	306.6805691939745	337	23.34436821937561	0:02
91.4%	45700	91.39999999996839	-9225.7060546875	305.95024178042604	337	23.396181106567383	0:02
91.6%	45800	91.59999999996792	-9233.466796875	299.8415744551179	337	23.445946216583252	0:02
91.8%	45900	91.79999999996745	-9014.5732421875	297.74676761650056	337	23.49612808227539	0:02
92.0%	46000	91.99999999996699	-9212.87109375	305.55809099798165	337	23.546349048614502	0:02
92.2%	46100	92.19999999996652	-9074.2685546875	293.6223448904372	337	23.598586082458496	0:02
92.4%	46200	92.39999999996606	-8854.658203125	286.2942790387675	337	23.649523973464966	0:01
92.6%	46300	92.59999999996559	-9166.12109375	303.2948322808206	337	23.701056957244873	0:01
92.8%	46400	92.79999999996512	-9047.884765625	299.2259726710688	337	23.752511024475098	0:01
93.0%	46500	92.99999999996466	-8839.4482421875	293.9872629639625	337	23.802447080612183	0:01
93.2%	46600	93.19999999996419	-9062.935546875	304.71510247000595	337	23.854024171829224	0:01
93.4%	46700	93.39999999996373	-8954.1015625	307.18623307775465	337	23.905640125274658	0:01
93.6%	46800	93.59999999996326	-8948.9482421875	305.8956714767322	337	23.955305099487305	0:01
93.8%	46900	93.7999999999628	-8863.623046875	305.9426944069715	337	24.005470037460327	0:01
94.0%	47000	93.99999999996233	-8996.1953125	304.9875125087201	337	24.057054042816162	0:01
94.2%	47100	94.19999999996186	-9012.048828125	304.66485303874754	337	24.108272075653076	0:01
94.4%	47200	94.3999999999614	-9015.8994140625	302.0571621015651	337	24.159650087356567	0:01
94.6%	47300	94.59999999996093	-9136.3857421875	305.35663160429624	337	24.2114679813385	0:01
94.8%	47400	94.79999999996046	-9209.939453125	307.0307964995032	337	24.261733055114746	0:01
95.0%	47500	94.99999999996	-9049.0	303.74180431203456	337	24.31183910369873	0:01
95.2%	47600	95.19999999995953	-9244.30859375	301.3753309303682	337	24.36150288581848	0:01
95.4%	47700	95.39999999995906	-9052.2265625	291.12919723404	337	24.412979125976562	0:01
95.6%	47800	95.5999999999586	-9085.244140625	290.537464242932	337	24.463181018829346	0:01
95.8%	47900	95.79999999995813	-9258.900390625	296.28978012158876	337	24.514442920684814	0:01
96.0%	48000	95.99999999995767	-8986.921875	296.70342263056284	337	24.565661907196045	0:01
96.2%	48100	96.1999999999572	-8991.880859375	297.949436147158	337	24.616300106048584	0:00
96.4%	48200	96.39999999995673	-8872.15625	297.4131404584451	337	24.66737723350525	0:00
96.6%	48300	96.59999999995627	-9237.8095703125	298.66130242379893	337	24.717761993408203	0:00
96.8%	48400	96.7999999999558	-9194.27734375	302.5898907870344	337	24.768948078155518	0:00
97.0%	48500	96.99999999995534	-9199.138671875	304.2540188823166	337	24.836855173110962	0:00
97.2%	48600	97.19999999995487	-9123.5537109375	305.7595534504894	337	24.887473106384277	0:00
97.4%	48700	97.3999999999544	-9043.3798828125	301.005637932142	337	24.93870997428894	0:00
97.6%	48800	97.59999999995394	-8927.046875	299.70759718992866	337	24.98843812942505	0:00
97.8%	48900	97.79999999995347	-8938.5908203125	301.64560385768016	337	25.040303230285645	0:00
98.0%	49000	97.999999999953	-9024.16796875	296.67644047150696	337	25.090704202651978	0:00
98.2%	49100	98.19999999995254	-9181.4599609375	295.59341620906144	337	25.141385078430176	0:00
98.4%	49200	98.39999999995207	-8968.0458984375	292.40887430295385	337	25.19313931465149	0:00
98.6%	49300	98.5999999999516	-9210.2734375	301.24070303842507	337	25.243406057357788	0:00
98.8%	49400	98.79999999995114	-9016.2919921875	296.8357404187958	337	25.29308009147644	0:00
99.0%	49500	98.99999999995067	-8989.498046875	302.58086898850155	337	25.34345316886902	0:00
99.2%	49600	99.19999999995021	-9378.4267578125	302.4425440801723	337	25.395385026931763	0:00
99.4%	49700	99.39999999994974	-9280.826171875	300.7793875147501	337	25.445261001586914	0:00
99.6%	49800	99.59999999994928	-9056.34765625	291.41118705961765	337	25.497725248336792	0:00
99.8%	49900	99.79999999994881	-9281.6806640625	300.2732797338063	337	25.549320936203003	0:00
100.0%	50000	99.99999999994834	-9326.6240234375	297.35183727212575	337	25.59943127632141	0:00
