#"Progress (%)"	"Step"	"Time (ps)"	"Potential Energy (kJ/mole)"	"Temperature (K)"	"Speed (ns/day)"	"Elapsed Time (s)"	"Time Remaining"
0.2%	100	0.20000000000000015	-389.15419115966245	197.7377116213404	0	0.00023293495178222656	--
0.4%	200	0.4000000000000003	-393.48780932372495	242.8415922149085	473	0.03656792640686035	0:18
0.6%	300	0.6000000000000004	-390.44035448974057	307.96405630737996	460	0.07523608207702637	0:18
0.8%	400	0.8000000000000006	-392.3582316870062	348.5105287474053	447	0.11591386795043945	0:19
1.0%	500	1.0000000000000007	-384.72657885497495	343.76902323324146	455	0.15206480026245117	0:18
1.2%	600	1.2000000000000008	-363.83293261474057	331.90736792322065	457	0.18893885612487793	0:18
1.4%	700	1.400000000000001	-388.31572070067807	388.33197009688433	457	0.22707486152648926	0:18
1.6%	800	1.6000000000000012	-388.70326342528745	358.59898384287675	456	0.26550912857055664	0:18
1.8%	900	1.8000000000000014	-378.7912150854437	280.9919591697856	458	0.3021538257598877	0:18
2.0%	1000	2.0000000000000013	-366.66752734130307	294.0818534779076	458	0.3397688865661621	0:18
2.2%	1100	2.1999999999999793	-377.9920512670843	368.1835446190551	457	0.37795495986938477	0:18
2.4%	1200	2.3999999999999573	-363.71818652099057	252.67606833614465	459	0.41442084312438965	0:18
2.6%	1300	2.5999999999999353	-367.6452495092718	262.1680043897858	461	0.4497029781341553	0:18
2.8%	1400	2.7999999999999132	-378.1771098608343	284.7776328139646	463	0.4851808547973633	0:18
3.0%	1500	2.999999999999891	-360.91285815184995	309.91176353369224	464	0.521533727645874	0:18
3.2%	1600	3.199999999999869	-350.8621379370062	266.94696683691745	466	0.556427001953125	0:17
3.4%	1700	3.399999999999847	-357.71058764403745	331.3206073981372	467	0.5923149585723877	0:17
3.6%	1800	3.599999999999825	-372.9647990698187	302.6149602108276	469	0.6267428398132324	0:17
3.8%	1900	3.799999999999803	-355.99418749755307	191.58165854980575	469	0.6636440753936768	0:17
4.0%	2000	3.999999999999781	-374.74989428466245	321.56096479263755	469	0.6998200416564941	0:17
4.2%	2100	4.1999999999997595	-390.8327189916937	453.06140229560003	470	0.7351338863372803	0:17
4.4%	2200	4.3999999999997375	-371.27601733153745	308.59034064735596	470	0.7724220752716064	0:17
4.6%	2300	4.599999999999715	-374.5366984838812	266.242532638749	470	0.8097188472747803	0:17
4.8%	2400	4.799999999999693	-396.9179240698187	320.2039305188361	471	0.8443918228149414	0:17
5.0%	2500	4.999999999999671	-371.4038859838812	287.5150585969194	470	0.8824069499969482	0:17
5.2%	2600	5.199999999999649	-372.35560717528745	234.3998138444198	470	0.9188258647918701	0:17
5.4%	2700	5.399999999999627	-385.1087199682562	343.86591416304185	469	0.9569897651672363	0:17
5.6%	2800	5.599999999999605	-372.73832812255307	291.9168639003024	469	0.9943678379058838	0:17
5.8%	2900	5.799999999999583	-358.64164843505307	251.52348123101237	469	1.0310139656066895	0:17
6.0%	3000	5.999999999999561	-361.66908373778745	317.4547207369778	469	1.0691077709197998	0:17
6.2%	3100	6.199999999999539	-360.4199992651312	363.29867140954866	469	1.105752944946289	0:17
6.4%	3200	6.399999999999517	-362.29823412841245	337.0562955738814	469	1.1430487632751465	0:17
6.6%	3300	6.599999999999495	-367.4110881323187	315.97206385541233	469	1.1798360347747803	0:17
6.8%	3400	6.799999999999473	-358.3329631323187	292.28363513861194	469	1.216737985610962	0:17
7.0%	3500	6.999999999999451	-346.66236987059995	329.4471652621751	469	1.2530848979949951	0:17
7.2%	3600	7.199999999999429	-357.51200976317807	332.5743503260548	468	1.2910540103912354	0:17
7.4%	3700	7.399999999999407	-350.6092387670843	324.05820489289766	467	1.3307979106903076	0:17
7.6%	3800	7.599999999999385	-380.65113940184995	399.39477835076474	467	1.3678147792816162	0:17
7.8%	3900	7.799999999999363	-367.93824877684995	445.7428289674505	467	1.4047877788543701	0:17
8.0%	4000	7.999999999999341	-328.69841113036557	305.40835316328804	467	1.442302942276001	0:17
8.2%	4100	8.199999999999408	-339.96904101317807	395.6802363183905	467	1.4810569286346436	0:16
8.4%	4200	8.399999999999475	-343.65199389403745	288.63691225868166	467	1.5171167850494385	0:16
8.6%	4300	8.599999999999541	-383.7036906713812	349.9974688621125	467	1.553682804107666	0:16
8.8%	4400	8.799999999999608	-373.60389819091245	306.60045333012636	468	1.5888900756835938	0:16
9.0%	4500	8.999999999999675	-364.9496623510687	254.52697693084065	465	1.6359128952026367	0:16
9.2%	4600	9.199999999999742	-372.6158000463812	256.11696626551577	464	1.6752490997314453	0:16
9.4%	4700	9.399999999999809	-375.34428515380307	303.6979810694096	465	1.7109401226043701	0:16
9.6%	4800	9.599999999999875	-358.57487597411557	224.00827720424164	464	1.7517218589782715	0:16
9.8%	4900	9.799999999999942	-361.5434428686468	312.5113550915964	463	1.7921688556671143	0:16
10.0%	5000	10.000000000000009	-364.8027202123968	389.13484522201196	463	1.8285150527954102	0:16
10.2%	5100	10.200000000000076	-361.04325976317807	369.76176375474927	463	1.8669018745422363	0:16
10.4%	5200	10.400000000000142	-370.9666606420843	397.423206219218	463	1.9046709537506104	0:16
10.6%	5300	10.60000000000021	-349.9002238745062	361.45734121572565	463	1.9407668113708496	0:16
10.8%	5400	10.800000000000276	-360.0561381811468	434.57887325437434	463	1.976820945739746	0:16
11.0%	5500	11.000000000000343	-348.70134081786557	340.5608575945637	463	2.0153799057006836	0:16
11.2%	5600	11.20000000000041	-373.87709155028745	373.4177537308035	463	2.051651954650879	0:16
11.4%	5700	11.400000000000476	-375.25611987059995	281.44444083171425	463	2.088679790496826	0:16
11.6%	5800	11.600000000000543	-391.05128588622495	246.5564118587142	464	2.1234560012817383	0:16
11.8%	5900	11.80000000000061	-376.20231738036557	263.53224288036137	464	2.1605989933013916	0:16
12.0%	6000	12.000000000000677	-376.74293627684995	292.21661476870497	464	2.1979029178619385	0:16
12.2%	6100	12.200000000000744	-364.41105761474057	238.1232776798853	464	2.23624587059021	0:16
12.4%	6200	12.40000000000081	-375.7923137182562	284.7316213626982	464	2.272392749786377	0:16
12.6%	6300	12.600000000000877	-354.8234416479437	263.5350961189187	464	2.3099586963653564	0:16
12.8%	6400	12.800000000000944	-354.9418803686468	305.18567068121575	464	2.3461930751800537	0:16
13.0%	6500	13.00000000000101	-368.3987895483343	408.12595023616734	464	2.3844521045684814	0:16
13.2%	6600	13.200000000001078	-370.0313579077093	365.35109221013903	464	2.419890880584717	0:16
13.4%	6700	13.400000000001144	-376.10926928466245	381.6071566623896	464	2.456296920776367	0:16
13.6%	6800	13.600000000001211	-367.14079394286557	389.81718086024307	465	2.4907398223876953	0:16
13.8%	6900	13.800000000001278	-367.5718547338812	359.96713959981366	465	2.5269219875335693	0:16
14.0%	7000	14.000000000001345	-376.5070353979437	429.2077236268532	465	2.564065933227539	0:15
14.2%	7100	14.200000000001411	-351.19777026122495	353.23561677434344	465	2.6028499603271484	0:15
14.4%	7200	14.400000000001478	-349.26164355224057	361.00959256883414	465	2.639763832092285	0:15
14.6%	7300	14.600000000001545	-367.6262980932562	455.4053288393659	465	2.675920009613037	0:15
14.8%	7400	14.800000000001612	-333.67311205809995	299.2429834562967	465	2.7115209102630615	0:15
15.0%	7500	15.000000000001679	-334.39079394286557	384.7615181350257	465	2.748194932937622	0:15
15.2%	7600	15.200000000001745	-378.3491984838812	481.36290202027106	465	2.7849597930908203	0:15
15.4%	7700	15.400000000001812	-351.4384623998968	278.6298716888233	466	2.820931911468506	0:15
15.6%	7800	15.600000000001879	-369.50700488036557	318.5203862960567	465	2.859471082687378	0:15
15.8%	7900	15.800000000001946	-374.52906908934995	365.46277471549666	465	2.8970820903778076	0:15
16.0%	8000	16.00000000000201	-349.3812114233343	238.68519189224662	465	2.934145927429199	0:15
16.2%	8100	16.2000000000019	-371.20561327880307	322.67143859608876	465	2.9745919704437256	0:15
16.4%	8200	16.40000000000179	-356.71815600341245	247.42864033223432	465	3.012969970703125	0:15
16.6%	8300	16.60000000000168	-365.7492228979437	263.36840661399975	465	3.048374891281128	0:15
16.8%	8400	16.800000000001567	-353.72413744872495	250.89243176578958	465	3.084690809249878	0:15
17.0%	8500	17.000000000001457	-380.1963664526312	366.73663312160653	465	3.1234748363494873	0:15
17.2%	8600	17.200000000001346	-375.9115764135687	257.5057689768876	465	3.161388874053955	0:15
17.4%	8700	17.400000000001235	-391.6975871557562	275.68523230075306	464	3.2046377658843994	0:15
17.6%	8800	17.600000000001124	-377.83290209716245	277.9344440012261	464	3.241168975830078	0:15
17.8%	8900	17.800000000001013	-352.6068889135687	255.48836102945393	464	3.275662899017334	0:15
18.0%	9000	18.000000000000902	-372.21693530028745	333.79888975008134	464	3.3141510486602783	0:15
18.2%	9100	18.20000000000079	-364.87892260497495	303.23756260000675	464	3.3542797565460205	0:15
18.4%	9200	18.40000000000068	-362.26576342528745	264.9706824200876	464	3.390941858291626	0:15
18.6%	9300	18.60000000000057	-378.31202807372495	340.16022714078895	464	3.4269418716430664	0:15
18.8%	9400	18.80000000000046	-350.2880412573187	309.96043541290817	464	3.4651849269866943	0:15
19.0%	9500	19.000000000000348	-381.7797709936468	243.8391092305321	464	3.5026049613952637	0:15
19.2%	9600	19.200000000000237	-368.88005175536557	265.79748071181143	464	3.53883695602417	0:15
19.4%	9700	19.400000000000126	-383.10511889403745	337.0294677774573	463	3.5841970443725586	0:15
19.6%	9800	19.600000000000016	-361.08903613036557	299.1267183311631	462	3.629175901412964	0:15
19.8%	9900	19.799999999999905	-348.4149943823187	313.07923732246405	461	3.6746699810028076	0:15
20.0%	10000	19.999999999999794	-368.38615527099057	375.24360250228546	460	3.718953847885132	0:15
20.2%	10100	20.199999999999683	-338.24479784911557	259.9496129347938	459	3.7654378414154053	0:15
20.4%	10200	20.399999999999572	-351.9873820776312	300.8043166840134	458	3.8112008571624756	0:15
20.6%	10300	20.59999999999946	-361.3686076635687	371.5280198004179	457	3.8570468425750732	0:15
20.8%	10400	20.79999999999935	-343.62651171630307	333.6231560386986	456	3.90144681930542	0:14
21.0%	10500	20.99999999999924	-355.4653178686468	371.72482354438444	455	3.947014808654785	0:14
21.2%	10600	21.19999999999913	-377.0346538061468	419.5315010162485	455	3.9914119243621826	0:14
21.4%	10700	21.399999999999018	-357.5696574682562	287.0489282738085	454	4.036667108535767	0:14
21.6%	10800	21.599999999998907	-395.40406908934995	425.4082461769067	453	4.0831217765808105	0:14
21.8%	10900	21.799999999998796	-360.1078959936468	381.0427407809295	452	4.127795934677124	0:14
22.0%	11000	21.999999999998685	-359.55729784911557	449.4226272451602	452	4.171428918838501	0:14
22.2%	11100	22.199999999998575	-373.5065471166937	439.70405521082097	451	4.216833829879761	0:14
22.4%	11200	22.399999999998464	-370.41578783934995	396.1484506090447	450	4.261555910110474	0:14
22.6%	11300	22.599999999998353	-365.61744799559995	503.84653141541855	449	4.307960033416748	0:14
22.8%	11400	22.799999999998242	-358.98219408934995	449.02047428952716	448	4.35400390625	0:14
23.0%	11500	22.99999999999813	-355.11296191161557	343.41447394722564	448	4.40078592300415	0:14
23.2%	11600	23.19999999999802	-367.00309863036557	333.6876587889467	447	4.44652795791626	0:14
23.4%	11700	23.39999999999791	-376.4292766088812	291.5461673904816	446	4.49043083190918	0:14
23.6%	11800	23.5999999999978	-382.9299174780218	261.7664756864989	446	4.537320852279663	0:14
23.8%	11900	23.799999999997688	-391.8849650854437	353.4524737176305	445	4.583228826522827	0:14
24.0%	12000	23.999999999997577	-373.25026049559995	270.67836305536895	444	4.6281418800354	0:14
24.2%	12100	24.199999999997466	-371.70863451903745	265.31211598479194	444	4.674409866333008	0:14
24.4%	12200	24.399999999997355	-364.1714641088812	208.02415588010993	443	4.720164060592651	0:14
24.6%	12300	24.599999999997245	-386.3725139135687	285.0858524738735	442	4.766933917999268	0:14
24.8%	12400	24.799999999997134	-369.4745952123968	234.21627822204715	442	4.812940835952759	0:14
25.0%	12500	24.999999999997023	-368.2574321264593	356.83505036601184	441	4.858922958374023	0:14
25.2%	12600	25.199999999996912	-365.91618456786557	322.90106458990255	441	4.902301788330078	0:14
25.4%	12700	25.3999999999968	-371.96659960692807	350.44077172352627	440	4.9463348388671875	0:14
25.6%	12800	25.59999999999669	-378.4608012670843	271.002640568155	440	4.992342948913574	0:14
25.8%	12900	25.79999999999658	-356.8762065405218	223.47021254395398	439	5.03799295425415	0:14
26.0%	13000	25.99999999999647	-386.6066752905218	276.16766917404885	438	5.084691762924194	0:14
26.2%	13100	26.199999999996358	-376.7285930151312	211.89584336698698	438	5.130685806274414	0:14
26.4%	13200	26.399999999996247	-383.76844897216245	238.0924960861357	437	5.17512583732605	0:14
26.6%	13300	26.599999999996136	-373.15467944091245	308.68830659710653	437	5.221705913543701	0:14
26.8%	13400	26.799999999996025	-343.31312670653745	266.5064642695525	436	5.266408920288086	0:14
27.0%	13500	26.999999999995914	-346.73967089599057	308.1328819327967	436	5.313352823257446	0:14
27.2%	13600	27.199999999995804	-341.85609545653745	312.62367535052323	435	5.35802698135376	0:14
27.4%	13700	27.399999999995693	-367.99940600341245	333.4831969839959	435	5.403477907180786	0:14
27.6%	13800	27.599999999995582	-365.43226733153745	259.198725269654	434	5.45004677772522	0:14
27.8%	13900	27.79999999999547	-371.5435649389593	231.53412560988951	434	5.494679927825928	0:14
28.0%	14000	27.99999999999536	-395.4157268041937	247.91858687254074	433	5.540838003158569	0:14
28.2%	14100	28.19999999999525	-377.2214213842718	227.37280349402758	433	5.585803985595703	0:14
28.4%	14200	28.39999999999514	-395.1168071264593	262.38707093367833	433	5.629482984542847	0:14
28.6%	14300	28.599999999995028	-382.24220385497495	263.88590753756796	432	5.676074981689453	0:14
28.8%	14400	28.799999999994917	-379.6917582983343	236.0202681549758	432	5.720977067947388	0:14
29.0%	14500	28.999999999994806	-377.8090678686468	232.9892892520064	432	5.765836000442505	0:14
29.2%	14600	29.199999999994695	-374.8842326635687	255.47317968075618	431	5.808679819107056	0:14
29.4%	14700	29.399999999994584	-367.44630541747495	248.1790203274916	431	5.851258039474487	0:14
29.6%	14800	29.599999999994473	-386.3936320776312	343.59936160731434	431	5.896044969558716	0:14
29.8%	14900	29.799999999994363	-350.8500834936468	240.91481935181028	431	5.940422058105469	0:14
30.0%	15000	29.99999999999425	-387.0168010229437	309.377424195387	430	5.986217975616455	0:14
30.2%	15100	30.19999999999414	-375.8829204077093	249.91155258810497	430	6.032793045043945	0:14
30.4%	15200	30.39999999999403	-353.3464213842718	271.938793867889	430	6.073641777038574	0:13
30.6%	15300	30.59999999999392	-377.15602221434995	271.6172611358265	429	6.117142915725708	0:13
30.8%	15400	30.79999999999381	-369.31791796630307	258.45053602705593	429	6.15901780128479	0:13
31.0%	15500	30.999999999993697	-374.3978129858343	362.6109412112861	429	6.203986883163452	0:13
31.2%	15600	31.199999999993587	-369.42176928466245	431.9685056893209	429	6.247035026550293	0:13
31.4%	15700	31.399999999993476	-376.0936137670843	362.8922345337646	429	6.285460948944092	0:13
31.6%	15800	31.599999999993365	-383.6940471166937	366.97159693745795	429	6.325416803359985	0:13
31.8%	15900	31.799999999993254	-371.40663256591245	288.6350830221785	429	6.365912914276123	0:13
32.0%	16000	31.999999999993143	-378.3372661108343	291.6022458554676	429	6.408553838729858	0:13
32.2%	16100	32.19999999999339	-374.4765178198187	290.01518401607655	428	6.453552961349487	0:13
32.4%	16200	32.39999999999363	-380.6950236791937	261.95102981858645	428	6.49734091758728	0:13
32.6%	16300	32.59999999999388	-375.4212199682562	316.49922209629443	428	6.5414838790893555	0:13
32.8%	16400	32.79999999999412	-388.0316020483343	303.0319903493303	428	6.583390951156616	0:13
33.0%	16500	32.999999999994365	-360.65089526122495	236.9953776208351	428	6.625245809555054	0:13
33.2%	16600	33.19999999999461	-382.65419115966245	232.0634084414639	428	6.66454005241394	0:13
33.4%	16700	33.399999999994854	-380.8720256323187	218.31425215997382	428	6.701794862747192	0:13
33.6%	16800	33.5999999999951	-382.2275248998968	208.74415800403068	428	6.738846778869629	0:13
33.8%	16900	33.79999999999534	-367.6012736791937	236.59832361714965	429	6.77485990524292	0:13
34.0%	17000	33.99999999999559	-371.25346484130307	252.0343426742523	429	6.812960863113403	0:13
34.2%	17100	34.19999999999583	-380.1881877416937	348.1776845293758	429	6.85345196723938	0:13
34.4%	17200	34.399999999996076	-361.20460619872495	297.7514080013297	428	6.896337032318115	0:13
34.6%	17300	34.59999999999632	-377.7129985327093	363.0758721956629	428	6.93983793258667	0:13
34.8%	17400	34.799999999996565	-383.75807299559995	324.03059501124557	428	6.982034921646118	0:13
35.0%	17500	34.99999999999681	-383.36674609130307	380.8762977032011	428	7.024867057800293	0:13
35.2%	17600	35.199999999997054	-351.1460734838812	316.7231484233449	428	7.067414999008179	0:13
35.4%	17700	35.3999999999973	-358.29521288817807	312.11370297178195	428	7.1091837882995605	0:13
35.6%	17800	35.59999999999754	-376.5318156713812	333.43338045794724	428	7.152698993682861	0:13
35.8%	17900	35.79999999999779	-370.2095805639593	384.5928885163029	427	7.195659875869751	0:12
36.0%	18000	35.99999999999803	-380.8876506323187	427.10289215371137	428	7.23366904258728	0:12
36.2%	18100	36.199999999998276	-368.7894145483343	341.29769174104956	428	7.272198915481567	0:12
36.4%	18200	36.39999999999852	-357.4052592748968	288.03167632543654	428	7.309787034988403	0:12
36.6%	18300	36.599999999998765	-377.6149455541937	306.17987947901327	428	7.351900815963745	0:12
36.8%	18400	36.79999999999901	-372.02467455809995	261.3417868298728	428	7.390108823776245	0:12
37.0%	18500	36.999999999999254	-357.3138286108343	282.75204013836793	428	7.432776927947998	0:12
37.2%	18600	37.1999999999995	-379.16887011474057	319.3883700836216	428	7.471958875656128	0:12
37.4%	18700	37.39999999999974	-358.4741069311468	224.674636639138	428	7.507617950439453	0:12
37.6%	18800	37.59999999999999	-386.02858080809995	290.13103155913444	428	7.545248985290527	0:12
37.8%	18900	37.80000000000023	-389.4663859838812	265.44549868933206	428	7.583539962768555	0:12
38.0%	19000	38.000000000000476	-380.0329448217718	328.4800437411659	428	7.622246026992798	0:12
38.2%	19100	38.20000000000072	-374.95204272216245	278.7286238757267	428	7.665228843688965	0:12
38.4%	19200	38.400000000000965	-380.0096293920843	354.9213492556402	428	7.703150033950806	0:12
38.6%	19300	38.60000000000121	-388.20353808349057	334.4253390917301	429	7.7409508228302	0:12
38.8%	19400	38.800000000001454	-374.9757853979437	237.9436865018061	429	7.7770819664001465	0:12
39.0%	19500	39.0000000000017	-367.96049609130307	249.00950295960928	429	7.816479921340942	0:12
39.2%	19600	39.20000000000194	-370.0791789526312	251.34397613816506	429	7.853473901748657	0:12
39.4%	19700	39.40000000000219	-380.48890795653745	267.5639289408187	429	7.8905909061431885	0:12
39.6%	19800	39.60000000000243	-368.6386577123968	230.04768372615666	429	7.926856756210327	0:12
39.8%	19900	39.800000000002676	-377.5262309545843	235.80172327504323	430	7.962594032287598	0:12
40.0%	20000	40.00000000000292	-387.1917277807562	271.6835798901844	430	7.99990701675415	0:12
40.2%	20100	40.200000000003165	-387.0973674291937	279.59264115629713	430	8.03986406326294	0:12
40.4%	20200	40.40000000000341	-374.3903361791937	226.382185782601	430	8.079531908035278	0:11
40.6%	20300	40.600000000003654	-395.0489360327093	177.12333366615692	430	8.122363090515137	0:11
40.8%	20400	40.8000000000039	-394.9837199682562	213.07677479640915	430	8.164665937423706	0:11
41.0%	20500	41.00000000000414	-391.5466166967718	230.4437891195732	429	8.208180904388428	0:11
41.2%	20600	41.20000000000439	-377.6851359838812	259.2814137491675	429	8.249536991119385	0:11
41.4%	20700	41.40000000000463	-372.84404101317807	194.62126480897737	429	8.290863037109375	0:11
41.6%	20800	41.600000000004876	-382.91334643309995	365.0068166379832	429	8.3331139087677	0:11
41.8%	20900	41.80000000000512	-373.9468547338812	273.84689376289367	429	8.373830795288086	0:11
42.0%	21000	42.000000000005365	-374.59547533934995	285.1141829982408	429	8.415405035018921	0:11
42.2%	21100	42.20000000000561	-355.7346965307562	234.56475551221718	429	8.459459066390991	0:11
42.4%	21200	42.40000000000585	-378.82960619872495	410.7964017385673	429	8.501616954803467	0:11
42.6%	21300	42.6000000000061	-330.97880663817807	218.0897134389523	429	8.5399169921875	0:11
42.8%	21400	42.80000000000634	-369.12440600341245	370.80874841525963	429	8.57641887664795	0:11
43.0%	21500	43.00000000000659	-368.6993266577093	269.5198123524848	429	8.614102840423584	0:11
43.2%	21600	43.20000000000683	-371.7266398901312	264.3185537522026	429	8.65128493309021	0:11
43.4%	21700	43.400000000007076	-381.1450053686468	362.7071451916891	430	8.687294960021973	0:11
43.6%	21800	43.60000000000732	-356.1845561498968	204.13562651358012	430	8.7239248752594	0:11
43.8%	21900	43.800000000007564	-368.77687182372495	285.60586952360234	430	8.760667085647583	0:11
44.0%	22000	44.00000000000781	-382.36732592528745	316.31623010350546	430	8.798219919204712	0:11
44.2%	22100	44.20000000000805	-375.8343364233343	277.506590899993	430	8.836845874786377	0:11
44.4%	22200	44.4000000000083	-387.30433764403745	263.11182859458785	430	8.872549057006836	0:11
44.6%	22300	44.60000000000854	-363.17521777099057	277.26502002765767	430	8.911892890930176	0:11
44.8%	22400	44.80000000000879	-363.13993945067807	329.524706251052	431	8.947983980178833	0:11
45.0%	22500	45.00000000000903	-345.06132616942807	258.055087952034	431	8.983178853988647	0:11
45.2%	22600	45.200000000009275	-365.59852709716245	329.6796453309052	431	9.020467758178711	0:10
45.4%	22700	45.40000000000952	-369.5843364233343	381.3657019842084	431	9.056993007659912	0:10
45.6%	22800	45.600000000009764	-371.36952319091245	344.1953016497917	431	9.093831777572632	0:10
45.8%	22900	45.80000000001001	-396.7079631323187	493.6307933007081	431	9.134052991867065	0:10
46.0%	23000	46.00000000001025	-359.9678508276312	297.2354567314157	431	9.171169996261597	0:10
46.2%	23100	46.2000000000105	-385.8733684057562	355.26614808979906	431	9.210731983184814	0:10
46.4%	23200	46.40000000001074	-392.29985156005307	331.8903195823871	432	9.247096061706543	0:10
46.6%	23300	46.600000000010986	-379.2826701635687	262.1620035143207	432	9.284514904022217	0:10
46.8%	23400	46.80000000001123	-384.9180766577093	284.89216374881573	432	9.319496870040894	0:10
47.0%	23500	47.000000000011475	-383.88331713622495	421.04674196458024	432	9.357242107391357	0:10
47.2%	23600	47.20000000001172	-377.0974894995062	336.8006828620474	432	9.393009901046753	0:10
47.4%	23700	47.400000000011964	-391.89564623778745	372.45239029604676	433	9.428483009338379	0:10
47.6%	23800	47.60000000001221	-365.9571086401312	263.72652798909036	433	9.466640949249268	0:10
47.8%	23900	47.80000000001245	-379.5500041479437	275.3867517421154	433	9.501788139343262	0:10
48.0%	24000	48.0000000000127	-385.20607104247495	264.56049280169566	433	9.537248849868774	0:10
48.2%	24100	48.20000000001294	-376.26896777099057	224.1856194131047	433	9.588352918624878	0:10
48.4%	24200	48.400000000013186	-381.8659526342718	263.56207090542824	433	9.62627387046814	0:10
48.6%	24300	48.60000000001343	-364.63111987059995	308.933653152181	433	9.663549900054932	0:10
48.8%	24400	48.800000000013675	-352.5681926245062	278.75042709640985	433	9.699633836746216	0:10
49.0%	24500	49.00000000001392	-376.95121874755307	321.586279107932	433	9.736443042755127	0:10
49.2%	24600	49.200000000014164	-378.9787456030218	305.9238940199173	433	9.77902102470398	0:10
49.4%	24700	49.40000000001441	-384.3982707495062	281.8620004451721	433	9.820472002029419	0:10
49.6%	24800	49.60000000001465	-387.46806445067807	258.10935608820307	433	9.864166975021362	0:10
49.8%	24900	49.8000000000149	-381.52894701903745	267.103912580851	433	9.90706992149353	0:10
50.0%	25000	50.00000000001514	-377.3610698217718	340.75357321598335	432	9.949764966964722	0:09
50.2%	25100	50.200000000015386	-360.6123820776312	303.9366064050035	432	9.996892929077148	0:09
50.4%	25200	50.40000000001563	-381.5825969213812	320.2004676940842	432	10.038611888885498	0:09
50.6%	25300	50.600000000015875	-379.06572070067807	224.1605283944486	432	10.081276893615723	0:09
50.8%	25400	50.80000000001612	-383.32997240966245	263.9961118083517	432	10.124010801315308	0:09
51.0%	25500	51.000000000016364	-391.85084643309995	339.00310225069444	432	10.166165828704834	0:09
51.2%	25600	51.20000000001661	-391.5230266088812	286.2077659353007	432	10.204177141189575	0:09
51.4%	25700	51.40000000001685	-379.77528490966245	262.421370193431	432	10.239365100860596	0:09
51.6%	25800	51.6000000000171	-372.14442553466245	295.704923079166	432	10.278289794921875	0:09
51.8%	25900	51.80000000001734	-372.6459819311468	295.94699349675415	432	10.313249826431274	0:09
52.0%	26000	52.000000000017586	-376.34755053466245	242.68260497851833	432	10.350976943969727	0:09
52.2%	26100	52.20000000001783	-373.4859477514593	233.13048095045124	432	10.394966840744019	0:09
52.4%	26200	52.400000000018075	-374.36830248778745	323.9413502541844	432	10.436636924743652	0:09
52.6%	26300	52.60000000001832	-376.9530803198187	329.89125537632043	432	10.478551864624023	0:09
52.8%	26400	52.800000000018564	-359.9295512670843	273.6047754936256	432	10.521403074264526	0:09
53.0%	26500	53.00000000001881	-379.79997363036557	369.15804617143766	432	10.562228918075562	0:09
53.2%	26600	53.20000000001905	-372.47465624755307	390.6562481793215	432	10.601436853408813	0:09
53.4%	26700	53.4000000000193	-365.02284350341245	343.72473438271203	432	10.636969804763794	0:09
53.6%	26800	53.60000000001954	-365.58134570067807	408.46194884171604	432	10.674856901168823	0:09
53.8%	26900	53.800000000019786	-355.8773967260687	446.093335174823	432	10.714519023895264	0:09
54.0%	27000	54.00000000002003	-358.58900561278745	300.29839933190044	432	10.752500772476196	0:09
54.2%	27100	54.200000000020275	-369.6014262670843	337.97946765674504	432	10.790865898132324	0:09
54.4%	27200	54.40000000002052	-351.67799487059995	274.0394845278701	433	10.825517892837524	0:09
54.6%	27300	54.60000000002076	-359.33122363036557	322.4259116861807	433	10.864047050476074	0:09
54.8%	27400	54.80000000002101	-349.6926127905218	373.0745606759584	433	10.901006937026978	0:09
55.0%	27500	55.00000000002125	-359.0483256811468	399.38953330483065	433	10.93805480003357	0:08
55.2%	27600	55.2000000000215	-351.6678019995062	303.8113546626939	432	10.998275995254517	0:08
55.4%	27700	55.40000000002174	-348.44145312255307	327.0770324860347	432	11.050279140472412	0:08
55.6%	27800	55.600000000021986	-368.94877734130307	352.87698474237413	432	11.086205959320068	0:08
55.8%	27900	55.80000000002223	-373.25087084716245	224.24735790741374	432	11.121774911880493	0:08
56.0%	28000	56.000000000022474	-387.0507670873968	330.1176570271628	432	11.157855987548828	0:08
56.2%	28100	56.20000000002272	-361.3622905248968	203.74505871251037	432	11.199234962463379	0:08
56.4%	28200	56.40000000002296	-378.8094035620062	265.52498600496506	432	11.234815835952759	0:08
56.6%	28300	56.60000000002321	-385.55311694091245	262.4053749629301	432	11.272144079208374	0:08
56.8%	28400	56.80000000002345	-361.7458354467718	280.07448660433556	432	11.307513952255249	0:08
57.0%	28500	57.0000000000237	-367.9880229467718	282.4042366249419	433	11.344244956970215	0:08
57.2%	28600	57.20000000002394	-350.4064799780218	285.5995697095526	433	11.380791902542114	0:08
57.4%	28700	57.400000000024185	-378.82621874755307	374.9288054915703	433	11.416614055633545	0:08
57.6%	28800	57.60000000002443	-375.83168139403745	314.07265862857037	433	11.453541040420532	0:08
57.8%	28900	57.800000000024674	-355.37553515380307	266.42130723179355	433	11.489798069000244	0:08
58.0%	29000	58.00000000002492	-367.92750658934995	205.99131693083186	433	11.525049924850464	0:08
58.2%	29100	58.20000000002516	-394.68995776122495	295.4042141615864	433	11.564655065536499	0:08
58.4%	29200	58.40000000002541	-370.2919475073187	224.33907795839693	434	11.59945011138916	0:08
58.6%	29300	58.60000000002565	-386.92958178466245	343.5972183180255	434	11.636422872543335	0:08
58.8%	29400	58.800000000025896	-386.3537456030218	355.3586494493912	434	11.672376871109009	0:08
59.0%	29500	59.00000000002614	-377.5154582495062	261.7663922298237	434	11.708049774169922	0:08
59.2%	29600	59.200000000026385	-373.15898241942807	216.51855819094845	434	11.747980833053589	0:08
59.4%	29700	59.40000000002663	-362.29200854247495	204.65246683305776	434	11.786693096160889	0:08
59.6%	29800	59.600000000026874	-373.43068041747495	280.7640242041586	434	11.823325872421265	0:08
59.8%	29900	59.80000000002712	-372.1030131811468	258.8886820485348	434	11.858850002288818	0:07
60.0%	30000	60.00000000002736	-367.07704272216245	280.3501893750237	434	11.8943510055542	0:07
60.2%	30100	60.20000000002761	-374.1450969213812	314.37048091297453	434	11.935611009597778	0:07
60.4%	30200	60.40000000002785	-361.30751147216245	233.99227393439458	434	11.975361824035645	0:07
60.6%	30300	60.600000000028096	-373.0322123998968	255.98805025542708	434	12.01747179031372	0:07
60.8%	30400	60.80000000002834	-365.5226909155218	266.1329356840427	434	12.058990001678467	0:07
61.0%	30500	61.000000000028585	-362.18815722411557	274.6549006819926	434	12.099798917770386	0:07
61.2%	30600	61.20000000002883	-352.6746684545843	273.22699323130195	434	12.14103102684021	0:07
61.4%	30700	61.400000000029074	-370.05824389403745	317.73976596570526	434	12.181556940078735	0:07
61.6%	30800	61.60000000002932	-368.2746440405218	294.32185444475425	434	12.222182989120483	0:07
61.8%	30900	61.80000000002956	-355.95158495849057	280.9803851567184	434	12.261896848678589	0:07
62.0%	31000	62.00000000002981	-372.24134936278745	387.92843759703356	434	12.301169872283936	0:07
62.2%	31100	62.20000000003005	-353.73158373778745	311.2158819143967	434	12.343440055847168	0:07
62.4%	31200	62.400000000030296	-370.49382128661557	376.45914700528624	434	12.383898973464966	0:07
62.6%	31300	62.60000000003054	-384.9419719213812	399.5761415942389	434	12.426804780960083	0:07
62.8%	31400	62.800000000030785	-368.37150683349057	246.0602089352835	434	12.465610980987549	0:07
63.0%	31500	63.00000000003103	-370.6271525854437	287.03509441885876	434	12.501020908355713	0:07
63.2%	31600	63.200000000031274	-378.99675097411557	310.42309977492107	434	12.537246942520142	0:07
63.4%	31700	63.40000000003152	-358.34233202880307	294.85564626664694	434	12.572332859039307	0:07
63.6%	31800	63.60000000003176	-345.65532031005307	307.40461234091686	434	12.608630895614624	0:07
63.8%	31900	63.80000000003201	-347.2050334448187	364.92786220248104	435	12.643932104110718	0:07
64.0%	32000	64.00000000003224	-357.20326342528745	303.4106434405405	435	12.682998895645142	0:07
64.2%	32100	64.20000000003178	-356.88392748778745	267.61504988812953	435	12.72209095954895	0:07
64.4%	32200	64.40000000003131	-379.4274455541937	340.7225750052658	435	12.756832838058472	0:07
64.6%	32300	64.60000000003085	-378.95814623778745	322.91616248192514	435	12.792646884918213	0:07
64.8%	32400	64.80000000003038	-378.35304369872495	385.39742157369864	435	12.828481912612915	0:06
65.0%	32500	65.00000000002991	-363.56071581786557	355.6756791949978	435	12.864543914794922	0:06
65.2%	32600	65.20000000002945	-365.7818461889593	360.0163813083041	435	12.900975942611694	0:06
65.4%	32700	65.40000000002898	-372.9590617651312	389.47733094121025	435	12.935996770858765	0:06
65.6%	32800	65.60000000002852	-363.70509447997495	307.7433690193224	436	12.973281860351562	0:06
65.8%	32900	65.80000000002805	-363.05018725341245	339.8560448842306	436	13.007972955703735	0:06
66.0%	33000	66.00000000002758	-358.17799487059995	269.5692029328683	436	13.04386281967163	0:06
66.2%	33100	66.20000000002712	-381.8994914526312	342.49682281913965	436	13.083630084991455	0:06
66.4%	33200	66.40000000002665	-388.8584758276312	307.84844533442504	436	13.11958909034729	0:06
66.6%	33300	66.60000000002618	-378.26091113036557	302.3553680732403	436	13.156391143798828	0:06
66.8%	33400	66.80000000002572	-361.7925578588812	239.14565170167756	436	13.191313743591309	0:06
67.0%	33500	67.00000000002525	-358.7420512670843	278.6852582459981	436	13.226844787597656	0:06
67.2%	33600	67.20000000002479	-370.9486857885687	308.60298776869575	436	13.262993812561035	0:06
67.4%	33700	67.40000000002432	-352.1421672338812	260.557921292381	437	13.299178838729858	0:06
67.6%	33800	67.60000000002385	-386.6924602026312	363.37158147892023	437	13.33540391921997	0:06
67.8%	33900	67.80000000002339	-374.6663676733343	308.67035415224825	437	13.370726108551025	0:06
68.0%	34000	68.00000000002292	-365.20549120849057	278.3471390373971	437	13.406183004379272	0:06
68.2%	34100	68.20000000002246	-376.1518107885687	227.42475685745316	437	13.446311712265015	0:06
68.4%	34200	68.40000000002199	-394.02629198974057	277.84938330903117	437	13.48161792755127	0:06
68.6%	34300	68.60000000002152	-369.96122851317807	234.87954814698278	437	13.517907857894897	0:06
68.8%	34400	68.80000000002106	-378.90593066161557	333.1168001357963	437	13.553078889846802	0:06
69.0%	34500	69.00000000002059	-374.8598491186468	266.08115956897456	437	13.58945608139038	0:06
69.2%	34600	69.20000000002013	-360.07923998778745	289.73299292200534	438	13.625039100646973	0:06
69.4%	34700	69.40000000001966	-376.1988078588812	303.5092917994543	438	13.66015100479126	0:06
69.6%	34800	69.6000000000192	-367.03993334716245	279.5480000194301	438	13.698446035385132	0:06
69.8%	34900	69.80000000001873	-360.42653002684995	282.35533370156605	438	13.734420776367188	0:05
70.0%	35000	70.00000000001826	-347.63762011474057	283.45757044468	438	13.770123958587646	0:05
70.2%	35100	70.2000000000178	-374.0080119604437	323.2755356474039	438	13.814085006713867	0:05
70.4%	35200	70.40000000001733	-354.4817973608343	240.2353583539647	438	13.855907917022705	0:05
70.6%	35300	70.60000000001686	-394.2724162573187	275.3832739226423	438	13.894695043563843	0:05
70.8%	35400	70.8000000000164	-375.7802592748968	236.99549757860447	438	13.93651294708252	0:05
71.0%	35500	71.00000000001593	-387.4644328588812	268.22601171396497	438	13.97828483581543	0:05
71.2%	35600	71.20000000001546	-369.7574016088812	224.511345439852	438	14.020403861999512	0:05
71.4%	35700	71.400000000015	-368.26652636474057	247.99295943501602	437	14.061458826065063	0:05
71.6%	35800	71.60000000001453	-383.96330370849057	249.06686654986157	437	14.103374004364014	0:05
71.8%	35900	71.80000000001407	-387.90922656005307	260.36014880579097	437	14.145431995391846	0:05
72.0%	36000	72.0000000000136	-378.1675883764593	205.10513440563292	437	14.18661904335022	0:05
72.2%	36100	72.20000000001313	-374.59620776122495	314.8055588711258	437	14.231130123138428	0:05
72.4%	36200	72.40000000001267	-388.0340434545843	287.7781901458424	437	14.272923946380615	0:05
72.6%	36300	72.6000000000122	-371.0354777807562	258.47095086201233	437	14.3146390914917	0:05
72.8%	36400	72.80000000001174	-372.0699321264593	235.2216758298756	437	14.356899976730347	0:05
73.0%	36500	73.00000000001127	-378.6254436010687	291.54030630644104	437	14.398342847824097	0:05
73.2%	36600	73.2000000000108	-383.3408061498968	273.7114762567685	437	14.440985918045044	0:05
73.4%	36700	73.40000000001034	-379.71644701903745	275.21980699836695	437	14.483334064483643	0:05
73.6%	36800	73.60000000000987	-377.2151652807562	224.47439988064207	437	14.524917840957642	0:05
73.8%	36900	73.8000000000094	-371.18962206786557	200.3587440772826	437	14.566857814788818	0:05
74.0%	37000	74.00000000000894	-381.42237963622495	293.78393584858316	436	14.608774900436401	0:05
74.2%	37100	74.20000000000847	-372.56056322997495	193.33891586602846	436	14.653115034103394	0:05
74.4%	37200	74.400000000008	-376.0485698217718	235.68666679313708	436	14.69542908668518	0:05
74.6%	37300	74.60000000000754	-394.9214641088812	297.36091272452893	436	14.736876010894775	0:05
74.8%	37400	74.80000000000707	-377.14299120849057	261.80464615313076	436	14.778689861297607	0:04
75.0%	37500	75.00000000000661	-363.58647265380307	277.52093654688014	436	14.820295810699463	0:04
75.2%	37600	75.20000000000614	-374.5098735327093	281.2040949041383	436	14.862451791763306	0:04
75.4%	37700	75.40000000000568	-371.87367358153745	333.5635902257214	436	14.903983116149902	0:04
75.6%	37800	75.60000000000521	-372.43214526122495	336.57593815776454	436	14.945790767669678	0:04
75.8%	37900	75.80000000000474	-362.4750529760687	265.15462326210513	436	14.988229036331177	0:04
76.0%	38000	76.00000000000428	-362.0540324682562	287.22520245229265	436	15.029710054397583	0:04
76.2%	38100	76.20000000000381	-389.4131938452093	315.01407860009135	436	15.07412075996399	0:04
76.4%	38200	76.40000000000335	-385.39259447997495	267.43352725853555	436	15.11578106880188	0:04
76.6%	38300	76.60000000000288	-382.47746386474057	324.3620317566423	436	15.157127857208252	0:04
76.8%	38400	76.80000000000241	-390.99830737059995	276.18624637904264	435	15.199518918991089	0:04
77.0%	38500	77.00000000000195	-357.73841967528745	209.30794589939936	435	15.240942001342773	0:04
77.2%	38600	77.20000000000148	-370.83305468505307	295.17190040880746	435	15.283860921859741	0:04
77.4%	38700	77.40000000000101	-379.1631633276312	228.05325557722873	435	15.325270891189575	0:04
77.6%	38800	77.60000000000055	-370.0987407202093	221.9268980724123	435	15.366790056228638	0:04
77.8%	38900	77.80000000000008	-367.87480273192807	286.1339112582351	435	15.409635066986084	0:04
78.0%	39000	77.99999999999962	-371.72840990966245	219.92441751178774	435	15.451333045959473	0:04
78.2%	39100	78.19999999999915	-388.11561694091245	251.2409901230378	435	15.496310949325562	0:04
78.4%	39200	78.39999999999868	-382.65211596434995	211.11652720400292	435	15.538112878799438	0:04
78.6%	39300	78.59999999999822	-381.06178393309995	217.64162529006705	435	15.579690933227539	0:04
78.8%	39400	78.79999999999775	-370.58644213622495	170.75790761524314	435	15.621366024017334	0:04
79.0%	39500	78.99999999999729	-384.43010058349057	239.6284811857604	435	15.662598133087158	0:04
79.2%	39600	79.19999999999682	-388.77443041747495	298.7896310252214	435	15.705469846725464	0:04
79.4%	39700	79.39999999999635	-386.9781352514593	319.17188257203077	435	15.74703598022461	0:04
79.6%	39800	79.59999999999589	-374.79692187255307	284.89239631634365	434	15.788815975189209	0:04
79.8%	39900	79.79999999999542	-374.9973918432562	278.36703095385514	434	15.830995798110962	0:04
80.0%	40000	79.99999999999496	-397.06938281005307	326.23551702483024	434	15.87241792678833	0:03
80.2%	40100	80.19999999999449	-378.33683886474057	262.6088717739376	434	15.916895866394043	0:03
80.4%	40200	80.39999999999402	-377.10429491942807	268.97557195797157	434	15.958084106445312	0:03
80.6%	40300	80.59999999999356	-367.5637980932562	251.26388210385386	434	15.999995946884155	0:03
80.8%	40400	80.79999999999309	-371.71733202880307	287.96462847516415	434	16.04332995414734	0:03
81.0%	40500	80.99999999999262	-363.77674975341245	244.1664774480774	434	16.085367918014526	0:03
81.2%	40600	81.19999999999216	-364.54985156005307	272.4917098137889	434	16.12769603729248	0:03
81.4%	40700	81.39999999999169	-375.9438029760687	325.5717137119743	434	16.170121908187866	0:03
81.6%	40800	81.59999999999123	-366.66252245849057	309.69178535854434	434	16.212017059326172	0:03
81.8%	40900	81.79999999999076	-378.79383959716245	280.2007925173615	434	16.254262924194336	0:03
82.0%	41000	81.9999999999903	-380.3941203588812	288.03465376329797	434	16.29661989212036	0:03
82.2%	41100	82.19999999998983	-369.2304545873968	221.1774571439709	434	16.340870141983032	0:03
82.4%	41200	82.39999999998936	-371.3946391577093	214.12901770537704	434	16.382295846939087	0:03
82.6%	41300	82.5999999999889	-369.3893596166937	214.1909837789303	433	16.424356937408447	0:03
82.8%	41400	82.79999999998843	-366.68657031005307	254.4005394107599	433	16.466716766357422	0:03
83.0%	41500	82.99999999998796	-389.0169230932562	355.8629456988996	433	16.508169889450073	0:03
83.2%	41600	83.1999999999875	-377.8358928198187	330.34204126073826	433	16.550513744354248	0:03
83.4%	41700	83.39999999998703	-371.82985033934995	288.8483170377146	433	16.592010974884033	0:03
83.6%	41800	83.59999999998657	-381.8408061498968	323.6893541376692	433	16.633981943130493	0:03
83.8%	41900	83.7999999999861	-382.4127971166937	308.33364296887436	433	16.676361799240112	0:03
84.0%	42000	83.99999999998563	-371.33400072997495	312.4930627265649	433	16.717867851257324	0:03
84.2%	42100	84.19999999998517	-388.71037402099057	262.9619810290616	433	16.76246190071106	0:03
84.4%	42200	84.3999999999847	-360.09184374755307	270.3944209840963	433	16.803988933563232	0:03
84.6%	42300	84.59999999998423	-380.36537280028745	338.7744656097784	433	16.84579610824585	0:03
84.8%	42400	84.79999999998377	-381.21107592528745	305.9587217390465	433	16.888669729232788	0:03
85.0%	42500	84.9999999999833	-362.9241801733343	276.69809996802184	433	16.932000875473022	0:02
85.2%	42600	85.19999999998284	-365.99147143309995	313.6646329694813	433	16.974761962890625	0:02
85.4%	42700	85.39999999998237	-369.5126506323187	361.8344819907348	433	17.016422033309937	0:02
85.6%	42800	85.5999999999819	-369.4220744604437	381.63184000459637	433	17.05809783935547	0:02
85.8%	42900	85.79999999998144	-368.90797533934995	379.77435177404203	432	17.100478887557983	0:02
86.0%	43000	85.99999999998097	-361.4066020483343	298.6485004705898	432	17.141720056533813	0:02
86.2%	43100	86.1999999999805	-376.0323039526312	282.1089815443342	432	17.187103986740112	0:02
86.4%	43200	86.39999999998004	-389.28434863036557	353.99073994042504	432	17.228559017181396	0:02
86.6%	43300	86.59999999997957	-366.31071581786557	292.8945058610618	432	17.27029585838318	0:02
86.8%	43400	86.79999999997911	-362.69178881591245	278.62343602618415	432	17.31273579597473	0:02
87.0%	43500	86.99999999997864	-366.9966594213812	253.0775693798462	432	17.353598833084106	0:02
87.2%	43600	87.19999999997817	-369.88026537841245	251.0255469848156	432	17.3965060710907	0:02
87.4%	43700	87.39999999997771	-345.5234233373968	335.77731760554974	432	17.437503814697266	0:02
87.6%	43800	87.59999999997724	-347.9445353979437	338.6395356411811	432	17.47829294204712	0:02
87.8%	43900	87.79999999997678	-352.6510783666937	372.2830586137254	432	17.52081298828125	0:02
88.0%	44000	87.99999999997631	-361.9667827123968	331.7913299890219	432	17.56289792060852	0:02
88.2%	44100	88.19999999997584	-346.37281908934995	307.11814434613586	432	17.607433795928955	0:02
88.4%	44200	88.39999999997538	-358.90165820067807	292.6745273274743	432	17.648927927017212	0:02
88.6%	44300	88.59999999997491	-374.6840678686468	379.137444122165	432	17.69014000892639	0:02
88.8%	44400	88.79999999997445	-342.6672221655218	243.78631956789658	432	17.73189687728882	0:02
89.0%	44500	88.99999999997398	-382.2681743139593	360.0367855842288	432	17.77348494529724	0:02
89.2%	44600	89.19999999997351	-366.34303393309995	263.07679411557837	432	17.816526889801025	0:02
89.4%	44700	89.39999999997305	-371.1879436010687	298.70109045252605	432	17.857640743255615	0:02
89.6%	44800	89.59999999997258	-366.4921428198187	307.2983765933501	432	17.899471044540405	0:02
89.8%	44900	89.79999999997212	-373.7085734838812	300.3064818450518	431	17.941768884658813	0:02
90.0%	45000	89.99999999997165	-371.41703906005307	334.2551623881698	431	17.984010934829712	0:02
90.2%	45100	90.19999999997118	-361.3692180151312	348.3154024407925	431	18.027689933776855	0:01
90.4%	45200	90.39999999997072	-384.01527514403745	373.84278606212837	431	18.06946873664856	0:01
90.6%	45300	90.59999999997025	-378.75648608153745	257.3268118186324	431	18.111167907714844	0:01
90.8%	45400	90.79999999996978	-373.80458178466245	305.84867135830945	431	18.15325403213501	0:01
91.0%	45500	90.99999999996932	-376.46144213622495	339.6851971818328	431	18.19488000869751	0:01
91.2%	45600	91.19999999996885	-387.45582690184995	335.20022386655836	431	18.237838983535767	0:01
91.4%	45700	91.39999999996839	-382.47929491942807	317.12396604230463	431	18.279972076416016	0:01
91.6%	45800	91.59999999996792	-376.49553027099057	326.09968277298833	431	18.321988105773926	0:01
91.8%	45900	91.79999999996745	-376.46901049559995	348.9950532323798	431	18.36407995223999	0:01
92.0%	46000	91.99999999996699	-359.3536235327093	265.97569828979533	431	18.40578603744507	0:01
92.2%	46100	92.19999999996652	-364.96806445067807	260.3150228196927	431	18.450618028640747	0:01
92.4%	46200	92.39999999996606	-368.70781054442807	256.4356005060277	431	18.49252700805664	0:01
92.6%	46300	92.59999999996559	-362.50697436278745	258.0093857444893	431	18.534449100494385	0:01
92.8%	46400	92.79999999996512	-369.5215922827093	329.0344505566338	431	18.57726001739502	0:01
93.0%	46500	92.99999999996466	-393.70228686278745	369.32693035691597	431	18.61871600151062	0:01
93.2%	46600	93.19999999996419	-374.5727092260687	256.07382519816514	431	18.66113781929016	0:01
93.4%	46700	93.39999999996373	-375.94069018309995	231.7773267250379	431	18.70222783088684	0:01
93.6%	46800	93.59999999996326	-372.26811327880307	307.2944251557517	431	18.744067907333374	0:01
93.8%	46900	93.7999999999628	-392.61369433349057	365.2721518732592	430	18.786635875701904	0:01
94.0%	47000	93.99999999996233	-374.3450786108343	337.2660587893855	430	18.828800916671753	0:01
94.2%	47100	94.19999999996186	-366.6985942358343	294.56616122643425	430	18.873642921447754	0:01
94.4%	47200	94.3999999999614	-378.48548998778745	262.76713322997915	430	18.91581678390503	0:01
94.6%	47300	94.59999999996093	-374.63176073974057	280.14427744313383	430	18.957494974136353	0:01
94.8%	47400	94.79999999996046	-377.84562792724057	319.7486780594466	430	18.99858593940735	0:01
95.0%	47500	94.99999999996	-380.9963237280218	276.5515176374456	430	19.040097951889038	0:01
95.2%	47600	95.19999999995953	-375.6119243139593	286.03651707930663	430	19.081265926361084	0:00
95.4%	47700	95.39999999995906	-376.4436809057562	219.06652286785078	430	19.12390685081482	0:00
95.6%	47800	95.5999999999586	-376.66188158934995	283.30761869272453	429	19.19681406021118	0:00
95.8%	47900	95.79999999995813	-376.16017260497495	292.4025663371179	429	19.241583108901978	0:00
96.0%	48000	95.99999999995767	-350.6544047827093	283.999003660118	429	19.28286099433899	0:00
96.2%	48100	96.1999999999572	-380.5750285620062	314.6419143997934	429	19.326651096343994	0:00
96.4%	48200	96.39999999995673	-376.7196818823187	276.40675408888563	429	19.368484020233154	0:00
96.6%	48300	96.59999999995627	-388.0678569311468	310.9681626089815	429	19.410316944122314	0:00
96.8%	48400	96.7999999999558	-371.83009447997495	346.2324578839688	429	19.453109979629517	0:00
97.0%	48500	96.99999999995534	-376.9492045873968	336.1229924360987	429	19.494647979736328	0:00
97.2%	48600	97.19999999995487	-368.22755541747495	298.7065547738548	429	19.536412715911865	0:00
97.4%	48700	97.3999999999544	-365.9146586889593	288.89466470527884	429	19.578237771987915	0:00
97.6%	48800	97.59999999995394	-379.60658373778745	373.960578647534	429	19.619637966156006	0:00
97.8%	48900	97.79999999995347	-378.08778490966245	269.1865817366205	429	19.662129878997803	0:00
98.0%	49000	97.999999999953	-374.7923442358343	289.0285932535136	429	19.704019784927368	0:00
98.2%	49100	98.19999999995254	-387.5833293432562	268.3183309862658	429	19.748454093933105	0:00
98.4%	49200	98.39999999995207	-381.6427775854437	206.02446028277595	429	19.79147481918335	0:00
98.6%	49300	98.5999999999516	-383.48198046630307	300.44746520050825	428	19.859165906906128	0:00
98.8%	49400	98.79999999995114	-368.4798137182562	294.83932370616213	428	19.905532836914062	0:00
99.0%	49500	98.99999999995067	-383.6684123510687	414.90835982844237	428	19.947208881378174	0:00
99.2%	49600	99.19999999995021	-352.7319194311468	290.86642143319386	428	19.98891305923462	0:00
99.4%	49700	99.39999999994974	-375.0714885229437	283.3888200662853	428	20.03163480758667	0:00
99.6%	49800	99.59999999994928	-358.1707622045843	229.9965888851931	428	20.072834014892578	0:00
99.8%	49900	99.79999999994881	-358.11869921630307	314.17928053501225	428	20.115039825439453	0:00
100.0%	50000	99.99999999994834	-356.8997661108343	366.9387586773108	428	20.156981945037842	0:00
