#"Progress (%)"	"Step"	"Time (ps)"	"Potential Energy (kJ/mole)"	"Temperature (K)"	"Speed (ns/day)"	"Elapsed Time (s)"	"Time Remaining"
0.2%	100	0.20000000000000015	693.682373046875	226.22343412038632	0	0.00023698806762695312	--
0.4%	200	0.4000000000000003	746.1588134765625	234.42511966151343	1.32e+03	0.013150930404663086	0:06
0.6%	300	0.6000000000000004	758.8431396484375	225.210259235837	1.35e+03	0.025681018829345703	0:06
0.8%	400	0.8000000000000006	843.8765258789062	238.35487200862391	1.35e+03	0.0384669303894043	0:06
1.0%	500	1.0000000000000007	829.548095703125	276.1942975735383	1.35e+03	0.05128598213195801	0:06
1.2%	600	1.2000000000000008	878.750732421875	251.42359821881533	1.33e+03	0.06512808799743652	0:06
1.4%	700	1.400000000000001	874.5885009765625	275.3573483166002	1.33e+03	0.07819008827209473	0:06
1.6%	800	1.6000000000000012	886.0680541992188	277.0283862942156	1.32e+03	0.09178686141967773	0:06
1.8%	900	1.8000000000000014	848.0264892578125	267.8800592625521	1.31e+03	0.10536599159240723	0:06
2.0%	1000	2.0000000000000013	897.765380859375	283.0745234442564	1.31e+03	0.11839818954467773	0:06
2.2%	1100	2.1999999999999793	889.9681396484375	279.50383237806426	1.3e+03	0.1327810287475586	0:06
2.4%	1200	2.3999999999999573	889.0735473632812	279.57822042850813	1.3e+03	0.1465010643005371	0:06
2.6%	1300	2.5999999999999353	868.0670166015625	307.2592591011295	1.3e+03	0.15967726707458496	0:06
2.8%	1400	2.7999999999999132	870.0296630859375	318.27263307172706	1.3e+03	0.17324113845825195	0:06
3.0%	1500	2.999999999999891	930.673828125	286.77599481965996	1.29e+03	0.18709802627563477	0:06
3.2%	1600	3.199999999999869	896.7056274414062	291.95984541489025	1.29e+03	0.2011270523071289	0:06
3.4%	1700	3.399999999999847	948.255126953125	275.3274183542927	1.3e+03	0.21352791786193848	0:06
3.6%	1800	3.599999999999825	888.1156005859375	264.02911249899677	1.29e+03	0.22699999809265137	0:06
3.8%	1900	3.799999999999803	886.6935424804688	282.477625536145	1.29e+03	0.24045801162719727	0:06
4.0%	2000	3.999999999999781	905.1632080078125	296.5409573806364	1.3e+03	0.25284504890441895	0:06
4.2%	2100	4.1999999999997595	902.1329345703125	298.4070995921412	1.3e+03	0.26689815521240234	0:06
4.4%	2200	4.3999999999997375	902.569091796875	310.2142729096383	1.3e+03	0.28005218505859375	0:06
4.6%	2300	4.599999999999715	867.0243530273438	309.3367572546716	1.3e+03	0.2924468517303467	0:06
4.8%	2400	4.799999999999693	893.7354125976562	298.66716620936637	1.3e+03	0.30550217628479004	0:06
5.0%	2500	4.999999999999671	894.3221435546875	271.7899218231097	1.3e+03	0.31921911239624023	0:06
5.2%	2600	5.199999999999649	887.148193359375	297.8779370404209	1.3e+03	0.33296823501586914	0:06
5.4%	2700	5.399999999999627	889.35693359375	279.5361985497426	1.3e+03	0.34634900093078613	0:06
5.6%	2800	5.599999999999605	871.6070556640625	304.5595833061306	1.3e+03	0.35909128189086914	0:06
5.8%	2900	5.799999999999583	849.367431640625	328.5291620191108	1.3e+03	0.37285494804382324	0:06
6.0%	3000	5.999999999999561	893.6610717773438	313.91759022710755	1.3e+03	0.3861391544342041	0:06
6.2%	3100	6.199999999999539	897.4559326171875	337.48224796922364	1.3e+03	0.40030884742736816	0:06
6.4%	3200	6.399999999999517	942.5148315429688	299.98246908310614	1.29e+03	0.4142179489135742	0:06
6.6%	3300	6.599999999999495	915.8562622070312	331.12672907663665	1.29e+03	0.42707395553588867	0:06
6.8%	3400	6.799999999999473	918.0101928710938	309.6638543630047	1.29e+03	0.4412400722503662	0:06
7.0%	3500	6.999999999999451	958.6019287109375	278.66937592081126	1.29e+03	0.4544382095336914	0:06
7.2%	3600	7.199999999999429	1013.9219360351562	260.9417938419723	1.29e+03	0.46807384490966797	0:06
7.4%	3700	7.399999999999407	930.164794921875	279.838876671915	1.29e+03	0.48115086555480957	0:06
7.6%	3800	7.599999999999385	943.2211303710938	312.9773430131983	1.29e+03	0.49407005310058594	0:06
7.8%	3900	7.799999999999363	958.6571044921875	316.94184847851875	1.29e+03	0.5081009864807129	0:06
8.0%	4000	7.999999999999341	956.697021484375	311.16091904770497	1.29e+03	0.5224649906158447	0:06
8.2%	4100	8.199999999999408	948.1949462890625	316.5540595052135	1.29e+03	0.5359189510345459	0:06
8.4%	4200	8.399999999999475	957.13818359375	317.8419764890057	1.29e+03	0.5502681732177734	0:06
8.6%	4300	8.599999999999541	908.6551513671875	307.0198821492415	1.29e+03	0.5637569427490234	0:06
8.8%	4400	8.799999999999608	902.4346313476562	316.69928740434983	1.29e+03	0.5761451721191406	0:06
9.0%	4500	8.999999999999675	959.66650390625	330.0873013366316	1.29e+03	0.5899381637573242	0:06
9.2%	4600	9.199999999999742	925.51025390625	314.08737184116524	1.28e+03	0.6053328514099121	0:06
9.4%	4700	9.399999999999809	958.158203125	299.23309003736654	1.28e+03	0.619516134262085	0:06
9.6%	4800	9.599999999999875	930.5711669921875	328.64488564662923	1.28e+03	0.6362910270690918	0:06
9.8%	4900	9.799999999999942	963.18212890625	299.8818832696012	1.28e+03	0.6504812240600586	0:06
10.0%	5000	10.000000000000009	1003.23779296875	281.6329538523838	1.28e+03	0.6638860702514648	0:06
10.2%	5100	10.200000000000076	908.64501953125	279.65757465891625	1.27e+03	0.677962064743042	0:06
10.4%	5200	10.400000000000142	892.10009765625	288.829581254662	1.28e+03	0.6902310848236084	0:06
10.6%	5300	10.60000000000021	904.410888671875	271.8353163782943	1.28e+03	0.7044451236724854	0:06
10.8%	5400	10.800000000000276	875.1128540039062	323.91555448775995	1.28e+03	0.7169680595397949	0:06
11.0%	5500	11.000000000000343	891.9778442382812	285.70749282741474	1.28e+03	0.7294440269470215	0:06
11.2%	5600	11.20000000000041	900.5997314453125	295.61731145758785	1.28e+03	0.7432990074157715	0:06
11.4%	5700	11.400000000000476	921.5332641601562	259.00103646612195	1.28e+03	0.7573261260986328	0:05
11.6%	5800	11.600000000000543	865.0765380859375	289.75645068707416	1.28e+03	0.7715749740600586	0:05
11.8%	5900	11.80000000000061	942.6013793945312	306.2587786833826	1.28e+03	0.7857420444488525	0:05
12.0%	6000	12.000000000000677	918.056396484375	331.53079473488066	1.28e+03	0.7982280254364014	0:05
12.2%	6100	12.200000000000744	1019.2760009765625	282.4314024589455	1.28e+03	0.811661958694458	0:05
12.4%	6200	12.40000000000081	887.46826171875	340.3108424240913	1.28e+03	0.8241331577301025	0:05
12.6%	6300	12.600000000000877	955.9971923828125	309.4439037971348	1.28e+03	0.8377981185913086	0:05
12.8%	6400	12.800000000000944	896.645263671875	342.5867200470151	1.28e+03	0.8507392406463623	0:05
13.0%	6500	13.00000000000101	942.1650390625	326.80278731449266	1.28e+03	0.8631939888000488	0:05
13.2%	6600	13.200000000001078	862.1635131835938	334.217733262565	1.28e+03	0.8758041858673096	0:05
13.4%	6700	13.400000000001144	893.9698486328125	327.8877549840386	1.28e+03	0.8903641700744629	0:05
13.6%	6800	13.600000000001211	903.61279296875	315.05900175971163	1.28e+03	0.9042699337005615	0:05
13.8%	6900	13.800000000001278	892.331298828125	309.3932937401601	1.28e+03	0.9182980060577393	0:05
14.0%	7000	14.000000000001345	901.9358520507812	288.58333541405926	1.28e+03	0.9326550960540771	0:05
14.2%	7100	14.200000000001411	889.093994140625	276.5206451541165	1.28e+03	0.9457709789276123	0:05
14.4%	7200	14.400000000001478	851.7466430664062	294.8410341411779	1.28e+03	0.9595539569854736	0:05
14.6%	7300	14.600000000001545	891.3133544921875	321.52922475511303	1.26e+03	0.9883460998535156	0:05
14.8%	7400	14.800000000001612	959.0610961914062	295.7027088157022	1.26e+03	1.002091884613037	0:05
15.0%	7500	15.000000000001679	859.2296142578125	321.0041049741003	1.26e+03	1.0163249969482422	0:05
15.2%	7600	15.200000000001745	879.1721801757812	309.8785671759276	1.26e+03	1.0285310745239258	0:05
15.4%	7700	15.400000000001812	851.310302734375	308.9125689219325	1.26e+03	1.0421249866485596	0:05
15.6%	7800	15.600000000001879	847.569091796875	297.9682884271236	1.26e+03	1.0556252002716064	0:05
15.8%	7900	15.800000000001946	859.9232788085938	280.61013099746054	1.26e+03	1.0687222480773926	0:05
16.0%	8000	16.00000000000201	878.5587768554688	297.6204587507546	1.26e+03	1.0825309753417969	0:05
16.2%	8100	16.2000000000019	891.2608032226562	288.27477485966625	1.26e+03	1.0954890251159668	0:05
16.4%	8200	16.40000000000179	944.9517822265625	262.3703420403029	1.26e+03	1.1094231605529785	0:05
16.6%	8300	16.60000000000168	921.5398559570312	306.2817522424069	1.26e+03	1.1231322288513184	0:05
16.8%	8400	16.800000000001567	920.965087890625	279.17776317571094	1.26e+03	1.1371030807495117	0:05
17.0%	8500	17.000000000001457	857.17919921875	297.82352832304196	1.26e+03	1.150805950164795	0:05
17.2%	8600	17.200000000001346	882.3330688476562	299.87719461303055	1.26e+03	1.165480136871338	0:05
17.4%	8700	17.400000000001235	900.605224609375	309.4590200458214	1.26e+03	1.1785900592803955	0:05
17.6%	8800	17.600000000001124	911.8255615234375	282.82083739295246	1.26e+03	1.191859245300293	0:05
17.8%	8900	17.800000000001013	896.7412109375	286.1483866578812	1.26e+03	1.2086811065673828	0:05
18.0%	9000	18.000000000000902	885.7384033203125	301.3281419307216	1.26e+03	1.2218248844146729	0:05
18.2%	9100	18.20000000000079	924.5357055664062	277.0261743507831	1.26e+03	1.235612154006958	0:05
18.4%	9200	18.40000000000068	939.4754638671875	303.935313317034	1.26e+03	1.2478950023651123	0:05
18.6%	9300	18.60000000000057	917.9654541015625	295.23946478383425	1.26e+03	1.260802984237671	0:05
18.8%	9400	18.80000000000046	892.86376953125	343.11472675597264	1.26e+03	1.2747161388397217	0:05
19.0%	9500	19.000000000000348	988.0511474609375	299.1979548415598	1.26e+03	1.2887511253356934	0:05
19.2%	9600	19.200000000000237	947.8324584960938	311.4804175947417	1.26e+03	1.3021459579467773	0:05
19.4%	9700	19.400000000000126	964.6292114257812	320.5473751526543	1.26e+03	1.3163409233093262	0:05
19.6%	9800	19.600000000000016	938.0390014648438	329.001050060471	1.26e+03	1.3291199207305908	0:05
19.8%	9900	19.799999999999905	973.34375	291.28291337707054	1.26e+03	1.341982126235962	0:05
20.0%	10000	19.999999999999794	935.2017211914062	292.28200641169957	1.26e+03	1.3550021648406982	0:05
20.2%	10100	20.199999999999683	981.5133056640625	304.5072290005566	1.26e+03	1.3690330982208252	0:05
20.4%	10200	20.399999999999572	935.6222534179688	302.2221220426439	1.26e+03	1.3818190097808838	0:05
20.6%	10300	20.59999999999946	945.25390625	313.2573049453758	1.26e+03	1.396183967590332	0:05
20.8%	10400	20.79999999999935	900.6324462890625	312.28012232804383	1.26e+03	1.4093830585479736	0:05
21.0%	10500	20.99999999999924	891.04443359375	298.3709404363341	1.26e+03	1.4224638938903809	0:05
21.2%	10600	21.19999999999913	906.0158081054688	291.2850679642796	1.26e+03	1.4363620281219482	0:05
21.4%	10700	21.399999999999018	907.979736328125	295.9458268624848	1.26e+03	1.4497270584106445	0:05
21.6%	10800	21.599999999998907	913.1204833984375	280.7052529030999	1.26e+03	1.4623420238494873	0:05
21.8%	10900	21.799999999998796	933.447509765625	290.58266818251866	1.27e+03	1.4752700328826904	0:05
22.0%	11000	21.999999999998685	950.3629150390625	327.447072067932	1.27e+03	1.488062858581543	0:05
22.2%	11100	22.199999999998575	915.6658935546875	306.0203803815131	1.27e+03	1.5018081665039062	0:05
22.4%	11200	22.399999999998464	886.8372802734375	305.14709966624736	1.27e+03	1.5149009227752686	0:05
22.6%	11300	22.599999999998353	908.5806274414062	289.4687745393655	1.27e+03	1.5281550884246826	0:05
22.8%	11400	22.799999999998242	893.3319702148438	312.5886094632482	1.27e+03	1.5422260761260986	0:05
23.0%	11500	22.99999999999813	928.76220703125	312.8627908639924	1.27e+03	1.5547571182250977	0:05
23.2%	11600	23.19999999999802	919.7366943359375	315.7174711304808	1.27e+03	1.5689430236816406	0:05
23.4%	11700	23.39999999999791	926.62646484375	335.87532392062445	1.27e+03	1.5815870761871338	0:05
23.6%	11800	23.5999999999978	946.9564208984375	313.8923560886878	1.27e+03	1.595465898513794	0:05
23.8%	11900	23.799999999997688	879.3382568359375	336.22622601740534	1.27e+03	1.6097519397735596	0:05
24.0%	12000	23.999999999997577	902.94189453125	314.60430207777836	1.27e+03	1.622225046157837	0:05
24.2%	12100	24.199999999997466	960.998046875	294.19975558231675	1.27e+03	1.636579990386963	0:05
24.4%	12200	24.399999999997355	950.5881958007812	289.90663647726024	1.27e+03	1.6506221294403076	0:05
24.6%	12300	24.599999999997245	883.7059326171875	296.0758017595997	1.27e+03	1.6629910469055176	0:05
24.8%	12400	24.799999999997134	910.725830078125	283.62496178367036	1.27e+03	1.6757311820983887	0:05
25.0%	12500	24.999999999997023	844.7579956054688	312.0446456189967	1.27e+03	1.6898751258850098	0:05
25.2%	12600	25.199999999996912	909.602294921875	291.23841612145463	1.27e+03	1.7031981945037842	0:05
25.4%	12700	25.3999999999968	946.7817993164062	276.37560340674804	1.27e+03	1.7151689529418945	0:05
25.6%	12800	25.59999999999669	870.7427368164062	314.7921283990148	1.27e+03	1.7268579006195068	0:05
25.8%	12900	25.79999999999658	894.6917724609375	290.9795633472867	1.27e+03	1.739650011062622	0:05
26.0%	13000	25.99999999999647	902.1405639648438	323.01434610824134	1.27e+03	1.7526519298553467	0:05
26.2%	13100	26.199999999996358	889.9476928710938	280.83359234116307	1.27e+03	1.7658050060272217	0:05
26.4%	13200	26.399999999996247	889.7217407226562	306.3730124109278	1.27e+03	1.7789690494537354	0:04
26.6%	13300	26.599999999996136	845.6561889648438	316.426176841761	1.27e+03	1.7927310466766357	0:04
26.8%	13400	26.799999999996025	835.478271484375	304.0702687611721	1.27e+03	1.8068201541900635	0:04
27.0%	13500	26.999999999995914	876.2872924804688	305.14753751273446	1.27e+03	1.8192710876464844	0:04
27.2%	13600	27.199999999995804	866.4437866210938	309.1357695991189	1.27e+03	1.8318440914154053	0:04
27.4%	13700	27.399999999995693	822.1671142578125	298.0297164982404	1.27e+03	1.846081018447876	0:04
27.6%	13800	27.599999999995582	874.4200439453125	306.8467961160505	1.27e+03	1.8587110042572021	0:04
27.8%	13900	27.79999999999547	907.848388671875	284.7121485398931	1.27e+03	1.8722620010375977	0:04
28.0%	14000	27.99999999999536	879.5433349609375	301.22191346710235	1.27e+03	1.886031150817871	0:04
28.2%	14100	28.19999999999525	907.28759765625	307.3519112521528	1.27e+03	1.9008560180664062	0:04
28.4%	14200	28.39999999999514	932.69677734375	283.9347468866528	1.27e+03	1.913534164428711	0:04
28.6%	14300	28.599999999995028	840.788818359375	291.92245133068167	1.27e+03	1.925868034362793	0:04
28.8%	14400	28.799999999994917	847.89501953125	295.82516268716364	1.27e+03	1.9390881061553955	0:04
29.0%	14500	28.999999999994806	824.89013671875	281.8663787386836	1.27e+03	1.9530401229858398	0:04
29.2%	14600	29.199999999994695	819.6510009765625	307.1766043361571	1.27e+03	1.9671480655670166	0:04
29.4%	14700	29.399999999994584	822.0689697265625	302.0695972968354	1.27e+03	1.9805071353912354	0:04
29.6%	14800	29.599999999994473	818.088623046875	272.79952258192446	1.27e+03	1.9934310913085938	0:04
29.8%	14900	29.799999999994363	815.4414672851562	279.2307866254335	1.27e+03	2.006941080093384	0:04
30.0%	15000	29.99999999999425	809.0443725585938	292.1350394971027	1.28e+03	2.0189878940582275	0:04
30.2%	15100	30.19999999999414	817.8706665039062	294.2902117880237	1.28e+03	2.0327630043029785	0:04
30.4%	15200	30.39999999999403	840.029541015625	305.64585214268493	1.28e+03	2.046481132507324	0:04
30.6%	15300	30.59999999999392	859.8919067382812	285.73682991174326	1.28e+03	2.0600900650024414	0:04
30.8%	15400	30.79999999999381	815.236572265625	310.9460239965687	1.28e+03	2.0731701850891113	0:04
31.0%	15500	30.999999999993697	895.822265625	293.2915924890347	1.28e+03	2.085824966430664	0:04
31.2%	15600	31.199999999993587	890.2084350585938	309.61737127367707	1.28e+03	2.099431037902832	0:04
31.4%	15700	31.399999999993476	948.0336303710938	304.56277774337417	1.28e+03	2.113115072250366	0:04
31.6%	15800	31.599999999993365	937.1603393554688	307.11094326099146	1.28e+03	2.126699924468994	0:04
31.8%	15900	31.799999999993254	895.5767211914062	302.88028444845503	1.28e+03	2.1406869888305664	0:04
32.0%	16000	31.999999999993143	831.1411743164062	331.8945921032172	1.28e+03	2.1541690826416016	0:04
32.2%	16100	32.19999999999339	875.5194091796875	306.76628155354206	1.28e+03	2.167943239212036	0:04
32.4%	16200	32.39999999999363	862.1307373046875	279.2399872734677	1.28e+03	2.180659055709839	0:04
32.6%	16300	32.59999999999388	896.3831787109375	271.8780090617425	1.28e+03	2.193333864212036	0:04
32.8%	16400	32.79999999999412	879.3795166015625	290.904814640136	1.28e+03	2.2069449424743652	0:04
33.0%	16500	32.999999999994365	851.7658081054688	312.747323092354	1.28e+03	2.2190101146698	0:04
33.2%	16600	33.19999999999461	874.0761108398438	299.32158551585127	1.28e+03	2.232879161834717	0:04
33.4%	16700	33.399999999994854	900.2410888671875	312.9375887676591	1.28e+03	2.2463369369506836	0:04
33.6%	16800	33.5999999999951	883.79541015625	304.992423166946	1.28e+03	2.2597899436950684	0:04
33.8%	16900	33.79999999999534	847.8450927734375	302.41129110909037	1.28e+03	2.273320198059082	0:04
34.0%	17000	33.99999999999559	870.8253173828125	309.63427267316035	1.28e+03	2.286562919616699	0:04
34.2%	17100	34.19999999999583	883.5689697265625	289.0097820839815	1.28e+03	2.2996368408203125	0:04
34.4%	17200	34.399999999996076	846.6156005859375	298.8153383622115	1.28e+03	2.3133180141448975	0:04
34.6%	17300	34.59999999999632	817.500244140625	314.9529633181821	1.28e+03	2.3258559703826904	0:04
34.8%	17400	34.799999999996565	888.8187866210938	275.5096632200267	1.28e+03	2.338434934616089	0:04
35.0%	17500	34.99999999999681	791.4506225585938	284.41996025628396	1.28e+03	2.350985288619995	0:04
35.2%	17600	35.199999999997054	872.1524047851562	274.37998880817133	1.28e+03	2.3636841773986816	0:04
35.4%	17700	35.3999999999973	794.027587890625	318.81172676794364	1.28e+03	2.376297950744629	0:04
35.6%	17800	35.59999999999754	797.7059326171875	304.7700894167841	1.28e+03	2.388827085494995	0:04
35.8%	17900	35.79999999999779	763.840087890625	324.2045345644659	1.28e+03	2.4013919830322266	0:04
36.0%	18000	35.99999999999803	681.4798583984375	389.18025474008266	1.28e+03	2.4140450954437256	0:04
36.2%	18100	36.199999999998276	538.3113403320312	400.61328693346536	1.28e+03	2.427072048187256	0:04
36.4%	18200	36.39999999999852	575.7755126953125	376.7889727692795	1.28e+03	2.44123911857605	0:04
36.6%	18300	36.599999999998765	537.251953125	329.7670672000094	1.28e+03	2.4553608894348145	0:04
36.8%	18400	36.79999999999901	517.9470825195312	317.93993260996655	1.28e+03	2.4680240154266357	0:04
37.0%	18500	36.999999999999254	598.7332763671875	317.1591407827975	1.28e+03	2.4806461334228516	0:04
37.2%	18600	37.1999999999995	566.181640625	332.04775099520725	1.28e+03	2.494237184524536	0:04
37.4%	18700	37.39999999999974	514.2815551757812	336.4118829186382	1.28e+03	2.50681209564209	0:04
37.6%	18800	37.59999999999999	446.5209045410156	345.6912416186865	1.28e+03	2.5192501544952393	0:04
37.8%	18900	37.80000000000023	463.9163818359375	324.1492218945736	1.28e+03	2.531769037246704	0:04
38.0%	19000	38.000000000000476	486.8480529785156	280.8443794064869	1.28e+03	2.5456318855285645	0:04
38.2%	19100	38.20000000000072	498.07159423828125	290.9552835654681	1.28e+03	2.560131072998047	0:04
38.4%	19200	38.400000000000965	516.815673828125	304.1013698436475	1.28e+03	2.5726430416107178	0:04
38.6%	19300	38.60000000000121	492.3963623046875	306.98456539908636	1.28e+03	2.586498975753784	0:04
38.8%	19400	38.800000000001454	443.35528564453125	332.1652235905826	1.28e+03	2.598936080932617	0:04
39.0%	19500	39.0000000000017	373.9008483886719	362.9283134899016	1.28e+03	2.611401081085205	0:04
39.2%	19600	39.20000000000194	434.28607177734375	321.20440243111113	1.28e+03	2.6253161430358887	0:04
39.4%	19700	39.40000000000219	420.1741943359375	335.1870039753248	1.28e+03	2.6379711627960205	0:04
39.6%	19800	39.60000000000243	437.0508117675781	313.623355554333	1.28e+03	2.6505069732666016	0:04
39.8%	19900	39.800000000002676	430.2529602050781	299.8145487494382	1.28e+03	2.664339065551758	0:04
40.0%	20000	40.00000000000292	422.0155029296875	298.1176358106953	1.28e+03	2.678258180618286	0:04
40.2%	20100	40.200000000003165	446.568115234375	305.82216764940637	1.28e+03	2.6912310123443604	0:04
40.4%	20200	40.40000000000341	439.7020568847656	317.10856814188116	1.28e+03	2.7051119804382324	0:04
40.6%	20300	40.600000000003654	411.9298095703125	327.92249481158916	1.28e+03	2.7190310955047607	0:03
40.8%	20400	40.8000000000039	496.53076171875	278.8789851313086	1.28e+03	2.7330732345581055	0:03
41.0%	20500	41.00000000000414	398.49713134765625	317.7545698374683	1.28e+03	2.745777130126953	0:03
41.2%	20600	41.20000000000439	404.1685485839844	265.76938482759385	1.28e+03	2.7599260807037354	0:03
41.4%	20700	41.40000000000463	350.47491455078125	288.8360825345343	1.28e+03	2.7725329399108887	0:03
41.6%	20800	41.600000000004876	362.5155029296875	278.7946404063937	1.28e+03	2.7851932048797607	0:03
41.8%	20900	41.80000000000512	399.71405029296875	251.48781356224947	1.28e+03	2.7991750240325928	0:03
42.0%	21000	42.000000000005365	348.2112731933594	301.2575057696266	1.28e+03	2.813175916671753	0:03
42.2%	21100	42.20000000000561	335.10382080078125	305.89161891232203	1.28e+03	2.825949192047119	0:03
42.4%	21200	42.40000000000585	370.0753479003906	283.7285819451758	1.28e+03	2.8401150703430176	0:03
42.6%	21300	42.6000000000061	402.08172607421875	284.1988182532676	1.28e+03	2.8525071144104004	0:03
42.8%	21400	42.80000000000634	421.17218017578125	297.6723091422008	1.28e+03	2.8649299144744873	0:03
43.0%	21500	43.00000000000659	383.54840087890625	299.8517980272128	1.29e+03	2.8774940967559814	0:03
43.2%	21600	43.20000000000683	365.22796630859375	300.7254782925295	1.29e+03	2.8901212215423584	0:03
43.4%	21700	43.400000000007076	374.12762451171875	274.58977618415184	1.29e+03	2.902351140975952	0:03
43.6%	21800	43.60000000000732	353.2469177246094	272.62287070012275	1.29e+03	2.9148709774017334	0:03
43.8%	21900	43.800000000007564	382.6822204589844	298.7861829491565	1.29e+03	2.928960084915161	0:03
44.0%	22000	44.00000000000781	337.71734619140625	325.47369088509885	1.29e+03	2.94136905670166	0:03
44.2%	22100	44.20000000000805	300.52545166015625	286.195199881039	1.29e+03	2.9557571411132812	0:03
44.4%	22200	44.4000000000083	296.9972839355469	286.44124275524655	1.29e+03	2.970144033432007	0:03
44.6%	22300	44.60000000000854	333.605224609375	278.59454340729064	1.29e+03	2.9828882217407227	0:03
44.8%	22400	44.80000000000879	304.8255615234375	302.23320609006976	1.29e+03	2.9955830574035645	0:03
45.0%	22500	45.00000000000903	395.81011962890625	312.70105667816216	1.29e+03	3.008012056350708	0:03
45.2%	22600	45.200000000009275	435.1585998535156	312.46401919283005	1.29e+03	3.0205211639404297	0:03
45.4%	22700	45.40000000000952	413.8370666503906	296.57980611433226	1.29e+03	3.0337462425231934	0:03
45.6%	22800	45.600000000009764	362.13616943359375	312.67854999942494	1.29e+03	3.047389268875122	0:03
45.8%	22900	45.80000000001001	381.1767883300781	275.92948844144894	1.29e+03	3.0606398582458496	0:03
46.0%	23000	46.00000000001025	375.4816589355469	290.6622530432428	1.29e+03	3.074345111846924	0:03
46.2%	23100	46.2000000000105	352.167236328125	307.87523102992304	1.29e+03	3.0883500576019287	0:03
46.4%	23200	46.40000000001074	410.6466064453125	272.3742529378743	1.29e+03	3.100738048553467	0:03
46.6%	23300	46.600000000010986	386.064697265625	256.60489717839494	1.29e+03	3.11401104927063	0:03
46.8%	23400	46.80000000001123	372.8127136230469	252.05418231906202	1.29e+03	3.1275131702423096	0:03
47.0%	23500	47.000000000011475	356.3274841308594	273.2387434350942	1.29e+03	3.14132022857666	0:03
47.2%	23600	47.20000000001172	402.36688232421875	275.973759874253	1.29e+03	3.155529260635376	0:03
47.4%	23700	47.400000000011964	302.52142333984375	323.91912956854725	1.29e+03	3.169642925262451	0:03
47.6%	23800	47.60000000001221	349.4101867675781	268.9738788522504	1.29e+03	3.183516025543213	0:03
47.8%	23900	47.80000000001245	364.5480041503906	273.2654081010414	1.29e+03	3.1960880756378174	0:03
48.0%	24000	48.0000000000127	322.5621337890625	311.77229679154476	1.29e+03	3.208489179611206	0:03
48.2%	24100	48.20000000001294	404.333984375	285.01933682301126	1.29e+03	3.221649169921875	0:03
48.4%	24200	48.400000000013186	390.27154541015625	272.5552172178886	1.29e+03	3.2342100143432617	0:03
48.6%	24300	48.60000000001343	321.0860595703125	306.40650880499817	1.29e+03	3.246812105178833	0:03
48.8%	24400	48.800000000013675	359.35369873046875	265.2844818628792	1.29e+03	3.2592720985412598	0:03
49.0%	24500	49.00000000001392	380.70361328125	267.90645346974486	1.29e+03	3.2718751430511475	0:03
49.2%	24600	49.200000000014164	363.65167236328125	280.02892864237697	1.29e+03	3.2856640815734863	0:03
49.4%	24700	49.40000000001441	328.29071044921875	269.11388124315926	1.29e+03	3.2997400760650635	0:03
49.6%	24800	49.60000000001465	422.91729736328125	261.6862253175203	1.29e+03	3.3117868900299072	0:03
49.8%	24900	49.8000000000149	317.1855773925781	292.15911079198713	1.29e+03	3.324068069458008	0:03
50.0%	25000	50.00000000001514	373.3666687011719	271.6332219875726	1.29e+03	3.338001012802124	0:03
50.2%	25100	50.200000000015386	338.7968444824219	292.50294953677184	1.29e+03	3.3525092601776123	0:03
50.4%	25200	50.40000000001563	347.3563537597656	313.34164478890995	1.29e+03	3.366518020629883	0:03
50.6%	25300	50.600000000015875	392.3240966796875	312.4863379226888	1.29e+03	3.3788599967956543	0:03
50.8%	25400	50.80000000001612	457.73321533203125	306.9585583380496	1.29e+03	3.391348123550415	0:03
51.0%	25500	51.000000000016364	418.4216003417969	309.0431039515888	1.29e+03	3.4052700996398926	0:03
51.2%	25600	51.20000000001661	400.3041076660156	296.15428989275915	1.29e+03	3.4178919792175293	0:03
51.4%	25700	51.40000000001685	406.36090087890625	281.4068890427503	1.29e+03	3.4322431087493896	0:03
51.6%	25800	51.6000000000171	407.871337890625	273.96420726632897	1.29e+03	3.4448628425598145	0:03
51.8%	25900	51.80000000001734	369.1216735839844	274.7171817103258	1.29e+03	3.4574451446533203	0:03
52.0%	26000	52.000000000017586	425.02069091796875	270.1476365102508	1.29e+03	3.4698421955108643	0:03
52.2%	26100	52.20000000001783	361.7892761230469	301.7220821747531	1.29e+03	3.4839348793029785	0:03
52.4%	26200	52.400000000018075	360.4442138671875	320.7130009740599	1.29e+03	3.495820999145508	0:03
52.6%	26300	52.60000000001832	380.7518310546875	293.21339527751917	1.29e+03	3.5088438987731934	0:03
52.8%	26400	52.800000000018564	370.46099853515625	306.82530887948195	1.29e+03	3.5221900939941406	0:03
53.0%	26500	53.00000000001881	403.5118103027344	309.02210188378143	1.29e+03	3.535041093826294	0:03
53.2%	26600	53.20000000001905	434.7071533203125	309.10245428580066	1.29e+03	3.5488271713256836	0:03
53.4%	26700	53.4000000000193	431.67108154296875	314.6830422859095	1.29e+03	3.561107873916626	0:03
53.6%	26800	53.60000000001954	414.69976806640625	308.6938749303611	1.29e+03	3.5737900733947754	0:03
53.8%	26900	53.800000000019786	438.4259338378906	310.73390691875886	1.29e+03	3.5873091220855713	0:03
54.0%	27000	54.00000000002003	430.8232116699219	293.6125102193999	1.29e+03	3.6012980937957764	0:03
54.2%	27100	54.200000000020275	355.80596923828125	304.236466340823	1.29e+03	3.6145191192626953	0:03
54.4%	27200	54.40000000002052	393.3236999511719	303.0719810266273	1.29e+03	3.6269900798797607	0:03
54.6%	27300	54.60000000002076	375.7541809082031	305.43293651599186	1.29e+03	3.6406030654907227	0:03
54.8%	27400	54.80000000002101	353.99554443359375	312.6243555430208	1.29e+03	3.654792070388794	0:03
55.0%	27500	55.00000000002125	357.7730712890625	288.97628913773013	1.29e+03	3.667423963546753	0:03
55.2%	27600	55.2000000000215	389.2518615722656	306.5933571423949	1.29e+03	3.679918050765991	0:02
55.4%	27700	55.40000000002174	337.223876953125	310.14605517791716	1.29e+03	3.692470073699951	0:02
55.6%	27800	55.600000000021986	365.40765380859375	318.3634719745376	1.29e+03	3.7050700187683105	0:02
55.8%	27900	55.80000000002223	332.1476745605469	302.73190737096365	1.29e+03	3.71914005279541	0:02
56.0%	28000	56.000000000022474	359.60382080078125	292.2838326828229	1.29e+03	3.7317280769348145	0:02
56.2%	28100	56.20000000002272	360.6907958984375	306.45811796898545	1.29e+03	3.745967149734497	0:02
56.4%	28200	56.40000000002296	314.546875	337.7801103076754	1.29e+03	3.758507013320923	0:02
56.6%	28300	56.60000000002321	406.6039733886719	306.0310716153507	1.29e+03	3.770780086517334	0:02
56.8%	28400	56.80000000002345	449.2663269042969	311.0884768464909	1.29e+03	3.783339023590088	0:02
57.0%	28500	57.0000000000237	405.20733642578125	325.3905288377673	1.29e+03	3.7975001335144043	0:02
57.2%	28600	57.20000000002394	401.8453369140625	314.4774795268066	1.29e+03	3.810271978378296	0:02
57.4%	28700	57.400000000024185	438.72418212890625	290.6794060303457	1.29e+03	3.8228440284729004	0:02
57.6%	28800	57.60000000002443	390.22552490234375	312.3449020703147	1.29e+03	3.835552930831909	0:02
57.8%	28900	57.800000000024674	408.94171142578125	328.95950151645917	1.29e+03	3.8495941162109375	0:02
58.0%	29000	58.00000000002492	411.4361572265625	299.10165910141814	1.29e+03	3.863401174545288	0:02
58.2%	29100	58.20000000002516	394.55517578125	318.0379075313176	1.29e+03	3.8767778873443604	0:02
58.4%	29200	58.40000000002541	424.9810485839844	279.4574826856309	1.29e+03	3.889552116394043	0:02
58.6%	29300	58.60000000002565	369.7890930175781	320.52815685022756	1.29e+03	3.902233123779297	0:02
58.8%	29400	58.800000000025896	370.36907958984375	327.7964032847166	1.29e+03	3.9147989749908447	0:02
59.0%	29500	59.00000000002614	362.8208923339844	323.19597688439273	1.29e+03	3.9273791313171387	0:02
59.2%	29600	59.200000000026385	348.92529296875	327.28899312148815	1.29e+03	3.9414162635803223	0:02
59.4%	29700	59.40000000002663	375.1144714355469	331.77044572795353	1.29e+03	3.9553310871124268	0:02
59.6%	29800	59.600000000026874	385.563720703125	318.1261144571215	1.29e+03	3.9693610668182373	0:02
59.8%	29900	59.80000000002712	445.1263732910156	329.4291249607175	1.29e+03	3.9821159839630127	0:02
60.0%	30000	60.00000000002736	443.21649169921875	325.9917122228049	1.29e+03	3.9964232444763184	0:02
60.2%	30100	60.20000000002761	420.0686950683594	336.45498130888683	1.29e+03	4.010831117630005	0:02
60.4%	30200	60.40000000002785	431.191162109375	307.7740782570181	1.29e+03	4.023385047912598	0:02
60.6%	30300	60.600000000028096	378.29119873046875	328.1380438498332	1.29e+03	4.036098957061768	0:02
60.8%	30400	60.80000000002834	445.07086181640625	286.2698666771868	1.29e+03	4.048689126968384	0:02
61.0%	30500	61.000000000028585	396.8362121582031	296.631312730022	1.29e+03	4.06123685836792	0:02
61.2%	30600	61.20000000002883	415.61474609375	281.02851183522995	1.29e+03	4.073690176010132	0:02
61.4%	30700	61.400000000029074	404.1357727050781	328.50452609939975	1.29e+03	4.086621046066284	0:02
61.6%	30800	61.60000000002932	328.9993591308594	299.85203837036363	1.29e+03	4.099410057067871	0:02
61.8%	30900	61.80000000002956	384.94244384765625	308.64464943654394	1.29e+03	4.111940145492554	0:02
62.0%	31000	62.00000000002981	429.2119140625	281.89814138973486	1.29e+03	4.126112937927246	0:02
62.2%	31100	62.20000000003005	433.22283935546875	290.1578762100779	1.29e+03	4.140320062637329	0:02
62.4%	31200	62.400000000030296	427.28204345703125	299.2918301223493	1.29e+03	4.1543989181518555	0:02
62.6%	31300	62.60000000003054	415.4643859863281	323.17565479252556	1.29e+03	4.166733980178833	0:02
62.8%	31400	62.800000000030785	460.37579345703125	329.3138400620291	1.29e+03	4.180781126022339	0:02
63.0%	31500	63.00000000003103	441.84808349609375	349.5518986653859	1.29e+03	4.193359136581421	0:02
63.2%	31600	63.200000000031274	418.353515625	332.40610198757753	1.29e+03	4.207486867904663	0:02
63.4%	31700	63.40000000003152	456.14990234375	318.73409986440805	1.29e+03	4.219930171966553	0:02
63.6%	31800	63.60000000003176	403.27752685546875	338.0567783749368	1.29e+03	4.2325439453125	0:02
63.8%	31900	63.80000000003201	404.4615478515625	326.09040294636503	1.29e+03	4.245187044143677	0:02
64.0%	32000	64.00000000003224	424.95068359375	317.1504905241946	1.29e+03	4.259332180023193	0:02
64.2%	32100	64.20000000003178	393.96295166015625	362.65695588536437	1.29e+03	4.2724621295928955	0:02
64.4%	32200	64.40000000003131	413.7494812011719	350.0980395071789	1.29e+03	4.2848732471466064	0:02
64.6%	32300	64.60000000003085	394.3311767578125	301.85989264493	1.29e+03	4.297757148742676	0:02
64.8%	32400	64.80000000003038	407.53790283203125	313.2132651207237	1.29e+03	4.310186862945557	0:02
65.0%	32500	65.00000000002991	365.21649169921875	295.565350631781	1.29e+03	4.323869228363037	0:02
65.2%	32600	65.20000000002945	354.25469970703125	323.5659293318757	1.29e+03	4.336993932723999	0:02
65.4%	32700	65.40000000002898	323.88287353515625	297.630056425614	1.29e+03	4.350438117980957	0:02
65.6%	32800	65.60000000002852	352.88458251953125	303.5809348911339	1.29e+03	4.363844156265259	0:02
65.8%	32900	65.80000000002805	334.820068359375	323.61095770686677	1.29e+03	4.377127170562744	0:02
66.0%	33000	66.00000000002758	326.75390625	295.73680681734635	1.29e+03	4.390660047531128	0:02
66.2%	33100	66.20000000002712	336.1444091796875	276.51489755628205	1.29e+03	4.4048309326171875	0:02
66.4%	33200	66.40000000002665	318.50628662109375	307.9008986758248	1.29e+03	4.418075084686279	0:02
66.6%	33300	66.60000000002618	327.86773681640625	302.5561120299878	1.29e+03	4.4308531284332275	0:02
66.8%	33400	66.80000000002572	328.36444091796875	309.3372457425359	1.29e+03	4.4437150955200195	0:02
67.0%	33500	67.00000000002525	339.8079833984375	294.76128894636787	1.29e+03	4.457627058029175	0:02
67.2%	33600	67.20000000002479	314.8480224609375	285.5196984405089	1.29e+03	4.470185995101929	0:02
67.4%	33700	67.40000000002432	341.56201171875	294.0399903575998	1.29e+03	4.484499216079712	0:02
67.6%	33800	67.60000000002385	311.4813232421875	299.254804148091	1.29e+03	4.497053146362305	0:02
67.8%	33900	67.80000000002339	305.54608154296875	288.18333704642146	1.3e+03	4.5094521045684814	0:02
68.0%	34000	68.00000000002292	279.88018798828125	282.0370372950463	1.3e+03	4.52343487739563	0:02
68.2%	34100	68.20000000002246	323.7335205078125	312.99399268160755	1.29e+03	4.5379791259765625	0:02
68.4%	34200	68.40000000002199	277.70513916015625	288.9438993255486	1.29e+03	4.55078125	0:02
68.6%	34300	68.60000000002152	302.189208984375	319.91095306845966	1.29e+03	4.564716100692749	0:02
68.8%	34400	68.80000000002106	299.65228271484375	332.87758203079676	1.29e+03	4.5777692794799805	0:02
69.0%	34500	69.00000000002059	335.33355712890625	287.99023428277604	1.3e+03	4.5900719165802	0:02
69.2%	34600	69.20000000002013	362.6646728515625	299.2450514245448	1.3e+03	4.602650165557861	0:02
69.4%	34700	69.40000000001966	312.4322509765625	299.3248504914043	1.3e+03	4.616305112838745	0:02
69.6%	34800	69.6000000000192	287.9638671875	326.29254586398497	1.3e+03	4.629514932632446	0:02
69.8%	34900	69.80000000001873	298.54718017578125	305.71704218819326	1.3e+03	4.643205165863037	0:02
70.0%	35000	70.00000000001826	288.603759765625	318.7545007854643	1.3e+03	4.656596899032593	0:02
70.2%	35100	70.2000000000178	325.00408935546875	324.21708012950535	1.3e+03	4.669674873352051	0:01
70.4%	35200	70.40000000001733	316.93408203125	320.3127501934482	1.29e+03	4.683865070343018	0:01
70.6%	35300	70.60000000001686	324.734130859375	292.6510691607332	1.3e+03	4.696425914764404	0:01
70.8%	35400	70.8000000000164	337.17449951171875	307.90328673019803	1.29e+03	4.710406064987183	0:01
71.0%	35500	71.00000000001593	305.69927978515625	309.3239371964676	1.3e+03	4.722952127456665	0:01
71.2%	35600	71.20000000001546	269.93670654296875	323.53937728158246	1.3e+03	4.736627101898193	0:01
71.4%	35700	71.400000000015	279.81048583984375	333.51974928982156	1.29e+03	4.750936985015869	0:01
71.6%	35800	71.60000000001453	287.68731689453125	300.0396309945159	1.29e+03	4.764014959335327	0:01
71.8%	35900	71.80000000001407	326.11810302734375	318.9319640258433	1.29e+03	4.777195930480957	0:01
72.0%	36000	72.0000000000136	259.668212890625	354.73068669696437	1.3e+03	4.7894299030303955	0:01
72.2%	36100	72.20000000001313	288.49969482421875	322.19009841811726	1.29e+03	4.804478883743286	0:01
72.4%	36200	72.40000000001267	342.19488525390625	290.02478560075684	1.29e+03	4.819145202636719	0:01
72.6%	36300	72.6000000000122	329.5943603515625	313.33341634527085	1.29e+03	4.832237958908081	0:01
72.8%	36400	72.80000000001174	326.74652099609375	309.5633404889462	1.29e+03	4.846224069595337	0:01
73.0%	36500	73.00000000001127	239.30462646484375	342.13993990221536	1.29e+03	4.859525203704834	0:01
73.2%	36600	73.2000000000108	275.78863525390625	287.90816654117174	1.29e+03	4.871586084365845	0:01
73.4%	36700	73.40000000001034	253.39031982421875	285.64098659541634	1.29e+03	4.887140989303589	0:01
73.6%	36800	73.60000000000987	235.74407958984375	277.96945054002987	1.29e+03	4.901310920715332	0:01
73.8%	36900	73.8000000000094	257.90216064453125	288.7633895946363	1.29e+03	4.914463043212891	0:01
74.0%	37000	74.00000000000894	245.387939453125	297.6380683036732	1.29e+03	4.927056074142456	0:01
74.2%	37100	74.20000000000847	235.9869384765625	331.1153108432843	1.29e+03	4.941442012786865	0:01
74.4%	37200	74.400000000008	168.3663330078125	313.1342338700932	1.29e+03	4.954046249389648	0:01
74.6%	37300	74.60000000000754	236.572998046875	302.95687472918945	1.29e+03	4.966552972793579	0:01
74.8%	37400	74.80000000000707	300.3701171875	294.80609020352705	1.29e+03	4.980786085128784	0:01
75.0%	37500	75.00000000000661	262.50677490234375	319.2877509030104	1.29e+03	4.993422031402588	0:01
75.2%	37600	75.20000000000614	259.5362243652344	278.97537355774745	1.29e+03	5.007354021072388	0:01
75.4%	37700	75.40000000000568	249.53253173828125	298.1247720591558	1.29e+03	5.0212180614471436	0:01
75.6%	37800	75.60000000000521	265.0379638671875	317.13652997579896	1.29e+03	5.034616947174072	0:01
75.8%	37900	75.80000000000474	230.70440673828125	308.6088335435946	1.29e+03	5.0472118854522705	0:01
76.0%	38000	76.00000000000428	282.90216064453125	307.44078823097755	1.29e+03	5.060963153839111	0:01
76.2%	38100	76.20000000000381	229.54052734375	298.04994428945685	1.29e+03	5.089897155761719	0:01
76.4%	38200	76.40000000000335	270.25689697265625	308.2264118802684	1.29e+03	5.103734016418457	0:01
76.6%	38300	76.60000000000288	266.66876220703125	305.7723271920154	1.29e+03	5.118367910385132	0:01
76.8%	38400	76.80000000000241	258.844482421875	285.7018276785373	1.29e+03	5.13099217414856	0:01
77.0%	38500	77.00000000000195	211.88299560546875	290.50459162679863	1.29e+03	5.145111083984375	0:01
77.2%	38600	77.20000000000148	258.81292724609375	272.0220145601756	1.29e+03	5.157508134841919	0:01
77.4%	38700	77.40000000000101	238.4901123046875	281.44950212864387	1.29e+03	5.170403957366943	0:01
77.6%	38800	77.60000000000055	272.5197448730469	306.8483238938874	1.29e+03	5.184643030166626	0:01
77.8%	38900	77.80000000000008	257.77850341796875	304.7196743060215	1.29e+03	5.199241876602173	0:01
78.0%	39000	77.99999999999962	275.48431396484375	317.72277397278737	1.29e+03	5.211996078491211	0:01
78.2%	39100	78.19999999999915	273.52288818359375	291.15896775153635	1.29e+03	5.225922107696533	0:01
78.4%	39200	78.39999999999868	212.9429931640625	294.3325932087766	1.29e+03	5.239680051803589	0:01
78.6%	39300	78.59999999999822	232.634033203125	283.03080847509773	1.29e+03	5.2524871826171875	0:01
78.8%	39400	78.79999999999775	228.35403442382812	279.49002749737116	1.29e+03	5.264721155166626	0:01
79.0%	39500	78.99999999999729	190.31039428710938	310.6628284267522	1.29e+03	5.277693033218384	0:01
79.2%	39600	79.19999999999682	235.99948120117188	276.8398258931041	1.29e+03	5.2919089794158936	0:01
79.4%	39700	79.39999999999635	235.60186767578125	294.36512556749364	1.29e+03	5.304505109786987	0:01
79.6%	39800	79.59999999999589	224.47467041015625	269.1037582224741	1.29e+03	5.318252086639404	0:01
79.8%	39900	79.79999999999542	256.42669677734375	243.70963053854004	1.29e+03	5.331441164016724	0:01
80.0%	40000	79.99999999999496	214.34747314453125	265.8763833378636	1.29e+03	5.345887899398804	0:01
80.2%	40100	80.19999999999449	211.77874755859375	287.1635543955835	1.29e+03	5.361227035522461	0:01
80.4%	40200	80.39999999999402	164.9990234375	288.70185375780414	1.29e+03	5.378029108047485	0:01
80.6%	40300	80.59999999999356	224.05023193359375	262.712515799971	1.29e+03	5.391484022140503	0:01
80.8%	40400	80.79999999999309	206.791259765625	267.8412035899853	1.29e+03	5.403475284576416	0:01
81.0%	40500	80.99999999999262	198.708251953125	289.6511164259802	1.29e+03	5.415902853012085	0:01
81.2%	40600	81.19999999999216	194.45440673828125	275.56896801826684	1.29e+03	5.428599119186401	0:01
81.4%	40700	81.39999999999169	220.298583984375	294.49487695475364	1.29e+03	5.441411018371582	0:01
81.6%	40800	81.59999999999123	229.51068115234375	285.33889997612397	1.29e+03	5.455230951309204	0:01
81.8%	40900	81.79999999999076	231.17486572265625	294.39942712408924	1.29e+03	5.468161106109619	0:01
82.0%	41000	81.9999999999903	225.60650634765625	291.1434632444307	1.29e+03	5.482386112213135	0:01
82.2%	41100	82.19999999998983	298.2054443359375	311.97523361150013	1.29e+03	5.496191024780273	0:01
82.4%	41200	82.39999999998936	289.390380859375	321.9161999998953	1.29e+03	5.510072946548462	0:01
82.6%	41300	82.5999999999889	291.11572265625	322.749228763337	1.29e+03	5.523870229721069	0:01
82.8%	41400	82.79999999998843	249.46624755859375	311.3542922170464	1.29e+03	5.537705183029175	0:01
83.0%	41500	82.99999999998796	272.45758056640625	324.36093293740646	1.29e+03	5.550650119781494	0:01
83.2%	41600	83.1999999999875	261.25213623046875	286.20270683145515	1.29e+03	5.564363956451416	0:01
83.4%	41700	83.39999999998703	259.75592041015625	297.91529828830454	1.29e+03	5.5776941776275635	0:01
83.6%	41800	83.59999999998657	260.0622863769531	299.6423910098323	1.29e+03	5.59127402305603	0:01
83.8%	41900	83.7999999999861	299.946044921875	285.3447294097951	1.29e+03	5.605089902877808	0:01
84.0%	42000	83.99999999998563	253.4794921875	297.7834918319039	1.29e+03	5.618896007537842	0:01
84.2%	42100	84.19999999998517	252.01953125	284.62330414978703	1.29e+03	5.633826017379761	0:01
84.4%	42200	84.3999999999847	242.074951171875	280.7482724307522	1.29e+03	5.64920711517334	0:01
84.6%	42300	84.59999999998423	189.9405517578125	273.1371423199476	1.29e+03	5.663351058959961	0:01
84.8%	42400	84.79999999998377	245.1851806640625	269.34408587140155	1.29e+03	5.677438259124756	0:01
85.0%	42500	84.9999999999833	238.86480712890625	284.4050586468594	1.29e+03	5.6917030811309814	0:01
85.2%	42600	85.19999999998284	227.40487670898438	277.0974654677945	1.29e+03	5.7040019035339355	0:00
85.4%	42700	85.39999999998237	219.748046875	300.1149391950498	1.29e+03	5.716894865036011	0:00
85.6%	42800	85.5999999999819	230.82513427734375	320.4079778466152	1.29e+03	5.7306599617004395	0:00
85.8%	42900	85.79999999998144	156.9403076171875	313.2171542986594	1.29e+03	5.743215084075928	0:00
86.0%	43000	85.99999999998097	245.9931640625	288.3418982915555	1.29e+03	5.755577087402344	0:00
86.2%	43100	86.1999999999805	220.22103881835938	293.61174043705915	1.29e+03	5.769513130187988	0:00
86.4%	43200	86.39999999998004	232.93255615234375	290.244103229982	1.29e+03	5.782415151596069	0:00
86.6%	43300	86.59999999997957	206.78741455078125	303.94987998592256	1.29e+03	5.795826196670532	0:00
86.8%	43400	86.79999999997911	216.3875732421875	295.98417522518065	1.29e+03	5.808568000793457	0:00
87.0%	43500	86.99999999997864	236.90631103515625	283.6630429045281	1.29e+03	5.82098913192749	0:00
87.2%	43600	87.19999999997817	206.4658203125	296.81978289830005	1.29e+03	5.833784103393555	0:00
87.4%	43700	87.39999999997771	188.70223999023438	324.05460768004025	1.29e+03	5.846429109573364	0:00
87.6%	43800	87.59999999997724	273.603759765625	321.74955261005135	1.29e+03	5.860311031341553	0:00
87.8%	43900	87.79999999997678	236.5208740234375	330.4582386518016	1.29e+03	5.872777938842773	0:00
88.0%	44000	87.99999999997631	234.25384521484375	308.2655360051928	1.29e+03	5.885390043258667	0:00
88.2%	44100	88.19999999997584	219.20144653320312	285.23114979954755	1.29e+03	5.899899005889893	0:00
88.4%	44200	88.39999999997538	213.939208984375	304.7378773991677	1.29e+03	5.913919925689697	0:00
88.6%	44300	88.59999999997491	261.79571533203125	303.34312323729296	1.29e+03	5.926398277282715	0:00
88.8%	44400	88.79999999997445	242.1405029296875	330.19876180912536	1.29e+03	5.940347194671631	0:00
89.0%	44500	88.99999999997398	239.97576904296875	310.9628223289604	1.29e+03	5.9537060260772705	0:00
89.2%	44600	89.19999999997351	236.24322509765625	298.0084070095651	1.29e+03	5.965816974639893	0:00
89.4%	44700	89.39999999997305	189.13134765625	302.0014022132274	1.29e+03	5.979875087738037	0:00
89.6%	44800	89.59999999997258	226.9083251953125	276.19607100233986	1.29e+03	5.9936418533325195	0:00
89.8%	44900	89.79999999997212	207.49423217773438	303.17788145517414	1.29e+03	6.006433963775635	0:00
90.0%	45000	89.99999999997165	195.4208984375	283.9903665981431	1.29e+03	6.019024133682251	0:00
90.2%	45100	90.19999999997118	201.89752197265625	291.726550930628	1.29e+03	6.032049179077148	0:00
90.4%	45200	90.39999999997072	243.91726684570312	266.41030549419355	1.29e+03	6.044464111328125	0:00
90.6%	45300	90.59999999997025	249.72833251953125	283.5705152915971	1.29e+03	6.057152032852173	0:00
90.8%	45400	90.79999999996978	243.23443603515625	282.845411678354	1.29e+03	6.0712339878082275	0:00
91.0%	45500	90.99999999996932	264.92852783203125	288.2544550257325	1.29e+03	6.083745002746582	0:00
91.2%	45600	91.19999999996885	225.091064453125	320.75501526153164	1.29e+03	6.096424102783203	0:00
91.4%	45700	91.39999999996839	239.397216796875	295.1242272339492	1.29e+03	6.108958959579468	0:00
91.6%	45800	91.59999999996792	275.70458984375	278.24654214370815	1.29e+03	6.1214439868927	0:00
91.8%	45900	91.79999999996745	169.81137084960938	282.68605007690934	1.29e+03	6.1340460777282715	0:00
92.0%	46000	91.99999999996699	175.44146728515625	272.3444674356467	1.29e+03	6.146542072296143	0:00
92.2%	46100	92.19999999996652	208.07012939453125	296.2651429556354	1.29e+03	6.1596999168396	0:00
92.4%	46200	92.39999999996606	238.82330322265625	266.77029524899746	1.29e+03	6.173036098480225	0:00
92.6%	46300	92.59999999996559	201.3828125	313.06533725995644	1.29e+03	6.186771869659424	0:00
92.8%	46400	92.79999999996512	261.6224060058594	304.9373845146571	1.29e+03	6.199143171310425	0:00
93.0%	46500	92.99999999996466	265.7518310546875	319.7265482295889	1.29e+03	6.211764097213745	0:00
93.2%	46600	93.19999999996419	273.423095703125	280.3651910755484	1.29e+03	6.224202871322632	0:00
93.4%	46700	93.39999999996373	257.694091796875	292.8052415159866	1.29e+03	6.23770809173584	0:00
93.6%	46800	93.59999999996326	248.90057373046875	310.46742389558773	1.29e+03	6.250881910324097	0:00
93.8%	46900	93.7999999999628	308.2352294921875	262.7127535530817	1.29e+03	6.264418125152588	0:00
94.0%	47000	93.99999999996233	278.40960693359375	296.69293754790027	1.29e+03	6.277166128158569	0:00
94.2%	47100	94.19999999996186	259.08685302734375	338.8673547443679	1.29e+03	6.291473150253296	0:00
94.4%	47200	94.3999999999614	269.10296630859375	308.6696459456562	1.29e+03	6.304103136062622	0:00
94.6%	47300	94.59999999996093	268.991455078125	312.19011559452775	1.29e+03	6.316617250442505	0:00
94.8%	47400	94.79999999996046	313.5841064453125	307.4054982950092	1.29e+03	6.329397916793823	0:00
95.0%	47500	94.99999999996	254.04574584960938	308.84960208594185	1.29e+03	6.341756105422974	0:00
95.2%	47600	95.19999999995953	269.11248779296875	303.8932574317092	1.29e+03	6.354827880859375	0:00
95.4%	47700	95.39999999995906	290.72265625	301.48647441026293	1.29e+03	6.368621110916138	0:00
95.6%	47800	95.5999999999586	276.81744384765625	301.23905076264936	1.29e+03	6.383196115493774	0:00
95.8%	47900	95.79999999995813	246.98175048828125	297.0966223326804	1.29e+03	6.395856142044067	0:00
96.0%	48000	95.99999999995767	255.78707885742188	278.3972232604078	1.29e+03	6.410077095031738	0:00
96.2%	48100	96.1999999999572	228.08447265625	296.1235943441529	1.29e+03	6.424211263656616	0:00
96.4%	48200	96.39999999995673	243.57904052734375	278.0088827185938	1.29e+03	6.43850302696228	0:00
96.6%	48300	96.59999999995627	253.20611572265625	296.9938336251625	1.29e+03	6.451295852661133	0:00
96.8%	48400	96.7999999999558	282.72344970703125	275.00475909948847	1.29e+03	6.465094089508057	0:00
97.0%	48500	96.99999999995534	253.0089111328125	274.3333300441616	1.29e+03	6.479220151901245	0:00
97.2%	48600	97.19999999995487	253.41357421875	290.4309485381322	1.29e+03	6.492051839828491	0:00
97.4%	48700	97.3999999999544	237.081787109375	282.1171610208862	1.29e+03	6.505913972854614	0:00
97.6%	48800	97.59999999995394	217.01675415039062	295.6204848404381	1.29e+03	6.519289970397949	0:00
97.8%	48900	97.79999999995347	258.69525146484375	297.0741085716179	1.29e+03	6.533178091049194	0:00
98.0%	49000	97.999999999953	232.51739501953125	302.0883475566012	1.29e+03	6.54747200012207	0:00
98.2%	49100	98.19999999995254	227.06771850585938	294.23807611485415	1.29e+03	6.560853004455566	0:00
98.4%	49200	98.39999999995207	282.28387451171875	301.57000633321326	1.29e+03	6.574212074279785	0:00
98.6%	49300	98.5999999999516	325.17730712890625	285.73183364368714	1.29e+03	6.588234901428223	0:00
98.8%	49400	98.79999999995114	302.83319091796875	294.24838164887075	1.29e+03	6.60096001625061	0:00
99.0%	49500	98.99999999995067	276.77850341796875	310.4613732886002	1.29e+03	6.615138053894043	0:00
99.2%	49600	99.19999999995021	269.26959228515625	325.259137051121	1.29e+03	6.62886118888855	0:00
99.4%	49700	99.39999999994974	290.99163818359375	291.3868409712347	1.29e+03	6.641546964645386	0:00
99.6%	49800	99.59999999994928	238.45095825195312	306.5013762499991	1.29e+03	6.654141187667847	0:00
99.8%	49900	99.79999999994881	306.1214599609375	284.85583591929543	1.29e+03	6.666810035705566	0:00
100.0%	50000	99.99999999994834	260.9508972167969	309.4521570760756	1.29e+03	6.684798240661621	0:00
